Log file open, 10/11/17 17:13:26
LogWindows: Failed to load 'aqProf.dll' (GetLastError=126)
LogWindows: File 'aqProf.dll' does not exist
LogWindows: Failed to load 'VSPerf140.dll' (GetLastError=126)
LogWindows: File 'VSPerf140.dll' does not exist
LogWindows: Failed to load 'VtuneApi.dll' (GetLastError=126)
LogWindows: File 'VtuneApi.dll' does not exist
LogWindows: Failed to load 'VtuneApi32e.dll' (GetLastError=126)
LogWindows: File 'VtuneApi32e.dll' does not exist
LogInit: Display: Running engine for game: GameDevTutorial2
LogPlatformFile: Not using cached read wrapper
LogInit: Display: RandInit(1316913011) SRandInit(1316913011).
LogTaskGraph: Started task graph with 5 named threads and 14 total threads with 3 sets of task threads.
LogStats: Stats thread started at 0.262446
LogD3D11RHI: Aftermath initialized
LogPluginManager: Mounting plugin Paper2D
LogPluginManager: Mounting plugin LightPropagationVolume
LogPluginManager: Mounting plugin CodeLiteSourceCodeAccess
LogPluginManager: Mounting plugin GitSourceControl
LogPluginManager: Mounting plugin KDevelopSourceCodeAccess
LogPluginManager: Mounting plugin NullSourceCodeAccess
LogPluginManager: Mounting plugin PerforceSourceControl
LogPluginManager: Mounting plugin SubversionSourceControl
LogPluginManager: Mounting plugin UObjectPlugin
LogPluginManager: Mounting plugin VisualStudioSourceCodeAccess
LogPluginManager: Mounting plugin XCodeSourceCodeAccess
LogPluginManager: Mounting plugin AssetManagerEditor
LogPluginManager: Mounting plugin AudioCapture
LogPluginManager: Mounting plugin FacialAnimation
LogPluginManager: Mounting plugin GameplayTagsEditor
LogPluginManager: Mounting plugin MobileLauncherProfileWizard
LogPluginManager: Mounting plugin PluginBrowser
LogPluginManager: Mounting plugin SpeedTreeImporter
LogPluginManager: Mounting plugin AlembicImporter
LogPluginManager: Mounting plugin CharacterAI
LogPluginManager: Mounting plugin HTML5Networking
LogPluginManager: Mounting plugin AndroidMedia
LogPluginManager: Mounting plugin AvfMedia
LogPluginManager: Mounting plugin MediaPlayerEditor
LogPluginManager: Mounting plugin WmfMedia
LogPluginManager: Mounting plugin TcpMessaging
LogPluginManager: Mounting plugin UdpMessaging
LogPluginManager: Mounting plugin LevelSequenceEditor
LogPluginManager: Mounting plugin MatineeToLevelSequence
LogPluginManager: Mounting plugin OnlineSubsystemGooglePlay
LogPluginManager: Mounting plugin OnlineSubsystemIOS
LogPluginManager: Mounting plugin OnlineSubsystem
LogPluginManager: Mounting plugin OnlineSubsystemNull
LogPluginManager: Mounting plugin OnlineSubsystemUtils
LogPluginManager: Mounting plugin AndroidDeviceProfileSelector
LogPluginManager: Mounting plugin AndroidMoviePlayer
LogPluginManager: Mounting plugin AndroidPermission
LogPluginManager: Mounting plugin AppleMoviePlayer
LogPluginManager: Mounting plugin ArchVisCharacter
LogPluginManager: Mounting plugin CableComponent
LogPluginManager: Mounting plugin CustomMeshComponent
LogPluginManager: Mounting plugin ExampleDeviceProfileSelector
LogPluginManager: Mounting plugin GoogleCloudMessaging
LogPluginManager: Mounting plugin ImmediatePhysics
LogPluginManager: Mounting plugin IOSDeviceProfileSelector
LogPluginManager: Mounting plugin LinuxDeviceProfileSelector
LogPluginManager: Mounting plugin LocationServicesBPLibrary
LogPluginManager: Mounting plugin MobilePatchingUtils
LogPluginManager: Mounting plugin OculusVR
LogPluginManager: Mounting plugin PhysXVehicles
LogPluginManager: Mounting plugin ProceduralMeshComponent
LogPluginManager: Mounting plugin RuntimePhysXCooking
LogPluginManager: Mounting plugin SteamVR
LogPluginManager: Mounting plugin WindowsMoviePlayer
LogInit: Using libcurl 7.47.1
LogInit:  - built for x86_64-pc-win32
LogInit:  - supports SSL with OpenSSL/1.0.2g
LogInit:  - supports HTTP deflate (compression) using libz 1.2.8
LogInit:  - other features:
LogInit:      CURL_VERSION_SSL
LogInit:      CURL_VERSION_LIBZ
LogInit:      CURL_VERSION_IPV6
LogInit:      CURL_VERSION_ASYNCHDNS
LogInit:      CURL_VERSION_LARGEFILE
LogInit:      CURL_VERSION_IDN
LogInit:  CurlRequestOptions (configurable via config and command line):
LogInit:  - bVerifyPeer = false  - Libcurl will NOT verify peer certificate
LogInit:  - bUseHttpProxy = false  - Libcurl will NOT use HTTP proxy
LogInit:  - bDontReuseConnections = false  - Libcurl will reuse connections
LogInit:  - CertBundlePath = nullptr  - Libcurl will use whatever was configured at build time.
LogInit: Build: ++UE4+Release-4.17-CL-3658906
LogInit: Engine Version: 4.17.2-3658906+++UE4+Release-4.17
LogInit: Compatible Engine Version: 4.17.0-3573198+++UE4+Release-4.17
LogInit: Net CL: 3573198
LogDevObjectVersion: Number of dev versions registered: 16
LogDevObjectVersion:   Dev-Blueprints (B0D832E4-1F89-4F0D-ACCF-7EB736FD4AA2): 10
LogDevObjectVersion:   Dev-Build (E1C64328-A22C-4D53-A36C-8E866417BD8C): 0
LogDevObjectVersion:   Dev-Core (375EC13C-06E4-48FB-B500-84F0262A717E): 2
LogDevObjectVersion:   Dev-Editor (E4B068ED-F494-42E9-A231-DA0B2E46BB41): 20
LogDevObjectVersion:   Dev-Framework (CFFC743F-43B0-4480-9391-14DF171D2073): 28
LogDevObjectVersion:   Dev-Mobile (B02B49B5-BB20-44E9-A304-32B752E40360): 0
LogDevObjectVersion:   Dev-Networking (A4E4105C-59A1-49B5-A7C5-40C4547EDFEE): 0
LogDevObjectVersion:   Dev-Online (39C831C9-5AE6-47DC-9A44-9C173E1C8E7C): 0
LogDevObjectVersion:   Dev-Physics (78F01B33-EBEA-4F98-B9B4-84EACCB95AA2): 0
LogDevObjectVersion:   Dev-Platform (6631380F-2D4D-43E0-8009-CF276956A95A): 0
LogDevObjectVersion:   Dev-Rendering (12F88B9F-8875-4AFC-A67C-D90C383ABD29): 19
LogDevObjectVersion:   Dev-Sequencer (7B5AE74C-D270-4C10-A958-57980B212A5A): 4
LogDevObjectVersion:   Dev-VR (D7296918-1DD6-4BDD-9DE2-64A83CC13884): 0
LogDevObjectVersion:   Dev-LoadTimes (C2A15278-BFE7-4AFE-6C17-90FF531DF755): 1
LogDevObjectVersion:   Private-Geometry (6EACA3D4-40EC-4CC1-B786-8BED09428FC5): 1
LogDevObjectVersion:   Dev-AnimPhys (29E575DD-E0A3-4627-9D10-D276232CDCEA): 7
LogInit: Compiled (64-bit): Sep 22 2017 13:47:16
LogInit: Compiled with Visual C++: 19.00.24215.01
LogInit: Build Configuration: Development
LogInit: Branch Name: ++UE4+Release-4.17
LogInit: Command line: -EpicPortal 
LogInit: Base directory: C:/Program Files/Epic Games/UE_4.17/Engine/Binaries/Win64/
LogInit: Installed Engine Build: 1
LogInit: Presizing for max 8388607 objects, including 0 objects not considered by GC, pre-allocating 0 bytes for permanent pool.
LogInit: Object subsystem initialized
[2017.10.11-10.13.33:399][  0]LogInit: Selected Device Profile: [Windows]
[2017.10.11-10.13.33:399][  0]LogInit: Applying CVar settings loaded from the selected device profile: [Windows]
[2017.10.11-10.13.33:426][  0]LogInit: Computer: SARAS117
[2017.10.11-10.13.33:426][  0]LogInit: User: Admin
[2017.10.11-10.13.33:426][  0]LogInit: CPU Page size=4096, Cores=4
[2017.10.11-10.13.33:426][  0]LogInit: High frequency timer resolution =2.742190 MHz
[2017.10.11-10.13.33:426][  0]LogMemory: Memory total: Physical=7.9GB (8GB approx)
[2017.10.11-10.13.33:426][  0]LogMemory: Platform Memory Stats for Windows
[2017.10.11-10.13.33:426][  0]LogMemory: Process Physical Memory: 279.05 MB used, 279.05 MB peak
[2017.10.11-10.13.33:426][  0]LogMemory: Process Virtual Memory: 282.19 MB used, 282.19 MB peak
[2017.10.11-10.13.33:426][  0]LogMemory: Physical Memory: 1997.76 MB used,  6079.06 MB free, 8076.82 MB total
[2017.10.11-10.13.33:426][  0]LogMemory: Virtual Memory: 676.78 MB used,  6079.06 MB free, 134217728.00 MB total
[2017.10.11-10.13.33:620][  0]LogInit: Using OS detected language (en-US).
[2017.10.11-10.13.33:620][  0]LogInit: Using OS detected locale (en-US).
[2017.10.11-10.13.33:623][  0]LogTextLocalizationManager: No specific localization for 'en-US' exists, so the 'en' localization will be used.
[2017.10.11-10.13.34:333][  0]LogD3D11RHI: D3D11 adapters:
[2017.10.11-10.13.34:913][  0]LogD3D11RHI:    0. 'NVIDIA GeForce GTX 1050' (Feature Level 11_0)
[2017.10.11-10.13.34:913][  0]LogD3D11RHI:       1974/0/4038 MB DedicatedVideo/DedicatedSystem/SharedSystem, Outputs:1, VendorId:0x10de
[2017.10.11-10.13.34:920][  0]LogD3D11RHI:    1. 'Intel(R) HD Graphics 630' (Feature Level 11_0)
[2017.10.11-10.13.34:920][  0]LogD3D11RHI:       128/0/4038 MB DedicatedVideo/DedicatedSystem/SharedSystem, Outputs:0, VendorId:0x8086
[2017.10.11-10.13.34:921][  0]LogD3D11RHI:    2. 'Microsoft Basic Render Driver' (Feature Level 11_0)
[2017.10.11-10.13.34:921][  0]LogD3D11RHI:       0/0/4038 MB DedicatedVideo/DedicatedSystem/SharedSystem, Outputs:0, VendorId:0x1414
[2017.10.11-10.13.34:921][  0]LogD3D11RHI: Chosen D3D11 Adapter: 0
[2017.10.11-10.13.34:928][  0]LogD3D11RHI: Creating new Direct3DDevice
[2017.10.11-10.13.34:928][  0]LogD3D11RHI:     GPU DeviceId: 0x1c8d (for the marketing name, search the web for "GPU Device Id")
[2017.10.11-10.13.34:928][  0]LogWindows: EnumDisplayDevices:
[2017.10.11-10.13.34:928][  0]LogWindows:    0. 'Intel(R) HD Graphics 630' (P:1 D:1)
[2017.10.11-10.13.34:928][  0]LogWindows:    1. 'Intel(R) HD Graphics 630' (P:0 D:0)
[2017.10.11-10.13.34:928][  0]LogWindows:    2. 'Intel(R) HD Graphics 630' (P:0 D:0)
[2017.10.11-10.13.34:928][  0]LogWindows: DebugString: PrimaryIsNotTheChoosenAdapter PrimaryIsNotTheChoosenAdapter PrimaryIsNotTheChoosenAdapter FoundDriverCount:0 
[2017.10.11-10.13.34:928][  0]LogD3D11RHI:     Adapter Name: NVIDIA GeForce GTX 1050
[2017.10.11-10.13.34:928][  0]LogD3D11RHI:   Driver Version: Unknown (internal:Unknown, unified:Unknown)
[2017.10.11-10.13.34:928][  0]LogD3D11RHI:      Driver Date: Unknown
[2017.10.11-10.13.34:928][  0]LogRHI: Texture pool is 1361 MB (70% of 1945 MB)
[2017.10.11-10.13.35:473][  0]LogD3D11RHI: Async texture creation enabled
[2017.10.11-10.13.35:564][  0]LogD3D11RHI: GPU Timing Frequency: 1000.000000 (Debug: 2 1)
[2017.10.11-10.13.35:565][  0]LogShaderCompilers: Guid format shader working directory is 9 characters bigger than the processId version (D:/Workspace/Unreal/GameDevTutorial2/Intermediate/Shaders/WorkingDirectory/10948/).
[2017.10.11-10.13.35:565][  0]LogShaderCompilers: Cleaned the shader compiler working directory 'C:/Users/Admin/AppData/Local/Temp/UnrealShaderWorkingDir/8C5D5A8044DE923876083DB5500DCB7F/'.
[2017.10.11-10.13.35:565][  0]LogShaderCompilers: Display: Using Local Shader Compiler.
[2017.10.11-10.13.36:414][  0]LogTemp: Display: Loaded TP AllDesktopTargetPlatform
[2017.10.11-10.13.36:467][  0]LogTemp: Display: Loaded TP MacClientTargetPlatform
[2017.10.11-10.13.36:518][  0]LogTemp: Display: Loaded TP MacNoEditorTargetPlatform
[2017.10.11-10.13.36:568][  0]LogTemp: Display: Loaded TP MacServerTargetPlatform
[2017.10.11-10.13.36:619][  0]LogTemp: Display: Loaded TP MacTargetPlatform
[2017.10.11-10.13.36:669][  0]LogTemp: Display: Loaded TP WindowsClientTargetPlatform
[2017.10.11-10.13.36:718][  0]LogTemp: Display: Loaded TP WindowsNoEditorTargetPlatform
[2017.10.11-10.13.36:768][  0]LogTemp: Display: Loaded TP WindowsServerTargetPlatform
[2017.10.11-10.13.36:811][  0]LogTemp: Display: Loaded TP WindowsTargetPlatform
[2017.10.11-10.13.36:860][  0]LogTemp: Display: Loaded TP AndroidTargetPlatform
[2017.10.11-10.13.36:909][  0]LogTemp: Display: Loaded TP Android_ASTCTargetPlatform
[2017.10.11-10.13.36:958][  0]LogTemp: Display: Loaded TP Android_ATCTargetPlatform
[2017.10.11-10.13.37:006][  0]LogTemp: Display: Loaded TP Android_DXTTargetPlatform
[2017.10.11-10.13.37:054][  0]LogTemp: Display: Loaded TP Android_ETC1TargetPlatform
[2017.10.11-10.13.37:107][  0]LogTemp: Display: Loaded TP Android_ETC2TargetPlatform
[2017.10.11-10.13.37:211][  0]LogTemp: Display: Loaded TP Android_MultiTargetPlatform
[2017.10.11-10.13.37:211][  0]LogTemp: Display: Loaded TP Android_PVRTCTargetPlatform
[2017.10.11-10.13.37:251][  0]LogTemp: Display: Loaded TP HTML5TargetPlatform
[2017.10.11-10.13.37:345][  0]LogTemp: Display: Loaded TP IOSTargetPlatform
[2017.10.11-10.13.37:374][  0]LogTemp: Display: Loaded TP TVOSTargetPlatform
[2017.10.11-10.13.37:425][  0]LogTemp: Display: Loaded TP LinuxClientTargetPlatform
[2017.10.11-10.13.37:474][  0]LogTemp: Display: Loaded TP LinuxNoEditorTargetPlatform
[2017.10.11-10.13.37:524][  0]LogTemp: Display: Loaded TP LinuxServerTargetPlatform
[2017.10.11-10.13.37:575][  0]LogTemp: Display: Loaded TP LinuxTargetPlatform
[2017.10.11-10.13.37:575][  0]LogTargetPlatformManager: Display: Building Assets For Windows
[2017.10.11-10.13.38:091][  0]LogDerivedDataCache: Display: Max Cache Size: 512 MB
[2017.10.11-10.13.40:195][  0]LogDerivedDataCache: Loaded boot cache 0.65s 93MB C:/Users/Admin/AppData/Local/UnrealEngine/4.17/DerivedDataCache/Boot.ddc.
[2017.10.11-10.13.40:449][  0]LogDerivedDataCache: Display: Loaded Boot cache: C:/Users/Admin/AppData/Local/UnrealEngine/4.17/DerivedDataCache/Boot.ddc
[2017.10.11-10.13.40:449][  0]LogDerivedDataCache: FDerivedDataBackendGraph:  Pak pak cache file D:/Workspace/Unreal/GameDevTutorial2/DerivedDataCache/DDC.ddp not found, will not use a pak cache.
[2017.10.11-10.13.40:449][  0]LogDerivedDataCache: Unable to find inner node Pak for hierarchical cache Hierarchy.
[2017.10.11-10.13.40:449][  0]LogDerivedDataCache: FDerivedDataBackendGraph:  CompressedPak pak cache file D:/Workspace/Unreal/GameDevTutorial2/DerivedDataCache/Compressed.ddp not found, will not use a pak cache.
[2017.10.11-10.13.40:449][  0]LogDerivedDataCache: Unable to find inner node CompressedPak for hierarchical cache Hierarchy.
[2017.10.11-10.13.40:491][  0]LogDerivedDataCache: Display: Pak cache opened for reading ../../../Engine/DerivedDataCache/Compressed.ddp.
[2017.10.11-10.13.40:505][  0]LogDerivedDataCache: Using Local data cache path C:/Users/Admin/AppData/Local/UnrealEngine/Common/DerivedDataCache: Writable
[2017.10.11-10.13.40:516][  0]LogMaterial: Verifying Global Shaders for PCD3D_SM5
[2017.10.11-10.13.40:516][  0]LogSlate: Using Freetype 2.6.0
[2017.10.11-10.13.40:517][  0]LogSlate: SlateFontCache - WITH_FREETYPE: 1, WITH_HARFBUZZ: 1
[2017.10.11-10.13.40:517][  0]LogSlate: SlateFontCache - WITH_FREETYPE: 1, WITH_HARFBUZZ: 1
[2017.10.11-10.13.40:764][  0]LogAssetRegistry: FAssetRegistry took 0.0253 seconds to start up
[2017.10.11-10.13.40:866][  0]LogInit: Selected Device Profile: [Windows]
[2017.10.11-10.13.41:699][  0]LogContentStreaming: Texture pool size is 0.00 MB
[2017.10.11-10.13.41:999][  0]LogSimplygon: Simplygon DLL not present - disabling.
[2017.10.11-10.13.42:041][  0]LogMeshReduction: Using SimplygonSwarm for distributed automatic mesh merging
[2017.10.11-10.13.42:041][  0]LogMeshReduction: Using QuadricMeshReduction for automatic static mesh reduction
[2017.10.11-10.13.42:041][  0]LogMeshReduction: No automatic skeletal mesh reduction module available
[2017.10.11-10.13.42:041][  0]LogMeshReduction: No automatic mesh merging module available
[2017.10.11-10.13.42:041][  0]LogMeshMerging: No automatic mesh merging module available
[2017.10.11-10.13.42:416][  0]LogNetVersion: GameDevTutorial2 , NetCL: 3573198, EngineNetVer: 2, GameNetVer: 0 (Checksum: 3366423124)
[2017.10.11-10.13.42:703][  0]LogPackageLocalizationCache: Processed 5 localized package path(s) for 2 prioritized culture(s) in 0.098066 seconds
[2017.10.11-10.13.42:711][  0]LogUObjectArray: 35825 objects as part of root set at end of initial load.
[2017.10.11-10.13.42:711][  0]LogUObjectAllocator: 7529104 out of 0 bytes used by permanent object pool.
[2017.10.11-10.13.42:711][  0]LogUObjectArray: CloseDisregardForGC: 0/0 objects in disregard for GC pool
[2017.10.11-10.13.42:785][  0]LogInit: WinSock: version 1.1 (2.2), MaxSocks=32767, MaxUdp=65467
[2017.10.11-10.13.45:525][  0]LogTcpMessaging: Initializing TcpMessaging bridge
[2017.10.11-10.13.45:567][  0]LogUdpMessaging: Initializing bridge on interface 0.0.0.0:0 to multicast group 230.0.0.1:6666.
[2017.10.11-10.13.46:287][  0]LogMaterial: Uniform references updated for custom material expression Custom.
[2017.10.11-10.13.46:696][  0]SourceControl: Source control is disabled
[2017.10.11-10.13.46:696][  0]SourceControl: Source control is disabled
[2017.10.11-10.13.46:745][  0]SourceControl: Source control is disabled
[2017.10.11-10.13.46:795][  0]SourceControl: Source control is disabled
[2017.10.11-10.13.47:397][  0]LogAndroidPermission: UAndroidPermissionCallbackProxy::GetInstance
[2017.10.11-10.13.47:649][  0]LogOcInput: OculusInput pre-init called
[2017.10.11-10.13.47:911][  0]LogEngine: Initializing Engine...
[2017.10.11-10.13.47:913][  0]LogHMD: Failed to initialize OpenVR with code 110
[2017.10.11-10.13.48:153][  0]LogStats: UGameplayTagsManager::ConstructGameplayTagTree: Construct from data asset -  0.000 s
[2017.10.11-10.13.48:153][  0]LogStats: UGameplayTagsManager::ConstructGameplayTagTree: GameplayTagTreeChangedEvent.Broadcast -  0.000 s
[2017.10.11-10.13.48:298][  0]LogAIModule: Creating AISystem for world Untitled
[2017.10.11-10.13.48:304][  0]LogInit: XAudio2 using 'Speakers (Realtek High Definition Audio)' : 2 channels at 48 kHz using 32 bits per sample (channel mask 0x3)
[2017.10.11-10.13.48:389][  0]LogInit: FAudioDevice initialized.
[2017.10.11-10.14.27:439][  0]LogDerivedDataCache: Saved boot cache 39.05s 93MB C:/Users/Admin/AppData/Local/UnrealEngine/4.17/DerivedDataCache/Boot.ddc.
[2017.10.11-10.14.27:471][  0]LogInit: Texture streaming: Enabled
[2017.10.11-10.14.27:598][  0]LogEngineSessionManager: EngineSessionManager initialized
[2017.10.11-10.14.27:860][  0]LogInit: Transaction tracking system initialized
[2017.10.11-10.14.28:182][  0]BlueprintLog: New page: Editor Load
[2017.10.11-10.14.29:112][  0]LocalizationService: Localization service is disabled
[2017.10.11-10.14.29:817][  0]LogConsoleResponse: Display: 
[2017.10.11-10.14.30:058][  0]LogCook: Display: Max memory allowance for cook 16384mb min free memory 0mb
[2017.10.11-10.14.30:058][  0]LogCook: Display: Mobile HDR setting 1
[2017.10.11-10.14.30:058][  0]LogGameplayTags: Display: UGameplayTagsManager::DoneAddingNativeTags. DelegateIsBound: 0
[2017.10.11-10.14.30:064][  0]LogFileCache: Scanning file cache for directory 'D:/Workspace/Unreal/GameDevTutorial2/Content/' took 0.02s
[2017.10.11-10.14.31:148][  0]SourceControl: Source control is disabled
[2017.10.11-10.14.31:148][  0]Cmd: MAP LOAD FILE="D:/Workspace/Unreal/GameDevTutorial2/Content/2DSideScrollerBP/Maps/2DSideScrollerExampleMap.umap" TEMPLATE=0 SHOWPROGRESS=1 FEATURELEVEL=3
[2017.10.11-10.14.31:148][  0]LightingResults: New page: Lighting Build
[2017.10.11-10.14.31:190][  0]MapCheck: New page: Map Check
[2017.10.11-10.14.31:191][  0]LightingResults: New page: Lighting Build
[2017.10.11-10.14.32:021][  0]LogAIModule: Creating AISystem for world 2DSideScrollerExampleMap
[2017.10.11-10.14.32:149][  0]LogEditorServer: Finished looking for orphan Actors (0.000 secs)
[2017.10.11-10.14.32:183][  0]Cmd: MAP CHECKDEP NOCLEARLOG
[2017.10.11-10.14.32:235][  0]MapCheck: Map check complete: 0 Error(s), 0 Warning(s), took 51.365ms to complete.
[2017.10.11-10.14.32:235][  0]LogFileHelpers: Loading map '2DSideScrollerExampleMap' took 1.087
[2017.10.11-10.14.33:219][  0]LogCollectionManager: Loaded 0 collections in 0.001555 seconds
[2017.10.11-10.14.33:539][  0]LogFileCache: Scanning file cache for directory 'D:/Workspace/Unreal/GameDevTutorial2/Saved/Collections/' took 0.01s
[2017.10.11-10.14.33:539][  0]LogFileCache: Scanning file cache for directory 'D:/Workspace/Unreal/GameDevTutorial2/Content/Developers/Admin/Collections/' took 0.01s
[2017.10.11-10.14.33:539][  0]LogFileCache: Scanning file cache for directory 'D:/Workspace/Unreal/GameDevTutorial2/Content/Collections/' took 0.01s
[2017.10.11-10.14.33:539][  0]LogCollectionManager: Rebuilt the GUID cache for 0 collections in 0.000001 seconds
[2017.10.11-10.14.33:572][  0]LogContentBrowser: Native class hierarchy populated in 0.0294 seconds. Added 2386 classes and 500 folders.
[2017.10.11-10.14.34:214][  0]LogContentBrowser: Native class hierarchy updated for 'WidgetCarousel' in 0.0006 seconds. Added 0 classes and 0 folders.
[2017.10.11-10.14.37:651][  0]LogContentBrowser: Native class hierarchy updated for 'AddContentDialog' in 0.0014 seconds. Added 0 classes and 0 folders.
[2017.10.11-10.14.37:829][  0]LogContentBrowser: Native class hierarchy updated for 'SceneOutliner' in 0.0011 seconds. Added 1 classes and 2 folders.
[2017.10.11-10.14.39:005][  0]LogSlate: Took 0.000672 seconds to synchronously load lazily loaded font '../../../Engine/Content/Slate/Fonts/Roboto-Regular.ttf' (155K)
[2017.10.11-10.14.39:015][  0]LogSlate: Took 0.000841 seconds to synchronously load lazily loaded font '../../../Engine/Content/Slate/Fonts/Roboto-Bold.ttf' (160K)
[2017.10.11-10.14.39:061][  0]LogSlate: Took 0.009892 seconds to synchronously load lazily loaded font '../../../Engine/Content/Editor/Slate/Fonts/FontAwesome.ttf' (139K)
[2017.10.11-10.14.39:679][  0]LogRenderer: Reallocating scene render targets to support 1208x576 Format 10 NumSamples 1 (Frame:1).
[2017.10.11-10.14.40:697][  0]LogContentBrowser: Native class hierarchy updated for 'HierarchicalLODOutliner' in 0.0007 seconds. Added 1 classes and 2 folders.
[2017.10.11-10.14.40:697][  0]LogLoad: (Engine Initialization) Total time: 76.90 seconds
[2017.10.11-10.14.40:697][  0]LogLoad: (Engine Initialization) Total Blueprint compile time: 0.00 seconds
[2017.10.11-10.14.40:697][  0]LogExternalProfiler: No external profilers were discovered.  External profiling features will not be available.
[2017.10.11-10.14.40:731][  0]LogWindowsTextInputMethodSystem: Display: IME system now deactivated.
[2017.10.11-10.14.40:765][  0]LogContentStreaming: Texture pool size now 1000 MB
[2017.10.11-10.14.41:006][  0]LogSlate: Took 0.020900 seconds to synchronously load lazily loaded font '../../../Engine/Content/Slate/Fonts/Roboto-Light.ttf' (159K)
[2017.10.11-10.14.41:027][  1]LogAssetRegistry: Asset discovery search completed in 60.2853 seconds
[2017.10.11-10.14.41:031][  1]LogCollectionManager: Rebuilt the object cache for 0 collections in 0.000003 seconds (found 0 objects)
[2017.10.11-10.14.41:031][  1]LogCollectionManager: Fixed up redirectors for 0 collections in 0.000193 seconds (updated 0 objects)
[2017.10.11-10.15.00:376][179]LogEditorViewport: Clicking on Actor (LMB): PaperSpriteActor (Background_Sprite)
[2017.10.11-10.15.09:801][725]LogEditorViewport: Clicking on Actor (LMB): PaperSpriteActor (Background_Sprite)
[2017.10.11-10.15.21:026][408]LogEditorViewport: Clicking on Actor (LMB): PaperSpriteActor (Background_Sprite)
[2017.10.11-10.15.50:489][ 90]LogEditorViewport: Clicking on Actor (LMB): PaperSpriteActor (Background_Sprite)
[2017.10.11-10.16.07:793][866]LogSlate: Took 0.000454 seconds to synchronously load lazily loaded font '../../../Engine/Content/Slate/Fonts/Roboto-Light.ttf' (159K)
[2017.10.11-10.16.07:978][866]LogAIModule: Creating AISystem for world Level1
[2017.10.11-10.16.11:475][866]Cmd: MAP LOAD FILE="D:/Workspace/Unreal/GameDevTutorial2/Content/2DSideScrollerBP/Blueprints/Level1.umap" TEMPLATE=0 SHOWPROGRESS=1 FEATURELEVEL=3
[2017.10.11-10.16.11:476][866]LightingResults: New page: Lighting Build
[2017.10.11-10.16.11:477][866]LoadErrors: New page: Loading map: Level1.umap
[2017.10.11-10.16.11:478][866]MapCheck: New page: Map Check
[2017.10.11-10.16.11:478][866]LightingResults: New page: Lighting Build
[2017.10.11-10.16.11:621][866]LogEditorServer: Finished looking for orphan Actors (0.000 secs)
[2017.10.11-10.16.11:716][866]Cmd: MAP CHECKDEP NOCLEARLOG
[2017.10.11-10.16.11:799][866]MapCheck: Map check complete: 0 Error(s), 0 Warning(s), took 82.972ms to complete.
[2017.10.11-10.16.11:799][866]LogFileHelpers: Loading map 'Level1' took 0.326
[2017.10.11-10.16.11:800][866]LogSlate: Took 0.000150 seconds to synchronously load lazily loaded font '../../../Engine/Content/Slate/Fonts/Roboto-Regular.ttf' (155K)
[2017.10.11-10.16.14:413][  0]LogTemp: Repeating last play command: Selected Viewport
[2017.10.11-10.16.21:899][  0]LogPlayLevel: PlayLevel: No blueprints needed recompiling
[2017.10.11-10.16.21:974][  0]PIE: New page: PIE session: Level1 (Oct 12, 2017, 12:16:21 AM)
[2017.10.11-10.16.21:987][  0]LogPlayLevel: Creating play world package: /Game/2DSideScrollerBP/Blueprints/UEDPIE_0_Level1
[2017.10.11-10.16.22:009][  0]LogPlayLevel: PIE: StaticDuplicateObject took: (0.021912s)
[2017.10.11-10.16.22:011][  0]LogAIModule: Creating AISystem for world Level1
[2017.10.11-10.16.22:012][  0]LogPlayLevel: PIE: World Init took: (0.002123s)
[2017.10.11-10.16.22:012][  0]LogPlayLevel: PIE: Created PIE world by copying editor world from /Game/2DSideScrollerBP/Blueprints/Level1.Level1 to /Game/2DSideScrollerBP/Blueprints/UEDPIE_0_Level1.Level1 (0.024753s)
[2017.10.11-10.16.22:044][  0]LogInit: XAudio2 using 'Speakers (Realtek High Definition Audio)' : 2 channels at 48 kHz using 32 bits per sample (channel mask 0x3)
[2017.10.11-10.16.22:085][  0]LogInit: FAudioDevice initialized.
[2017.10.11-10.16.22:127][  0]LogLoad: Game class is 'MyGameMode_C'
[2017.10.11-10.16.22:219][  0]LogWorld: Bringing World /Game/2DSideScrollerBP/Blueprints/UEDPIE_0_Level1.Level1 up for play (max tick rate 0) at 2017.10.11-17.16.22
[2017.10.11-10.16.22:247][  0]LogWorld: Bringing up level for play took: 0.034201
[2017.10.11-10.16.22:394][  0]LogContentBrowser: Native class hierarchy updated for 'MovieSceneCapture' in 0.0006 seconds. Added 11 classes and 0 folders.
[2017.10.11-10.16.22:445][  0]PIE: Play in editor start time for /Game/2DSideScrollerBP/Blueprints/UEDPIE_0_Level1 1.34
[2017.10.11-10.16.57:314][124]LogHttp: Warning: 0000020CE87F1180: request failed, libcurl error: 6 (Couldn't resolve host name)
[2017.10.11-10.16.57:314][124]LogHttp: Warning: 0000020CE87F1180: libcurl info message cache 0 (Found bundle for host datarouter.ol.epicgames.com: 0x20ce6a13fe8 [can pipeline])
[2017.10.11-10.16.57:314][124]LogHttp: Warning: 0000020CE87F1180: libcurl info message cache 1 (Re-using existing connection! (#0) with host datarouter.ol.epicgames.com)
[2017.10.11-10.16.57:314][124]LogHttp: Warning: 0000020CE87F1180: libcurl info message cache 2 (Connected to datarouter.ol.epicgames.com (34.225.81.108) port 443 (#0))
[2017.10.11-10.16.57:314][124]LogHttp: Warning: 0000020CE87F1180: libcurl info message cache 3 (upload completely sent off: 888 out of 888 bytes)
[2017.10.11-10.16.57:314][124]LogHttp: Warning: 0000020CE87F1180: libcurl info message cache 4 (TLSv1.2 (IN), TLS alert, Client hello (1):)
[2017.10.11-10.16.57:314][124]LogHttp: Warning: 0000020CE87F1180: libcurl info message cache 5 (Connection died, retrying a fresh connect)
[2017.10.11-10.16.57:314][124]LogHttp: Warning: 0000020CE87F1180: libcurl info message cache 6 (Closing connection 0)
[2017.10.11-10.16.57:314][124]LogHttp: Warning: 0000020CE87F1180: libcurl info message cache 7 (TLSv1.2 (OUT), TLS alert, Client hello (1):)
[2017.10.11-10.16.57:314][124]LogHttp: Warning: 0000020CE87F1180: libcurl info message cache 8 (Issue another request to this URL: 'https://datarouter.ol.epicgames.com/datarouter/api/v1/public/data?SessionID=%7B803033F9-41E7-9DA9-C499-A68B3D8D1CDE%7D&AppID=UEEditor.Rocket.Release&AppVersion=4.17.2-3658906%2B%2B%2BUE4%2BRelease-4.17&UserID=befe8b01461f6b7e699b7b9a4195d0f4%7C65be6e2357b84ad79381b1d7b2492de6%7C453bf187-8ca4-4de6-9f43-d71b1f41d715&AppEnvironment=datacollector-binary&UploadType=eteventstream')
[2017.10.11-10.16.57:314][124]LogHttp: Warning: 0000020CE87F1180: libcurl info message cache 9 (Could not resolve host: datarouter.ol.epicgames.com)
[2017.10.11-10.16.57:314][124]LogHttp: Warning: 0000020CE87F1180: libcurl info message cache 10 (Closing connection 1)
[2017.10.11-10.18.00:028][630]LogTemp: Repeating last play command: Selected Viewport
[2017.10.11-10.18.00:037][630]LogPlayLevel: PlayLevel: No blueprints needed recompiling
[2017.10.11-10.18.00:037][630]PIE: New page: PIE session: Level1 (Oct 12, 2017, 12:18:00 AM)
[2017.10.11-10.18.00:037][630]LogPlayLevel: Creating play world package: /Game/2DSideScrollerBP/Blueprints/UEDPIE_0_Level1
[2017.10.11-10.18.00:039][630]LogPlayLevel: PIE: StaticDuplicateObject took: (0.001186s)
[2017.10.11-10.18.00:039][630]LogAIModule: Creating AISystem for world Level1
[2017.10.11-10.18.00:039][630]LogPlayLevel: PIE: World Init took: (0.000602s)
[2017.10.11-10.18.00:039][630]LogPlayLevel: PIE: Created PIE world by copying editor world from /Game/2DSideScrollerBP/Blueprints/Level1.Level1 to /Game/2DSideScrollerBP/Blueprints/UEDPIE_0_Level1.Level1 (0.001958s)
[2017.10.11-10.18.00:050][630]LogInit: XAudio2 using 'Speakers (Realtek High Definition Audio)' : 2 channels at 48 kHz using 32 bits per sample (channel mask 0x3)
[2017.10.11-10.18.00:083][630]LogInit: FAudioDevice initialized.
[2017.10.11-10.18.00:116][630]LogLoad: Game class is 'MyGameMode_C'
[2017.10.11-10.18.00:118][630]LogWorld: Bringing World /Game/2DSideScrollerBP/Blueprints/UEDPIE_0_Level1.Level1 up for play (max tick rate 0) at 2017.10.11-17.18.00
[2017.10.11-10.18.00:118][630]LogWorld: Bringing up level for play took: 0.002221
[2017.10.11-10.18.00:120][630]PIE: Play in editor start time for /Game/2DSideScrollerBP/Blueprints/UEDPIE_0_Level1 1.015
[2017.10.11-10.18.10:455][238]LogEditorViewport: Clicking on Actor (LMB): PlayerStart (PlayerStart)
[2017.10.11-10.18.16:463][567]LogNavigationPoint: PostEditMove Clear paths rebuilt
[2017.10.11-10.18.43:063][693]Cmd: TRANSACTION UNDO
[2017.10.11-10.18.43:063][693]LogEditorTransaction: Undo Set actor location
[2017.10.11-10.18.43:106][693]LogSlate: Took 0.000249 seconds to synchronously load lazily loaded font '../../../Engine/Content/Slate/Fonts/Roboto-Light.ttf' (159K)
[2017.10.11-10.18.43:461][710]Cmd: TRANSACTION UNDO
[2017.10.11-10.18.43:461][710]LogEditorTransaction: Undo Set actor location
[2017.10.11-10.18.50:221][912]Cmd: TRANSACTION UNDO
[2017.10.11-10.18.50:222][912]LogEditorTransaction: Undo Set actor location
[2017.10.11-10.18.57:096][189]LogTemp: Repeating last play command: Selected Viewport
[2017.10.11-10.18.57:108][189]LogPlayLevel: PlayLevel: No blueprints needed recompiling
[2017.10.11-10.18.57:108][189]PIE: New page: PIE session: Level1 (Oct 12, 2017, 12:18:57 AM)
[2017.10.11-10.18.57:108][189]LogPlayLevel: Creating play world package: /Game/2DSideScrollerBP/Blueprints/UEDPIE_0_Level1
[2017.10.11-10.18.57:110][189]LogPlayLevel: PIE: StaticDuplicateObject took: (0.001467s)
[2017.10.11-10.18.57:110][189]LogAIModule: Creating AISystem for world Level1
[2017.10.11-10.18.57:110][189]LogPlayLevel: PIE: World Init took: (0.000763s)
[2017.10.11-10.18.57:110][189]LogPlayLevel: PIE: Created PIE world by copying editor world from /Game/2DSideScrollerBP/Blueprints/Level1.Level1 to /Game/2DSideScrollerBP/Blueprints/UEDPIE_0_Level1.Level1 (0.002492s)
[2017.10.11-10.18.57:125][189]LogInit: XAudio2 using 'Speakers (Realtek High Definition Audio)' : 2 channels at 48 kHz using 32 bits per sample (channel mask 0x3)
[2017.10.11-10.18.57:162][189]LogInit: FAudioDevice initialized.
[2017.10.11-10.18.57:197][189]LogLoad: Game class is 'MyGameMode_C'
[2017.10.11-10.18.57:199][189]LogWorld: Bringing World /Game/2DSideScrollerBP/Blueprints/UEDPIE_0_Level1.Level1 up for play (max tick rate 0) at 2017.10.11-17.18.57
[2017.10.11-10.18.57:200][189]LogWorld: Bringing up level for play took: 0.001919
[2017.10.11-10.18.57:226][189]PIE: Play in editor start time for /Game/2DSideScrollerBP/Blueprints/UEDPIE_0_Level1 0.12
[2017.10.11-10.19.14:245][195]LogTemp: Repeating last play command: Selected Viewport
[2017.10.11-10.19.14:256][195]LogPlayLevel: PlayLevel: No blueprints needed recompiling
[2017.10.11-10.19.14:257][195]PIE: New page: PIE session: Level1 (Oct 12, 2017, 12:19:14 AM)
[2017.10.11-10.19.14:257][195]LogPlayLevel: Creating play world package: /Game/2DSideScrollerBP/Blueprints/UEDPIE_0_Level1
[2017.10.11-10.19.14:258][195]LogPlayLevel: PIE: StaticDuplicateObject took: (0.001288s)
[2017.10.11-10.19.14:259][195]LogAIModule: Creating AISystem for world Level1
[2017.10.11-10.19.14:259][195]LogPlayLevel: PIE: World Init took: (0.000655s)
[2017.10.11-10.19.14:259][195]LogPlayLevel: PIE: Created PIE world by copying editor world from /Game/2DSideScrollerBP/Blueprints/Level1.Level1 to /Game/2DSideScrollerBP/Blueprints/UEDPIE_0_Level1.Level1 (0.002140s)
[2017.10.11-10.19.14:271][195]LogInit: XAudio2 using 'Speakers (Realtek High Definition Audio)' : 2 channels at 48 kHz using 32 bits per sample (channel mask 0x3)
[2017.10.11-10.19.14:305][195]LogInit: FAudioDevice initialized.
[2017.10.11-10.19.14:339][195]LogLoad: Game class is 'MyGameMode_C'
[2017.10.11-10.19.14:342][195]LogWorld: Bringing World /Game/2DSideScrollerBP/Blueprints/UEDPIE_0_Level1.Level1 up for play (max tick rate 0) at 2017.10.11-17.19.14
[2017.10.11-10.19.14:342][195]LogWorld: Bringing up level for play took: 0.002330
[2017.10.11-10.19.14:344][195]PIE: Play in editor start time for /Game/2DSideScrollerBP/Blueprints/UEDPIE_0_Level1 -0.762
[2017.10.11-10.19.40:626][370]LogTemp: Repeating last play command: Selected Viewport
[2017.10.11-10.19.40:689][370]LogPlayLevel: PlayLevel: No blueprints needed recompiling
[2017.10.11-10.19.40:689][370]PIE: New page: PIE session: Level1 (Oct 12, 2017, 12:19:40 AM)
[2017.10.11-10.19.40:689][370]LogPlayLevel: Creating play world package: /Game/2DSideScrollerBP/Blueprints/UEDPIE_0_Level1
[2017.10.11-10.19.40:691][370]LogPlayLevel: PIE: StaticDuplicateObject took: (0.001442s)
[2017.10.11-10.19.40:692][370]LogAIModule: Creating AISystem for world Level1
[2017.10.11-10.19.40:692][370]LogPlayLevel: PIE: World Init took: (0.000786s)
[2017.10.11-10.19.40:692][370]LogPlayLevel: PIE: Created PIE world by copying editor world from /Game/2DSideScrollerBP/Blueprints/Level1.Level1 to /Game/2DSideScrollerBP/Blueprints/UEDPIE_0_Level1.Level1 (0.002436s)
[2017.10.11-10.19.40:704][370]LogInit: XAudio2 using 'Speakers (Realtek High Definition Audio)' : 2 channels at 48 kHz using 32 bits per sample (channel mask 0x3)
[2017.10.11-10.19.40:737][370]LogInit: FAudioDevice initialized.
[2017.10.11-10.19.40:769][370]LogLoad: Game class is 'MyGameMode_C'
[2017.10.11-10.19.40:772][370]LogWorld: Bringing World /Game/2DSideScrollerBP/Blueprints/UEDPIE_0_Level1.Level1 up for play (max tick rate 0) at 2017.10.11-17.19.40
[2017.10.11-10.19.40:772][370]LogWorld: Bringing up level for play took: 0.002118
[2017.10.11-10.19.40:773][370]PIE: Play in editor start time for /Game/2DSideScrollerBP/Blueprints/UEDPIE_0_Level1 -0.332
[2017.10.11-10.19.51:656][  9]Cmd: TRANSACTION UNDO
[2017.10.11-10.19.51:656][  9]LogEditorTransaction: Undo Set actor scale
[2017.10.11-10.19.52:033][ 26]Cmd: TRANSACTION UNDO
[2017.10.11-10.19.52:033][ 26]LogEditorTransaction: Undo Set actor scale
[2017.10.11-10.19.52:367][ 37]Cmd: TRANSACTION UNDO
[2017.10.11-10.19.52:367][ 37]LogEditorTransaction: Undo Set actor scale
[2017.10.11-10.20.22:043][293]LogTemp: Repeating last play command: Selected Viewport
[2017.10.11-10.20.22:054][293]LogPlayLevel: PlayLevel: No blueprints needed recompiling
[2017.10.11-10.20.22:054][293]PIE: New page: PIE session: Level1 (Oct 12, 2017, 12:20:22 AM)
[2017.10.11-10.20.22:054][293]LogPlayLevel: Creating play world package: /Game/2DSideScrollerBP/Blueprints/UEDPIE_0_Level1
[2017.10.11-10.20.22:056][293]LogPlayLevel: PIE: StaticDuplicateObject took: (0.001335s)
[2017.10.11-10.20.22:056][293]LogAIModule: Creating AISystem for world Level1
[2017.10.11-10.20.22:057][293]LogPlayLevel: PIE: World Init took: (0.000637s)
[2017.10.11-10.20.22:057][293]LogPlayLevel: PIE: Created PIE world by copying editor world from /Game/2DSideScrollerBP/Blueprints/Level1.Level1 to /Game/2DSideScrollerBP/Blueprints/UEDPIE_0_Level1.Level1 (0.002203s)
[2017.10.11-10.20.22:069][293]LogInit: XAudio2 using 'Speakers (Realtek High Definition Audio)' : 2 channels at 48 kHz using 32 bits per sample (channel mask 0x3)
[2017.10.11-10.20.22:104][293]LogInit: FAudioDevice initialized.
[2017.10.11-10.20.22:134][293]LogLoad: Game class is 'MyGameMode_C'
[2017.10.11-10.20.22:136][293]LogWorld: Bringing World /Game/2DSideScrollerBP/Blueprints/UEDPIE_0_Level1.Level1 up for play (max tick rate 0) at 2017.10.11-17.20.22
[2017.10.11-10.20.22:137][293]LogWorld: Bringing up level for play took: 0.001957
[2017.10.11-10.20.22:138][293]PIE: Play in editor start time for /Game/2DSideScrollerBP/Blueprints/UEDPIE_0_Level1 1.033
[2017.10.11-10.20.40:867][128]LogTemp: Repeating last play command: Selected Viewport
[2017.10.11-10.20.41:145][128]LogPlayLevel: PlayLevel: No blueprints needed recompiling
[2017.10.11-10.20.41:145][128]PIE: New page: PIE session: Level1 (Oct 12, 2017, 12:20:41 AM)
[2017.10.11-10.20.41:146][128]LogPlayLevel: Creating play world package: /Game/2DSideScrollerBP/Blueprints/UEDPIE_0_Level1
[2017.10.11-10.20.41:150][128]LogPlayLevel: PIE: StaticDuplicateObject took: (0.004015s)
[2017.10.11-10.20.41:151][128]LogAIModule: Creating AISystem for world Level1
[2017.10.11-10.20.41:152][128]LogPlayLevel: PIE: World Init took: (0.001737s)
[2017.10.11-10.20.41:152][128]LogPlayLevel: PIE: Created PIE world by copying editor world from /Game/2DSideScrollerBP/Blueprints/Level1.Level1 to /Game/2DSideScrollerBP/Blueprints/UEDPIE_0_Level1.Level1 (0.006396s)
[2017.10.11-10.20.41:174][128]LogInit: XAudio2 using 'Speakers (Realtek High Definition Audio)' : 2 channels at 48 kHz using 32 bits per sample (channel mask 0x3)
[2017.10.11-10.20.41:204][128]LogInit: FAudioDevice initialized.
[2017.10.11-10.20.41:234][128]LogLoad: Game class is 'MyGameMode_C'
[2017.10.11-10.20.41:236][128]LogWorld: Bringing World /Game/2DSideScrollerBP/Blueprints/UEDPIE_0_Level1.Level1 up for play (max tick rate 0) at 2017.10.11-17.20.41
[2017.10.11-10.20.41:237][128]LogWorld: Bringing up level for play took: 0.001944
[2017.10.11-10.20.41:238][128]PIE: Play in editor start time for /Game/2DSideScrollerBP/Blueprints/UEDPIE_0_Level1 0.133
[2017.10.11-10.21.04:234][396]LogEditorViewport: Clicking on Actor (LMB): PlayerStart (PlayerStart)
[2017.10.11-10.21.05:337][461]LogEditorViewport: Clicking Background
[2017.10.11-10.21.05:985][501]LogEditorViewport: Clicking Background
[2017.10.11-10.21.09:766][721]LogEditorViewport: Clicking on Actor (LMB): PaperTileMapActor (spritesheet-32x-trans_TileMap)
[2017.10.11-10.21.10:450][762]LogEditorViewport: Clicking on Actor (LMB): PlayerStart (PlayerStart)
[2017.10.11-10.21.44:638][399]LogContentBrowser: Native class hierarchy updated for 'BlueprintGraph' in 0.0009 seconds. Added 113 classes and 0 folders.
[2017.10.11-10.21.46:539][399]LogSlate: Took 0.031554 seconds to synchronously load lazily loaded font '../../../Engine/Content/Editor/Slate/Fonts/Roboto-BoldCondensed.ttf' (158K)
[2017.10.11-10.21.47:641][400]LogSlate: Took 0.031641 seconds to synchronously load lazily loaded font '../../../Engine/Content/Editor/Slate/Fonts/Roboto-Italic.ttf' (157K)
[2017.10.11-10.22.08:312][897]LogSavePackage: Save=639.51ms
[2017.10.11-10.22.08:313][897]LogSavePackage: Moving 'D:/Workspace/Unreal/GameDevTutorial2/Saved/2DSideScrollerCharacterF7E64DCF46A69D8A59FACAB9D02482BC.tmp' to 'D:/Workspace/Unreal/GameDevTutorial2/Content/2DSideScrollerBP/Blueprints/2DSideScrollerCharacter.uasset'
[2017.10.11-10.22.08:316][897]LogSavePackage: Display: Finished SavePackage D:/Workspace/Unreal/GameDevTutorial2/Content/2DSideScrollerBP/Blueprints/2DSideScrollerCharacter.uasset
[2017.10.11-10.22.13:987][165]LogTemp: Repeating last play command: Selected Viewport
[2017.10.11-10.22.14:004][165]LogPlayLevel: PlayLevel: No blueprints needed recompiling
[2017.10.11-10.22.14:004][165]PIE: New page: PIE session: Level1 (Oct 12, 2017, 12:22:14 AM)
[2017.10.11-10.22.14:004][165]LogPlayLevel: Creating play world package: /Game/2DSideScrollerBP/Blueprints/UEDPIE_0_Level1
[2017.10.11-10.22.14:005][165]LogPlayLevel: PIE: StaticDuplicateObject took: (0.001373s)
[2017.10.11-10.22.14:006][165]LogAIModule: Creating AISystem for world Level1
[2017.10.11-10.22.14:006][165]LogPlayLevel: PIE: World Init took: (0.000724s)
[2017.10.11-10.22.14:006][165]LogPlayLevel: PIE: Created PIE world by copying editor world from /Game/2DSideScrollerBP/Blueprints/Level1.Level1 to /Game/2DSideScrollerBP/Blueprints/UEDPIE_0_Level1.Level1 (0.002301s)
[2017.10.11-10.22.14:029][165]LogInit: XAudio2 using 'Speakers (Realtek High Definition Audio)' : 2 channels at 48 kHz using 32 bits per sample (channel mask 0x3)
[2017.10.11-10.22.14:060][165]LogInit: FAudioDevice initialized.
[2017.10.11-10.22.14:094][165]LogLoad: Game class is 'MyGameMode_C'
[2017.10.11-10.22.14:096][165]LogWorld: Bringing World /Game/2DSideScrollerBP/Blueprints/UEDPIE_0_Level1.Level1 up for play (max tick rate 0) at 2017.10.11-17.22.14
[2017.10.11-10.22.14:097][165]LogWorld: Bringing up level for play took: 0.001887
[2017.10.11-10.22.14:098][165]PIE: Play in editor start time for /Game/2DSideScrollerBP/Blueprints/UEDPIE_0_Level1 0.992
[2017.10.11-10.22.56:382][783]LogEditorTransaction: Undo Set actor scale
[2017.10.11-10.23.28:686][547]LogSavePackage: Save=84.81ms
[2017.10.11-10.23.28:686][547]LogSavePackage: Moving 'D:/Workspace/Unreal/GameDevTutorial2/Saved/2DSideScrollerCharacterE39E9D5845D629A549F6CC94C5650B18.tmp' to 'D:/Workspace/Unreal/GameDevTutorial2/Content/2DSideScrollerBP/Blueprints/2DSideScrollerCharacter.uasset'
[2017.10.11-10.23.28:687][547]LogSavePackage: Display: Finished SavePackage D:/Workspace/Unreal/GameDevTutorial2/Content/2DSideScrollerBP/Blueprints/2DSideScrollerCharacter.uasset
[2017.10.11-10.23.33:774][744]LogTemp: Repeating last play command: Selected Viewport
[2017.10.11-10.23.33:788][744]BlueprintLog: New page: Pre-Play auto-recompile
[2017.10.11-10.23.33:800][744]LogPlayLevel: [PlayLevel] Compiling 2DSideScrollerCharacter before play...
[2017.10.11-10.23.34:195][744]LogPlayLevel: PlayLevel: Blueprint regeneration took 406 ms (1 blueprints)
[2017.10.11-10.23.34:195][744]PIE: New page: PIE session: Level1 (Oct 12, 2017, 12:23:34 AM)
[2017.10.11-10.23.34:195][744]LogPlayLevel: Creating play world package: /Game/2DSideScrollerBP/Blueprints/UEDPIE_0_Level1
[2017.10.11-10.23.34:196][744]LogPlayLevel: PIE: StaticDuplicateObject took: (0.001085s)
[2017.10.11-10.23.34:197][744]LogAIModule: Creating AISystem for world Level1
[2017.10.11-10.23.34:197][744]LogPlayLevel: PIE: World Init took: (0.000672s)
[2017.10.11-10.23.34:197][744]LogPlayLevel: PIE: Created PIE world by copying editor world from /Game/2DSideScrollerBP/Blueprints/Level1.Level1 to /Game/2DSideScrollerBP/Blueprints/UEDPIE_0_Level1.Level1 (0.001932s)
[2017.10.11-10.23.34:212][744]LogInit: XAudio2 using 'Speakers (Realtek High Definition Audio)' : 2 channels at 48 kHz using 32 bits per sample (channel mask 0x3)
[2017.10.11-10.23.34:243][744]LogInit: FAudioDevice initialized.
[2017.10.11-10.23.34:277][744]LogLoad: Game class is 'MyGameMode_C'
[2017.10.11-10.23.34:280][744]LogWorld: Bringing World /Game/2DSideScrollerBP/Blueprints/UEDPIE_0_Level1.Level1 up for play (max tick rate 0) at 2017.10.11-17.23.34
[2017.10.11-10.23.34:281][744]LogWorld: Bringing up level for play took: 0.002109
[2017.10.11-10.23.34:282][744]PIE: Play in editor start time for /Game/2DSideScrollerBP/Blueprints/UEDPIE_0_Level1 1.176
[2017.10.11-10.24.19:389][620]LogSavePackage: Save=80.09ms
[2017.10.11-10.24.19:389][620]LogSavePackage: Moving 'D:/Workspace/Unreal/GameDevTutorial2/Saved/2DSideScrollerCharacter5B204F5A421747484333958117922D4E.tmp' to 'D:/Workspace/Unreal/GameDevTutorial2/Content/2DSideScrollerBP/Blueprints/2DSideScrollerCharacter.uasset'
[2017.10.11-10.24.19:390][620]LogSavePackage: Display: Finished SavePackage D:/Workspace/Unreal/GameDevTutorial2/Content/2DSideScrollerBP/Blueprints/2DSideScrollerCharacter.uasset
[2017.10.11-10.24.22:498][721]LogTemp: Repeating last play command: Selected Viewport
[2017.10.11-10.24.23:191][721]BlueprintLog: New page: Pre-Play auto-recompile
[2017.10.11-10.24.23:213][721]LogPlayLevel: [PlayLevel] Compiling 2DSideScrollerCharacter before play...
[2017.10.11-10.24.23:393][721]LogPlayLevel: PlayLevel: Blueprint regeneration took 202 ms (1 blueprints)
[2017.10.11-10.24.23:393][721]PIE: New page: PIE session: Level1 (Oct 12, 2017, 12:24:23 AM)
[2017.10.11-10.24.23:393][721]LogPlayLevel: Creating play world package: /Game/2DSideScrollerBP/Blueprints/UEDPIE_0_Level1
[2017.10.11-10.24.23:394][721]LogPlayLevel: PIE: StaticDuplicateObject took: (0.001066s)
[2017.10.11-10.24.23:395][721]LogAIModule: Creating AISystem for world Level1
[2017.10.11-10.24.23:395][721]LogPlayLevel: PIE: World Init took: (0.000643s)
[2017.10.11-10.24.23:395][721]LogPlayLevel: PIE: Created PIE world by copying editor world from /Game/2DSideScrollerBP/Blueprints/Level1.Level1 to /Game/2DSideScrollerBP/Blueprints/UEDPIE_0_Level1.Level1 (0.001899s)
[2017.10.11-10.24.23:411][721]LogInit: XAudio2 using 'Speakers (Realtek High Definition Audio)' : 2 channels at 48 kHz using 32 bits per sample (channel mask 0x3)
[2017.10.11-10.24.23:440][721]LogInit: FAudioDevice initialized.
[2017.10.11-10.24.23:474][721]LogLoad: Game class is 'MyGameMode_C'
[2017.10.11-10.24.23:477][721]LogWorld: Bringing World /Game/2DSideScrollerBP/Blueprints/UEDPIE_0_Level1.Level1 up for play (max tick rate 0) at 2017.10.11-17.24.23
[2017.10.11-10.24.23:477][721]LogWorld: Bringing up level for play took: 0.001906
[2017.10.11-10.24.23:479][721]PIE: Play in editor start time for /Game/2DSideScrollerBP/Blueprints/UEDPIE_0_Level1 0.373
[2017.10.11-10.25.06:441][200]LogSavePackage: Save=81.58ms
[2017.10.11-10.25.06:441][200]LogSavePackage: Moving 'D:/Workspace/Unreal/GameDevTutorial2/Saved/2DSideScrollerCharacterF7D6F59B475DA648A640C2963A97FF6E.tmp' to 'D:/Workspace/Unreal/GameDevTutorial2/Content/2DSideScrollerBP/Blueprints/2DSideScrollerCharacter.uasset'
[2017.10.11-10.25.06:442][200]LogSavePackage: Display: Finished SavePackage D:/Workspace/Unreal/GameDevTutorial2/Content/2DSideScrollerBP/Blueprints/2DSideScrollerCharacter.uasset
[2017.10.11-10.25.09:864][308]LogTemp: Repeating last play command: Selected Viewport
[2017.10.11-10.25.09:879][308]BlueprintLog: New page: Pre-Play auto-recompile
[2017.10.11-10.25.09:891][308]LogPlayLevel: [PlayLevel] Compiling 2DSideScrollerCharacter before play...
[2017.10.11-10.25.10:072][308]LogPlayLevel: PlayLevel: Blueprint regeneration took 192 ms (1 blueprints)
[2017.10.11-10.25.10:072][308]PIE: New page: PIE session: Level1 (Oct 12, 2017, 12:25:10 AM)
[2017.10.11-10.25.10:072][308]LogPlayLevel: Creating play world package: /Game/2DSideScrollerBP/Blueprints/UEDPIE_0_Level1
[2017.10.11-10.25.10:073][308]LogPlayLevel: PIE: StaticDuplicateObject took: (0.001286s)
[2017.10.11-10.25.10:074][308]LogAIModule: Creating AISystem for world Level1
[2017.10.11-10.25.10:074][308]LogPlayLevel: PIE: World Init took: (0.000620s)
[2017.10.11-10.25.10:074][308]LogPlayLevel: PIE: Created PIE world by copying editor world from /Game/2DSideScrollerBP/Blueprints/Level1.Level1 to /Game/2DSideScrollerBP/Blueprints/UEDPIE_0_Level1.Level1 (0.002096s)
[2017.10.11-10.25.10:091][308]LogInit: XAudio2 using 'Speakers (Realtek High Definition Audio)' : 2 channels at 48 kHz using 32 bits per sample (channel mask 0x3)
[2017.10.11-10.25.10:121][308]LogInit: FAudioDevice initialized.
[2017.10.11-10.25.10:152][308]LogLoad: Game class is 'MyGameMode_C'
[2017.10.11-10.25.10:154][308]LogWorld: Bringing World /Game/2DSideScrollerBP/Blueprints/UEDPIE_0_Level1.Level1 up for play (max tick rate 0) at 2017.10.11-17.25.10
[2017.10.11-10.25.10:155][308]LogWorld: Bringing up level for play took: 0.001972
[2017.10.11-10.25.10:156][308]PIE: Play in editor start time for /Game/2DSideScrollerBP/Blueprints/UEDPIE_0_Level1 1.051
[2017.10.11-10.26.06:827][553]LogSavePackage: Save=45.63ms
[2017.10.11-10.26.06:827][553]LogSavePackage: Moving 'D:/Workspace/Unreal/GameDevTutorial2/Saved/Level10BC05AA740DA15D23E7DD0940BE08935.tmp' to 'D:/Workspace/Unreal/GameDevTutorial2/Content/2DSideScrollerBP/Blueprints/Level1.umap'
[2017.10.11-10.26.06:887][553]LogSavePackage: Display: Finished SavePackage D:/Workspace/Unreal/GameDevTutorial2/Content/2DSideScrollerBP/Blueprints/Level1.umap
[2017.10.11-10.26.07:063][553]LogFileHelpers: Saving map 'Level1' took 0.625
[2017.10.11-10.26.07:067][553]Cmd: MAP LOAD FILE="D:/Workspace/Unreal/GameDevTutorial2/Content/2DSideScrollerBP/Blueprints/Level1.umap" TEMPLATE=0 SHOWPROGRESS=1 FEATURELEVEL=3
[2017.10.11-10.26.07:067][553]LightingResults: New page: Lighting Build
[2017.10.11-10.26.07:069][553]LoadErrors: New page: Loading map: Level1.umap
[2017.10.11-10.26.07:071][553]MapCheck: New page: Map Check
[2017.10.11-10.26.07:071][553]LightingResults: New page: Lighting Build
[2017.10.11-10.26.07:116][553]LogAIModule: Creating AISystem for world Level1
[2017.10.11-10.26.07:167][553]LogEditorServer: Finished looking for orphan Actors (0.000 secs)
[2017.10.11-10.26.07:194][553]Cmd: MAP CHECKDEP NOCLEARLOG
[2017.10.11-10.26.07:246][553]MapCheck: Map check complete: 0 Error(s), 0 Warning(s), took 51.433ms to complete.
[2017.10.11-10.26.07:246][553]LogFileHelpers: Loading map 'Level1' took 0.182
[2017.10.11-10.28.19:813][360]LogEditorViewport: Clicking on Actor (context menu): Actor (Actor)
[2017.10.11-10.28.32:931][666]LogEditorViewport: Clicking on Actor (context menu): Actor (Actor)
[2017.10.11-10.28.37:351][882]LogEditorViewport: Clicking on Actor (LMB): Actor (Actor)
[2017.10.11-10.28.37:910][915]LogEditorViewport: Clicking on Actor (context menu): Actor (Actor)
[2017.10.11-10.29.46:723][978]LogEditorViewport: Clicking Background
[2017.10.11-10.32.44:171][281]LogEditorViewport: Clicking on Actor (context menu): Actor (Actor)
[2017.10.11-10.35.52:464][ 41]LogSavePackage: Save=13.34ms
[2017.10.11-10.35.52:465][ 41]LogSavePackage: Moving 'D:/Workspace/Unreal/GameDevTutorial2/Saved/Level15C5DA2604690D96480645ABFEF8E6DED.tmp' to 'D:/Workspace/Unreal/GameDevTutorial2/Content/2DSideScrollerBP/Blueprints/Level1.umap'
[2017.10.11-10.35.52:466][ 41]LogSavePackage: Display: Finished SavePackage D:/Workspace/Unreal/GameDevTutorial2/Content/2DSideScrollerBP/Blueprints/Level1.umap
[2017.10.11-10.35.52:475][ 41]LogFileHelpers: Saving map 'Level1' took 0.314
[2017.10.11-10.35.52:478][ 41]Cmd: OBJ SAVEPACKAGE PACKAGE="/Game/2DSideScrollerBP/Blueprints/MovingPlatformBP" FILE="D:/Workspace/Unreal/GameDevTutorial2/Content/2DSideScrollerBP/Blueprints/MovingPlatformBP.uasset" SILENT=true
[2017.10.11-10.35.52:486][ 41]LogSavePackage: Save=7.75ms
[2017.10.11-10.35.52:486][ 41]LogSavePackage: Moving 'D:/Workspace/Unreal/GameDevTutorial2/Saved/MovingPlatformBPC7FE555A4895EDDA1FEAAB82FB4ACB5E.tmp' to 'D:/Workspace/Unreal/GameDevTutorial2/Content/2DSideScrollerBP/Blueprints/MovingPlatformBP.uasset'
[2017.10.11-10.35.52:488][ 41]LogSavePackage: Display: Finished SavePackage D:/Workspace/Unreal/GameDevTutorial2/Content/2DSideScrollerBP/Blueprints/MovingPlatformBP.uasset
[2017.10.11-10.35.52:734][ 41]LogWindowsTextInputMethodSystem: Display: IME system now deactivated.
[2017.10.11-10.35.53:038][ 42]Cmd: QUIT_EDITOR
[2017.10.11-10.35.53:201][ 42]LogExit: Preparing to exit.
[2017.10.11-10.35.54:402][ 42]LogExit: Editor shut down
[2017.10.11-10.35.54:407][ 42]LogExit: Transaction tracking system shut down
[2017.10.11-10.35.54:607][ 42]LogDirectoryWatcher: A directory notification for '../../../Engine/Content/' was aborted.
[2017.10.11-10.35.54:607][ 42]LogDirectoryWatcher: A directory notification for 'D:/Workspace/Unreal/GameDevTutorial2/Content/' was aborted.
[2017.10.11-10.35.54:607][ 42]LogDirectoryWatcher: A directory notification for '../../../Engine/Plugins/2D/Paper2D/Content/' was aborted.
[2017.10.11-10.35.54:607][ 42]LogDirectoryWatcher: A directory notification for '../../../Engine/Plugins/Runtime/Oculus/OculusVR/Content/' was aborted.
[2017.10.11-10.35.54:607][ 42]LogDirectoryWatcher: A directory notification for '../../../Engine/Plugins/Runtime/Steam/SteamVR/Content/' was aborted.
[2017.10.11-10.35.54:679][ 42]LogExit: Object subsystem successfully closed.
[2017.10.11-10.35.54:694][ 42]LogD3D11RHI: Shutdown
[2017.10.11-10.35.54:694][ 42]LogD3D11RHI: CleanupD3DDevice
[2017.10.11-10.35.54:804][ 42]LogD3D11RHI: ~FD3D11DynamicRHI
[2017.10.11-10.35.57:800][ 42]LogModuleManager: Shutting down and abandoning module BlueprintGraph (536)
[2017.10.11-10.35.57:800][ 42]LogModuleManager: Shutting down and abandoning module BlueprintProfiler (534)
[2017.10.11-10.35.57:875][ 42]LogModuleManager: Shutting down and abandoning module MovieSceneCapture (532)
[2017.10.11-10.35.57:876][ 42]LogModuleManager: Shutting down and abandoning module HierarchicalLODOutliner (530)
[2017.10.11-10.35.57:876][ 42]LogModuleManager: Shutting down and abandoning module SceneOutliner (528)
[2017.10.11-10.35.57:876][ 42]LogModuleManager: Shutting down and abandoning module AddContentDialog (526)
[2017.10.11-10.35.57:876][ 42]LogDirectoryWatcher: A directory notification for 'C:/Program Files/Epic Games/UE_4.17/FeaturePacks/' was aborted.
[2017.10.11-10.35.57:883][ 42]LogModuleManager: Shutting down and abandoning module WidgetCarousel (525)
[2017.10.11-10.35.57:884][ 42]LogModuleManager: Shutting down and abandoning module EditorWidgets (522)
[2017.10.11-10.35.57:884][ 42]LogModuleManager: Shutting down and abandoning module CollectionManager (520)
[2017.10.11-10.35.57:884][ 42]LogDirectoryWatcher: A directory notification for 'D:/Workspace/Unreal/GameDevTutorial2/Content/Collections/' was aborted.
[2017.10.11-10.35.57:884][ 42]LogDirectoryWatcher: A directory notification for 'D:/Workspace/Unreal/GameDevTutorial2/Content/Developers/Admin/Collections/' was aborted.
[2017.10.11-10.35.57:884][ 42]LogDirectoryWatcher: A directory notification for 'D:/Workspace/Unreal/GameDevTutorial2/Saved/Collections/' was aborted.
[2017.10.11-10.35.57:884][ 42]LogModuleManager: Shutting down and abandoning module StatsViewer (518)
[2017.10.11-10.35.57:884][ 42]LogModuleManager: Shutting down and abandoning module FoliageEdit (516)
[2017.10.11-10.35.57:884][ 42]LogModuleManager: Shutting down and abandoning module LandscapeEditor (514)
[2017.10.11-10.35.57:885][ 42]LogModuleManager: Shutting down and abandoning module MeshPaintMode (512)
[2017.10.11-10.35.57:885][ 42]LogModuleManager: Shutting down and abandoning module SceneDepthPickerMode (510)
[2017.10.11-10.35.57:885][ 42]LogModuleManager: Shutting down and abandoning module ActorPickerMode (508)
[2017.10.11-10.35.57:885][ 42]LogModuleManager: Shutting down and abandoning module GeometryMode (506)
[2017.10.11-10.35.57:885][ 42]LogModuleManager: Shutting down and abandoning module TextureAlignMode (504)
[2017.10.11-10.35.57:885][ 42]LogModuleManager: Shutting down and abandoning module BspMode (502)
[2017.10.11-10.35.57:885][ 42]LogModuleManager: Shutting down and abandoning module PIEPreviewDeviceProfileSelector (500)
[2017.10.11-10.35.57:885][ 42]LogModuleManager: Shutting down and abandoning module HardwareSurvey (498)
[2017.10.11-10.35.57:885][ 42]LogModuleManager: Shutting down and abandoning module SequenceRecorderSections (496)
[2017.10.11-10.35.57:885][ 42]LogModuleManager: Shutting down and abandoning module AutomationWorker (494)
[2017.10.11-10.35.57:885][ 42]LogModuleManager: Shutting down and abandoning module MatineeToLevelSequence (492)
[2017.10.11-10.35.57:886][ 42]LogModuleManager: Shutting down and abandoning module LevelSequenceEditor (490)
[2017.10.11-10.35.57:886][ 42]LogModuleManager: Shutting down and abandoning module PlacementMode (489)
[2017.10.11-10.35.57:886][ 42]LogModuleManager: Shutting down and abandoning module WmfMediaFactory (486)
[2017.10.11-10.35.57:886][ 42]LogModuleManager: Shutting down and abandoning module WmfMediaEditor (484)
[2017.10.11-10.35.57:886][ 42]LogModuleManager: Shutting down and abandoning module AvfMediaFactory (482)
[2017.10.11-10.35.57:886][ 42]LogModuleManager: Shutting down and abandoning module AvfMediaEditor (480)
[2017.10.11-10.35.57:886][ 42]LogModuleManager: Shutting down and abandoning module AndroidMediaFactory (478)
[2017.10.11-10.35.57:886][ 42]LogModuleManager: Shutting down and abandoning module Media (477)
[2017.10.11-10.35.57:886][ 42]LogModuleManager: Shutting down and abandoning module AndroidMediaEditor (474)
[2017.10.11-10.35.57:886][ 42]LogModuleManager: Shutting down and abandoning module CharacterAI (472)
[2017.10.11-10.35.57:886][ 42]LogModuleManager: Shutting down and abandoning module AudioCapture (470)
[2017.10.11-10.35.57:886][ 42]LogModuleManager: Shutting down and abandoning module SequenceRecorder (469)
[2017.10.11-10.35.57:886][ 42]LogModuleManager: Shutting down and abandoning module SmartSnapping (466)
[2017.10.11-10.35.57:886][ 42]LogModuleManager: Shutting down and abandoning module SessionServices (464)
[2017.10.11-10.35.57:887][ 42]LogModuleManager: Shutting down and abandoning module ViewportSnapping (462)
[2017.10.11-10.35.57:887][ 42]LogModuleManager: Shutting down and abandoning module ViewportInteraction (460)
[2017.10.11-10.35.57:887][ 42]LogModuleManager: Shutting down and abandoning module ClothPainter (458)
[2017.10.11-10.35.57:887][ 42]LogModuleManager: Shutting down and abandoning module LogVisualizer (456)
[2017.10.11-10.35.57:887][ 42]LogModuleManager: Shutting down and abandoning module IntroTutorials (454)
[2017.10.11-10.35.57:887][ 42]LogModuleManager: Shutting down and abandoning module GameProjectGeneration (453)
[2017.10.11-10.35.57:887][ 42]LogModuleManager: Shutting down and abandoning module IOSPlatformEditor (450)
[2017.10.11-10.35.57:887][ 42]LogModuleManager: Shutting down and abandoning module HTML5PlatformEditor (448)
[2017.10.11-10.35.57:887][ 42]LogModuleManager: Shutting down and abandoning module AndroidPlatformEditor (446)
[2017.10.11-10.35.57:887][ 42]LogModuleManager: Shutting down and abandoning module AndroidDeviceDetection (445)
[2017.10.11-10.35.58:005][ 42]LogModuleManager: Shutting down and abandoning module WindowsPlatformEditor (442)
[2017.10.11-10.35.58:006][ 42]LogModuleManager: Shutting down and abandoning module IOSRuntimeSettings (440)
[2017.10.11-10.35.58:006][ 42]LogModuleManager: Shutting down and abandoning module AndroidRuntimeSettings (438)
[2017.10.11-10.35.58:006][ 42]LogModuleManager: Shutting down and abandoning module InputBindingEditor (436)
[2017.10.11-10.35.58:006][ 42]LogModuleManager: Shutting down and abandoning module MergeActors (434)
[2017.10.11-10.35.58:006][ 42]LogModuleManager: Shutting down and abandoning module SizeMap (432)
[2017.10.11-10.35.58:006][ 42]LogModuleManager: Shutting down and abandoning module TreeMap (430)
[2017.10.11-10.35.58:006][ 42]LogModuleManager: Shutting down and abandoning module ReferenceViewer (428)
[2017.10.11-10.35.58:006][ 42]LogModuleManager: Shutting down and abandoning module LocalizationDashboard (426)
[2017.10.11-10.35.58:006][ 42]LogModuleManager: Shutting down and abandoning module LocalizationService (425)
[2017.10.11-10.35.58:006][ 42]LogModuleManager: Shutting down and abandoning module HardwareTargeting (422)
[2017.10.11-10.35.58:006][ 42]LogModuleManager: Shutting down and abandoning module DeviceProfileEditor (420)
[2017.10.11-10.35.58:006][ 42]LogModuleManager: Shutting down and abandoning module UndoHistory (418)
[2017.10.11-10.35.58:006][ 42]LogModuleManager: Shutting down and abandoning module XmlParser (416)
[2017.10.11-10.35.58:006][ 42]LogModuleManager: Shutting down and abandoning module Blutility (414)
[2017.10.11-10.35.58:006][ 42]LogModuleManager: Shutting down and abandoning module ProjectSettingsViewer (412)
[2017.10.11-10.35.58:006][ 42]LogModuleManager: Shutting down and abandoning module ProjectTargetPlatformEditor (411)
[2017.10.11-10.35.58:007][ 42]LogModuleManager: Shutting down and abandoning module EditorSettingsViewer (408)
[2017.10.11-10.35.58:007][ 42]LogModuleManager: Shutting down and abandoning module SettingsEditor (406)
[2017.10.11-10.35.58:007][ 42]LogModuleManager: Shutting down and abandoning module ProjectLauncher (404)
[2017.10.11-10.35.58:007][ 42]LogModuleManager: Shutting down and abandoning module SessionFrontend (402)
[2017.10.11-10.35.58:007][ 42]LogModuleManager: Shutting down and abandoning module ProfilerClient (400)
[2017.10.11-10.35.58:007][ 42]LogModuleManager: Shutting down and abandoning module DeviceManager (398)
[2017.10.11-10.35.58:007][ 42]LogModuleManager: Shutting down and abandoning module TargetDeviceServices (397)
[2017.10.11-10.35.58:062][ 42]LogModuleManager: Shutting down and abandoning module AutomationController (394)
[2017.10.11-10.35.58:062][ 42]LogModuleManager: Shutting down and abandoning module AutomationWindow (392)
[2017.10.11-10.35.58:062][ 42]LogModuleManager: Shutting down and abandoning module Layers (390)
[2017.10.11-10.35.58:062][ 42]LogModuleManager: Shutting down and abandoning module ComponentVisualizers (388)
[2017.10.11-10.35.58:062][ 42]LogModuleManager: Shutting down and abandoning module DetailCustomizations (386)
[2017.10.11-10.35.58:062][ 42]LogModuleManager: Shutting down and abandoning module PackagesDialog (384)
[2017.10.11-10.35.58:063][ 42]LogModuleManager: Shutting down and abandoning module Persona (382)
[2017.10.11-10.35.58:063][ 42]LogModuleManager: Shutting down and abandoning module AdvancedPreviewScene (381)
[2017.10.11-10.35.58:063][ 42]LogModuleManager: Shutting down and abandoning module AnimGraph (379)
[2017.10.11-10.35.58:064][ 42]LogModuleManager: Shutting down and abandoning module Kismet (376)
[2017.10.11-10.35.58:080][ 42]LogModuleManager: Shutting down and abandoning module ClassViewer (374)
[2017.10.11-10.35.58:083][ 42]LogModuleManager: Shutting down and abandoning module Toolbox (372)
[2017.10.11-10.35.58:083][ 42]LogModuleManager: Shutting down and abandoning module ModuleUI (370)
[2017.10.11-10.35.58:083][ 42]LogModuleManager: Shutting down and abandoning module MovieSceneTools (368)
[2017.10.11-10.35.58:083][ 42]LogModuleManager: Shutting down and abandoning module OutputLog (366)
[2017.10.11-10.35.58:083][ 42]LogModuleManager: Shutting down and abandoning module GammaUI (364)
[2017.10.11-10.35.58:083][ 42]LogModuleManager: Shutting down and abandoning module Documentation (362)
[2017.10.11-10.35.58:084][ 42]LogModuleManager: Shutting down and abandoning module MovieSceneTracks (360)
[2017.10.11-10.35.58:084][ 42]LogModuleManager: Shutting down and abandoning module MovieScene (358)
[2017.10.11-10.35.58:084][ 42]LogModuleManager: Shutting down and abandoning module Niagara (356)
[2017.10.11-10.35.58:084][ 42]LogModuleManager: Shutting down and abandoning module NiagaraEditor (355)
[2017.10.11-10.35.58:084][ 42]LogModuleManager: Shutting down and abandoning module StreamingPauseRendering (352)
[2017.10.11-10.35.58:084][ 42]LogModuleManager: Shutting down and abandoning module LauncherPlatform (350)
[2017.10.11-10.35.58:084][ 42]LogModuleManager: Shutting down and abandoning module AnalyticsET (348)
[2017.10.11-10.35.58:084][ 42]LogModuleManager: Shutting down and abandoning module PortalServices (346)
[2017.10.11-10.35.58:084][ 42]LogModuleManager: Shutting down and abandoning module PortalRpc (344)
[2017.10.11-10.35.58:084][ 42]LogModuleManager: Shutting down and abandoning module MessagingRpc (342)
[2017.10.11-10.35.58:084][ 42]LogModuleManager: Shutting down and abandoning module AIModule (340)
[2017.10.11-10.35.58:084][ 42]LogModuleManager: Shutting down and abandoning module GameplayDebugger (339)
[2017.10.11-10.35.58:084][ 42]LogModuleManager: Shutting down and abandoning module AITestSuite (337)
[2017.10.11-10.35.58:084][ 42]LogModuleManager: Shutting down and abandoning module ProfilerService (334)
[2017.10.11-10.35.58:173][ 42]LogModuleManager: Shutting down and abandoning module TaskGraph (332)
[2017.10.11-10.35.58:173][ 42]LogModuleManager: Shutting down and abandoning module SteamVRController (330)
[2017.10.11-10.35.58:173][ 42]LogModuleManager: Shutting down and abandoning module ProceduralMeshComponentEditor (328)
[2017.10.11-10.35.58:173][ 42]LogModuleManager: Shutting down and abandoning module ProceduralMeshComponent (326)
[2017.10.11-10.35.58:173][ 42]LogModuleManager: Shutting down and abandoning module OculusInput (324)
[2017.10.11-10.35.58:173][ 42]LogModuleManager: Shutting down and abandoning module MobilePatchingUtils (322)
[2017.10.11-10.35.58:173][ 42]LogModuleManager: Shutting down and abandoning module CustomMeshComponent (320)
[2017.10.11-10.35.58:173][ 42]LogModuleManager: Shutting down and abandoning module CableComponent (318)
[2017.10.11-10.35.58:173][ 42]LogModuleManager: Shutting down and abandoning module ArchVisCharacter (316)
[2017.10.11-10.35.58:173][ 42]LogModuleManager: Shutting down and abandoning module AndroidPermission (314)
[2017.10.11-10.35.58:173][ 42]LogModuleManager: Shutting down and abandoning module MediaPlayerEditor (310)
[2017.10.11-10.35.58:173][ 42]LogModuleManager: Shutting down and abandoning module HTML5Networking (308)
[2017.10.11-10.35.58:173][ 42]LogModuleManager: Shutting down and abandoning module AlembicImporter (306)
[2017.10.11-10.35.58:173][ 42]LogModuleManager: Shutting down and abandoning module AlembicLibrary (305)
[2017.10.11-10.35.58:173][ 42]LogModuleManager: Shutting down and abandoning module GeometryCache (304)
[2017.10.11-10.35.58:173][ 42]LogModuleManager: Shutting down and abandoning module GeometryCacheEd (303)
[2017.10.11-10.35.58:173][ 42]LogModuleManager: Shutting down and abandoning module SpeedTreeImporter (298)
[2017.10.11-10.35.58:173][ 42]LogModuleManager: Shutting down and abandoning module PluginBrowser (296)
[2017.10.11-10.35.58:173][ 42]LogModuleManager: Shutting down and abandoning module MobileLauncherProfileWizard (294)
[2017.10.11-10.35.58:173][ 42]LogModuleManager: Shutting down and abandoning module VisualStudioSourceCodeAccess (292)
[2017.10.11-10.35.58:173][ 42]LogModuleManager: Shutting down and abandoning module DesktopPlatform (291)
[2017.10.11-10.35.58:173][ 42]LogModuleManager: Shutting down and abandoning module UObjectPlugin (288)
[2017.10.11-10.35.58:173][ 42]LogModuleManager: Shutting down and abandoning module SubversionSourceControl (286)
[2017.10.11-10.35.58:174][ 42]LogModuleManager: Shutting down and abandoning module PerforceSourceControl (284)
[2017.10.11-10.35.58:174][ 42]LogModuleManager: Shutting down and abandoning module GitSourceControl (282)
[2017.10.11-10.35.58:174][ 42]LogModuleManager: Shutting down and abandoning module SourceControl (281)
[2017.10.11-10.35.58:174][ 42]LogModuleManager: Shutting down and abandoning module LightPropagationVolumeEditor (278)
[2017.10.11-10.35.58:174][ 42]LogModuleManager: Shutting down and abandoning module PaperTiledImporter (276)
[2017.10.11-10.35.58:174][ 42]LogModuleManager: Shutting down and abandoning module PaperSpriteSheetImporter (274)
[2017.10.11-10.35.58:174][ 42]LogModuleManager: Shutting down and abandoning module Paper2DEditor (272)
[2017.10.11-10.35.58:174][ 42]LogModuleManager: Shutting down and abandoning module MeshPaint (271)
[2017.10.11-10.35.58:174][ 42]LogModuleManager: Shutting down and abandoning module LevelEditor (269)
[2017.10.11-10.35.58:174][ 42]LogModuleManager: Shutting down and abandoning module PixelInspectorModule (268)
[2017.10.11-10.35.58:174][ 42]LogModuleManager: Shutting down and abandoning module MainFrame (266)
[2017.10.11-10.35.58:174][ 42]LogModuleManager: Shutting down and abandoning module HotReload (265)
[2017.10.11-10.35.58:175][ 42]LogModuleManager: Shutting down and abandoning module RuntimePhysXCooking (260)
[2017.10.11-10.35.58:175][ 42]LogModuleManager: Shutting down and abandoning module PhysXVehiclesEditor (258)
[2017.10.11-10.35.58:175][ 42]LogModuleManager: Shutting down and abandoning module PhysXVehicles (256)
[2017.10.11-10.35.58:175][ 42]LogModuleManager: Shutting down and abandoning module OculusEditor (254)
[2017.10.11-10.35.58:175][ 42]LogModuleManager: Shutting down and abandoning module LocationServicesBPLibrary (252)
[2017.10.11-10.35.58:175][ 42]LogModuleManager: Shutting down and abandoning module ImmediatePhysicsEditor (250)
[2017.10.11-10.35.58:175][ 42]LogModuleManager: Shutting down and abandoning module ImmediatePhysics (248)
[2017.10.11-10.35.58:175][ 42]LogModuleManager: Shutting down and abandoning module UdpMessaging (246)
[2017.10.11-10.35.58:276][ 42]LogModuleManager: Shutting down and abandoning module TcpMessaging (244)
[2017.10.11-10.35.58:376][ 42]LogModuleManager: Shutting down and abandoning module GameplayTagsEditor (242)
[2017.10.11-10.35.58:376][ 42]LogModuleManager: Shutting down and abandoning module FacialAnimationEditor (240)
[2017.10.11-10.35.58:376][ 42]LogModuleManager: Shutting down and abandoning module FacialAnimation (238)
[2017.10.11-10.35.58:376][ 42]LogModuleManager: Shutting down and abandoning module AssetManagerEditor (236)
[2017.10.11-10.35.58:376][ 42]LogModuleManager: Shutting down and abandoning module GraphEditor (235)
[2017.10.11-10.35.58:376][ 42]LogModuleManager: Shutting down and abandoning module ContentBrowser (233)
[2017.10.11-10.35.58:377][ 42]LogModuleManager: Shutting down and abandoning module LightPropagationVolumeRuntime (230)
[2017.10.11-10.35.58:377][ 42]LogModuleManager: Shutting down and abandoning module Paper2D (228)
[2017.10.11-10.35.58:377][ 42]LogModuleManager: Shutting down and abandoning module WindowsMoviePlayer (226)
[2017.10.11-10.35.58:377][ 42]LogModuleManager: Shutting down and abandoning module WmfMedia (224)
[2017.10.11-10.35.58:377][ 42]LogModuleManager: Shutting down and abandoning module PacketHandler (222)
[2017.10.11-10.35.58:377][ 42]LogModuleManager: Shutting down and abandoning module ClothingSystemEditor (220)
[2017.10.11-10.35.58:377][ 42]LogModuleManager: Shutting down and abandoning module ClothingSystemRuntime (218)
[2017.10.11-10.35.58:377][ 42]LogModuleManager: Shutting down and abandoning module Overlay (216)
[2017.10.11-10.35.58:377][ 42]LogModuleManager: Shutting down and abandoning module OverlayEditor (215)
[2017.10.11-10.35.58:377][ 42]LogModuleManager: Shutting down and abandoning module MediaAssets (212)
[2017.10.11-10.35.58:377][ 42]LogModuleManager: Shutting down and abandoning module VREditor (210)
[2017.10.11-10.35.58:377][ 42]LogModuleManager: Shutting down and abandoning module StringTableEditor (208)
[2017.10.11-10.35.58:377][ 42]LogModuleManager: Shutting down and abandoning module GameplayTasksEditor (206)
[2017.10.11-10.35.58:377][ 42]LogModuleManager: Shutting down and abandoning module BehaviorTreeEditor (204)
[2017.10.11-10.35.58:377][ 42]LogModuleManager: Shutting down and abandoning module FunctionalTesting (202)
[2017.10.11-10.35.58:377][ 42]LogModuleManager: Shutting down and abandoning module CollisionAnalyzer (200)
[2017.10.11-10.35.58:377][ 42]LogModuleManager: Shutting down and abandoning module WorkspaceMenuStructure (199)
[2017.10.11-10.35.58:377][ 42]LogModuleManager: Shutting down and abandoning module UMG (196)
[2017.10.11-10.35.58:377][ 42]LogModuleManager: Shutting down and abandoning module UMGEditor (195)
[2017.10.11-10.35.58:377][ 42]LogModuleManager: Shutting down and abandoning module Sequencer (194)
[2017.10.11-10.35.58:377][ 42]LogModuleManager: Shutting down and abandoning module MessageLog (191)
[2017.10.11-10.35.58:377][ 42]LogModuleManager: Shutting down and abandoning module SlateReflector (186)
[2017.10.11-10.35.58:377][ 42]LogModuleManager: Shutting down and abandoning module Slate (184)
[2017.10.11-10.35.58:377][ 42]LogModuleManager: Shutting down and abandoning module EditorStyle (182)
[2017.10.11-10.35.58:379][ 42]LogModuleManager: Shutting down and abandoning module MRMesh (180)
[2017.10.11-10.35.58:380][ 42]LogModuleManager: Shutting down and abandoning module SourceCodeAccess (178)
[2017.10.11-10.35.58:380][ 42]LogModuleManager: Shutting down and abandoning module HeadMountedDisplay (176)
[2017.10.11-10.35.58:380][ 42]LogModuleManager: Shutting down and abandoning module XAudio2 (174)
[2017.10.11-10.35.58:380][ 42]LogModuleManager: Shutting down and abandoning module Networking (172)
[2017.10.11-10.35.58:380][ 42]LogModuleManager: Shutting down and abandoning module Core (168)
[2017.10.11-10.35.58:380][ 42]LogModuleManager: Shutting down and abandoning module KismetCompiler (164)
[2017.10.11-10.35.58:380][ 42]LogModuleManager: Shutting down and abandoning module LevelSequence (162)
[2017.10.11-10.35.58:380][ 42]LogModuleManager: Shutting down and abandoning module MeshUtilities (160)
[2017.10.11-10.35.58:380][ 42]LogModuleManager: Shutting down and abandoning module MeshMergeUtilities (159)
[2017.10.11-10.35.58:380][ 42]LogModuleManager: Shutting down and abandoning module MeshReductionInterface (158)
[2017.10.11-10.35.58:380][ 42]LogModuleManager: Shutting down and abandoning module SimplygonSwarm (157)
[2017.10.11-10.35.58:380][ 42]LogModuleManager: Shutting down and abandoning module SimplygonMeshReduction (155)
[2017.10.11-10.35.58:380][ 42]LogModuleManager: Shutting down and abandoning module QuadricMeshReduction (153)
[2017.10.11-10.35.58:380][ 42]LogModuleManager: Shutting down and abandoning module MaterialBaking (149)
[2017.10.11-10.35.58:380][ 42]LogModuleManager: Shutting down and abandoning module DirectoryWatcher (146)
[2017.10.11-10.35.58:380][ 42]LogModuleManager: Shutting down and abandoning module DerivedDataCache (144)
[2017.10.11-10.35.58:429][ 42]LogDerivedDataCache: Shutdown
[2017.10.11-10.35.58:429][ 42]LogModuleManager: Shutting down and abandoning module TargetPlatform (142)
[2017.10.11-10.35.58:429][ 42]LogModuleManager: Shutting down and abandoning module VulkanShaderFormat (141)
[2017.10.11-10.35.58:429][ 42]LogModuleManager: Shutting down and abandoning module ShaderFormatVectorVM (139)
[2017.10.11-10.35.58:429][ 42]LogModuleManager: Shutting down and abandoning module ShaderFormatOpenGL (137)
[2017.10.11-10.35.58:429][ 42]LogModuleManager: Shutting down and abandoning module ShaderFormatD3D (135)
[2017.10.11-10.35.58:429][ 42]LogModuleManager: Shutting down and abandoning module MetalShaderFormat (133)
[2017.10.11-10.35.58:429][ 42]LogModuleManager: Shutting down and abandoning module TextureFormatUncompressed (131)
[2017.10.11-10.35.58:429][ 42]LogModuleManager: Shutting down and abandoning module TextureFormatPVR (129)
[2017.10.11-10.35.58:429][ 42]LogModuleManager: Shutting down and abandoning module TextureFormatDXT (127)
[2017.10.11-10.35.58:429][ 42]LogModuleManager: Shutting down and abandoning module TextureFormatIntelISPCTexComp (125)
[2017.10.11-10.35.58:429][ 42]LogModuleManager: Shutting down and abandoning module TextureFormatASTC (123)
[2017.10.11-10.35.58:429][ 42]LogModuleManager: Shutting down and abandoning module ImageWrapper (122)
[2017.10.11-10.35.58:429][ 42]LogModuleManager: Shutting down and abandoning module TextureFormatAndroid (119)
[2017.10.11-10.35.58:429][ 42]LogModuleManager: Shutting down and abandoning module AudioFormatOpus (117)
[2017.10.11-10.35.58:429][ 42]LogModuleManager: Shutting down and abandoning module AudioFormatOgg (115)
[2017.10.11-10.35.58:429][ 42]LogModuleManager: Shutting down and abandoning module AudioFormatADPCM (113)
[2017.10.11-10.35.58:429][ 42]LogModuleManager: Shutting down and abandoning module LinuxTargetPlatform (111)
[2017.10.11-10.35.58:429][ 42]LogModuleManager: Shutting down and abandoning module LinuxServerTargetPlatform (109)
[2017.10.11-10.35.58:429][ 42]LogModuleManager: Shutting down and abandoning module LinuxNoEditorTargetPlatform (107)
[2017.10.11-10.35.58:429][ 42]LogModuleManager: Shutting down and abandoning module LinuxClientTargetPlatform (105)
[2017.10.11-10.35.58:429][ 42]LogModuleManager: Shutting down and abandoning module TVOSTargetPlatform (103)
[2017.10.11-10.35.58:429][ 42]LogModuleManager: Shutting down and abandoning module Messaging (101)
[2017.10.11-10.35.58:429][ 42]LogModuleManager: Shutting down and abandoning module IOSTargetPlatform (99)
[2017.10.11-10.35.58:429][ 42]LogModuleManager: Shutting down and abandoning module HTML5TargetPlatform (97)
[2017.10.11-10.35.58:429][ 42]LogModuleManager: Shutting down and abandoning module Android_PVRTCTargetPlatform (95)
[2017.10.11-10.35.58:430][ 42]LogModuleManager: Shutting down and abandoning module Android_MultiTargetPlatform (93)
[2017.10.11-10.35.58:430][ 42]LogModuleManager: Shutting down and abandoning module Android_ETC2TargetPlatform (91)
[2017.10.11-10.35.58:430][ 42]LogModuleManager: Shutting down and abandoning module Android_ETC1TargetPlatform (89)
[2017.10.11-10.35.58:430][ 42]LogModuleManager: Shutting down and abandoning module Android_DXTTargetPlatform (87)
[2017.10.11-10.35.58:430][ 42]LogModuleManager: Shutting down and abandoning module Android_ATCTargetPlatform (85)
[2017.10.11-10.35.58:430][ 42]LogModuleManager: Shutting down and abandoning module Android_ASTCTargetPlatform (83)
[2017.10.11-10.35.58:430][ 42]LogModuleManager: Shutting down and abandoning module AndroidTargetPlatform (81)
[2017.10.11-10.35.58:430][ 42]LogModuleManager: Shutting down and abandoning module WindowsTargetPlatform (79)
[2017.10.11-10.35.58:430][ 42]LogModuleManager: Shutting down and abandoning module WindowsServerTargetPlatform (77)
[2017.10.11-10.35.58:430][ 42]LogModuleManager: Shutting down and abandoning module WindowsNoEditorTargetPlatform (75)
[2017.10.11-10.35.58:430][ 42]LogModuleManager: Shutting down and abandoning module WindowsClientTargetPlatform (73)
[2017.10.11-10.35.58:430][ 42]LogModuleManager: Shutting down and abandoning module MacTargetPlatform (71)
[2017.10.11-10.35.58:430][ 42]LogModuleManager: Shutting down and abandoning module MacServerTargetPlatform (69)
[2017.10.11-10.35.58:430][ 42]LogModuleManager: Shutting down and abandoning module MacNoEditorTargetPlatform (67)
[2017.10.11-10.35.58:430][ 42]LogModuleManager: Shutting down and abandoning module MacClientTargetPlatform (65)
[2017.10.11-10.35.58:430][ 42]LogModuleManager: Shutting down and abandoning module AllDesktopTargetPlatform (63)
[2017.10.11-10.35.58:430][ 42]LogModuleManager: Shutting down and abandoning module InputCore (60)
[2017.10.11-10.35.58:430][ 42]LogModuleManager: Shutting down and abandoning module Settings (58)
[2017.10.11-10.35.58:430][ 42]LogModuleManager: Shutting down and abandoning module PhysXCooking (56)
[2017.10.11-10.35.58:430][ 42]LogModuleManager: Shutting down and abandoning module SteamVR (54)
[2017.10.11-10.35.58:430][ 42]LogModuleManager: Shutting down and abandoning module OculusHMD (52)
[2017.10.11-10.35.58:430][ 42]LogModuleManager: Shutting down and abandoning module ExampleDeviceProfileSelector (50)
[2017.10.11-10.35.58:430][ 42]LogModuleManager: Shutting down and abandoning module OnlineBlueprintSupport (48)
[2017.10.11-10.35.58:430][ 42]LogModuleManager: Shutting down and abandoning module OnlineSubsystem (44)
[2017.10.11-10.35.58:430][ 42]LogOnline: Display: Unloading online subsystem: NULL
[2017.10.11-10.35.58:430][ 42]LogModuleManager: Shutting down and abandoning module XMPP (43)
[2017.10.11-10.35.58:430][ 42]LogModuleManager: Shutting down and abandoning module HTTP (41)
[2017.10.11-10.35.58:430][ 42]LogHttp: Display: Http module shutting down, but needs to wait on 1 outstanding Http requests:
[2017.10.11-10.35.58:430][ 42]LogHttp: Display: 	verb=[POST] url=[https://datarouter.ol.epicgames.com/datarouter/api/v1/public/data?SessionID=%7B803033F9-41E7-9DA9-C499-A68B3D8D1CDE%7D&AppID=UEEditor.Rocket.Release&AppVersion=4.17.2-3658906%2B%2B%2BUE4%2BRelease-4.17&UserID=befe8b01461f6b7e699b7b9a4195d0f4%7C65be6e2357b84ad79381b1d7b2492de6%7C453bf187-8ca4-4de6-9f43-d71b1f41d715&AppEnvironment=datacollector-binary&UploadType=eteventstream] status=Processing
[2017.10.11-10.35.58:461][ 42]LogModuleManager: Shutting down and abandoning module SSL (40)
[2017.10.11-10.35.58:463][ 42]LogModuleManager: Shutting down and abandoning module AnimationModifiers (36)
[2017.10.11-10.35.58:463][ 42]LogModuleManager: Shutting down and abandoning module PropertyEditor (35)
[2017.10.11-10.35.58:463][ 42]LogModuleManager: Shutting down and abandoning module AudioEditor (32)
[2017.10.11-10.35.58:463][ 42]LogModuleManager: Shutting down and abandoning module TextureCompressor (30)
[2017.10.11-10.35.58:463][ 42]LogModuleManager: Shutting down and abandoning module ShaderCore (28)
[2017.10.11-10.35.58:463][ 42]LogModuleManager: Shutting down and abandoning module Landscape (26)
[2017.10.11-10.35.58:463][ 42]LogModuleManager: Shutting down and abandoning module SlateRHIRenderer (24)
[2017.10.11-10.35.58:464][ 42]LogModuleManager: Shutting down and abandoning module OpenGLDrv (22)
[2017.10.11-10.35.58:464][ 42]LogModuleManager: Shutting down and abandoning module D3D11RHI (20)
[2017.10.11-10.35.58:464][ 42]LogModuleManager: Shutting down and abandoning module AnimGraphRuntime (18)
[2017.10.11-10.35.58:464][ 42]LogModuleManager: Shutting down and abandoning module Renderer (16)
[2017.10.11-10.35.58:464][ 42]LogModuleManager: Shutting down and abandoning module Engine (14)
[2017.10.11-10.35.58:464][ 42]LogModuleManager: Shutting down and abandoning module CoreUObject (12)
[2017.10.11-10.35.58:464][ 42]LogModuleManager: Shutting down and abandoning module NetworkFile (10)
[2017.10.11-10.35.58:464][ 42]LogModuleManager: Shutting down and abandoning module CookedIterativeFile (8)
[2017.10.11-10.35.58:464][ 42]LogModuleManager: Shutting down and abandoning module StreamingFile (6)
[2017.10.11-10.35.58:464][ 42]LogModuleManager: Shutting down and abandoning module SandboxFile (4)
[2017.10.11-10.35.58:464][ 42]LogModuleManager: Shutting down and abandoning module PakFile (2)
[2017.10.11-10.35.58:467][ 42]LogExit: Exiting.
[2017.10.11-10.35.58:472][ 42]Log file closed, 10/11/17 17:35:58
