Log file open, 09/30/17 22:33:43
LogWindows: Failed to load 'aqProf.dll' (GetLastError=126)
LogWindows: File 'aqProf.dll' does not exist
LogWindows: Failed to load 'VSPerf140.dll' (GetLastError=126)
LogWindows: File 'VSPerf140.dll' does not exist
LogWindows: Failed to load 'VtuneApi.dll' (GetLastError=126)
LogWindows: File 'VtuneApi.dll' does not exist
LogWindows: Failed to load 'VtuneApi32e.dll' (GetLastError=126)
LogWindows: File 'VtuneApi32e.dll' does not exist
LogInit: Display: Running engine for game: GameDevTutorial2
LogPlatformFile: Not using cached read wrapper
LogInit: Display: RandInit(272260537) SRandInit(272260537).
LogTaskGraph: Started task graph with 5 named threads and 14 total threads with 3 sets of task threads.
LogStats: Stats thread started at 0.181957
LogD3D11RHI: Aftermath initialized
LogPluginManager: Mounting plugin Paper2D
LogPluginManager: Mounting plugin LightPropagationVolume
LogPluginManager: Mounting plugin CodeLiteSourceCodeAccess
LogPluginManager: Mounting plugin GitSourceControl
LogPluginManager: Mounting plugin KDevelopSourceCodeAccess
LogPluginManager: Mounting plugin NullSourceCodeAccess
LogPluginManager: Mounting plugin PerforceSourceControl
LogPluginManager: Mounting plugin SubversionSourceControl
LogPluginManager: Mounting plugin UObjectPlugin
LogPluginManager: Mounting plugin VisualStudioSourceCodeAccess
LogPluginManager: Mounting plugin XCodeSourceCodeAccess
LogPluginManager: Mounting plugin AssetManagerEditor
LogPluginManager: Mounting plugin AudioCapture
LogPluginManager: Mounting plugin FacialAnimation
LogPluginManager: Mounting plugin GameplayTagsEditor
LogPluginManager: Mounting plugin MobileLauncherProfileWizard
LogPluginManager: Mounting plugin PluginBrowser
LogPluginManager: Mounting plugin SpeedTreeImporter
LogPluginManager: Mounting plugin AlembicImporter
LogPluginManager: Mounting plugin CharacterAI
LogPluginManager: Mounting plugin HTML5Networking
LogPluginManager: Mounting plugin AndroidMedia
LogPluginManager: Mounting plugin AvfMedia
LogPluginManager: Mounting plugin MediaPlayerEditor
LogPluginManager: Mounting plugin WmfMedia
LogPluginManager: Mounting plugin TcpMessaging
LogPluginManager: Mounting plugin UdpMessaging
LogPluginManager: Mounting plugin LevelSequenceEditor
LogPluginManager: Mounting plugin MatineeToLevelSequence
LogPluginManager: Mounting plugin OnlineSubsystemGooglePlay
LogPluginManager: Mounting plugin OnlineSubsystemIOS
LogPluginManager: Mounting plugin OnlineSubsystem
LogPluginManager: Mounting plugin OnlineSubsystemNull
LogPluginManager: Mounting plugin OnlineSubsystemUtils
LogPluginManager: Mounting plugin AndroidDeviceProfileSelector
LogPluginManager: Mounting plugin AndroidMoviePlayer
LogPluginManager: Mounting plugin AndroidPermission
LogPluginManager: Mounting plugin AppleMoviePlayer
LogPluginManager: Mounting plugin ArchVisCharacter
LogPluginManager: Mounting plugin CableComponent
LogPluginManager: Mounting plugin CustomMeshComponent
LogPluginManager: Mounting plugin ExampleDeviceProfileSelector
LogPluginManager: Mounting plugin GoogleCloudMessaging
LogPluginManager: Mounting plugin ImmediatePhysics
LogPluginManager: Mounting plugin IOSDeviceProfileSelector
LogPluginManager: Mounting plugin LinuxDeviceProfileSelector
LogPluginManager: Mounting plugin LocationServicesBPLibrary
LogPluginManager: Mounting plugin MobilePatchingUtils
LogPluginManager: Mounting plugin OculusVR
LogPluginManager: Mounting plugin PhysXVehicles
LogPluginManager: Mounting plugin ProceduralMeshComponent
LogPluginManager: Mounting plugin RuntimePhysXCooking
LogPluginManager: Mounting plugin SteamVR
LogPluginManager: Mounting plugin WindowsMoviePlayer
LogInit: Using libcurl 7.47.1
LogInit:  - built for x86_64-pc-win32
LogInit:  - supports SSL with OpenSSL/1.0.2g
LogInit:  - supports HTTP deflate (compression) using libz 1.2.8
LogInit:  - other features:
LogInit:      CURL_VERSION_SSL
LogInit:      CURL_VERSION_LIBZ
LogInit:      CURL_VERSION_IPV6
LogInit:      CURL_VERSION_ASYNCHDNS
LogInit:      CURL_VERSION_LARGEFILE
LogInit:      CURL_VERSION_IDN
LogInit:  CurlRequestOptions (configurable via config and command line):
LogInit:  - bVerifyPeer = false  - Libcurl will NOT verify peer certificate
LogInit:  - bUseHttpProxy = false  - Libcurl will NOT use HTTP proxy
LogInit:  - bDontReuseConnections = false  - Libcurl will reuse connections
LogInit:  - CertBundlePath = nullptr  - Libcurl will use whatever was configured at build time.
LogInit: Build: ++UE4+Release-4.17-CL-3658906
LogInit: Engine Version: 4.17.2-3658906+++UE4+Release-4.17
LogInit: Compatible Engine Version: 4.17.0-3573198+++UE4+Release-4.17
LogInit: Net CL: 3573198
LogDevObjectVersion: Number of dev versions registered: 16
LogDevObjectVersion:   Dev-Blueprints (B0D832E4-1F89-4F0D-ACCF-7EB736FD4AA2): 10
LogDevObjectVersion:   Dev-Build (E1C64328-A22C-4D53-A36C-8E866417BD8C): 0
LogDevObjectVersion:   Dev-Core (375EC13C-06E4-48FB-B500-84F0262A717E): 2
LogDevObjectVersion:   Dev-Editor (E4B068ED-F494-42E9-A231-DA0B2E46BB41): 20
LogDevObjectVersion:   Dev-Framework (CFFC743F-43B0-4480-9391-14DF171D2073): 28
LogDevObjectVersion:   Dev-Mobile (B02B49B5-BB20-44E9-A304-32B752E40360): 0
LogDevObjectVersion:   Dev-Networking (A4E4105C-59A1-49B5-A7C5-40C4547EDFEE): 0
LogDevObjectVersion:   Dev-Online (39C831C9-5AE6-47DC-9A44-9C173E1C8E7C): 0
LogDevObjectVersion:   Dev-Physics (78F01B33-EBEA-4F98-B9B4-84EACCB95AA2): 0
LogDevObjectVersion:   Dev-Platform (6631380F-2D4D-43E0-8009-CF276956A95A): 0
LogDevObjectVersion:   Dev-Rendering (12F88B9F-8875-4AFC-A67C-D90C383ABD29): 19
LogDevObjectVersion:   Dev-Sequencer (7B5AE74C-D270-4C10-A958-57980B212A5A): 4
LogDevObjectVersion:   Dev-VR (D7296918-1DD6-4BDD-9DE2-64A83CC13884): 0
LogDevObjectVersion:   Dev-LoadTimes (C2A15278-BFE7-4AFE-6C17-90FF531DF755): 1
LogDevObjectVersion:   Private-Geometry (6EACA3D4-40EC-4CC1-B786-8BED09428FC5): 1
LogDevObjectVersion:   Dev-AnimPhys (29E575DD-E0A3-4627-9D10-D276232CDCEA): 7
LogInit: Compiled (64-bit): Sep 22 2017 13:47:16
LogInit: Compiled with Visual C++: 19.00.24215.01
LogInit: Build Configuration: Development
LogInit: Branch Name: ++UE4+Release-4.17
LogInit: Command line: -EpicPortal 
LogInit: Base directory: C:/Program Files/Epic Games/UE_4.17/Engine/Binaries/Win64/
LogInit: Installed Engine Build: 1
LogInit: Presizing for max 8388607 objects, including 0 objects not considered by GC, pre-allocating 0 bytes for permanent pool.
LogInit: Object subsystem initialized
[2017.09.30-15.33.44:567][  0]LogInit: Selected Device Profile: [Windows]
[2017.09.30-15.33.44:567][  0]LogInit: Applying CVar settings loaded from the selected device profile: [Windows]
[2017.09.30-15.33.44:575][  0]LogInit: Computer: SARAS117
[2017.09.30-15.33.44:575][  0]LogInit: User: Admin
[2017.09.30-15.33.44:575][  0]LogInit: CPU Page size=4096, Cores=4
[2017.09.30-15.33.44:575][  0]LogInit: High frequency timer resolution =2.742186 MHz
[2017.09.30-15.33.44:575][  0]LogMemory: Memory total: Physical=7.9GB (8GB approx)
[2017.09.30-15.33.44:575][  0]LogMemory: Platform Memory Stats for Windows
[2017.09.30-15.33.44:575][  0]LogMemory: Process Physical Memory: 278.88 MB used, 278.88 MB peak
[2017.09.30-15.33.44:575][  0]LogMemory: Process Virtual Memory: 282.13 MB used, 282.13 MB peak
[2017.09.30-15.33.44:575][  0]LogMemory: Physical Memory: 4660.88 MB used,  3415.95 MB free, 8076.82 MB total
[2017.09.30-15.33.44:575][  0]LogMemory: Virtual Memory: 676.78 MB used,  3415.95 MB free, 134217728.00 MB total
[2017.09.30-15.33.44:763][  0]LogInit: Using OS detected language (en-US).
[2017.09.30-15.33.44:763][  0]LogInit: Using OS detected locale (en-US).
[2017.09.30-15.33.44:766][  0]LogTextLocalizationManager: No specific localization for 'en-US' exists, so the 'en' localization will be used.
[2017.09.30-15.33.45:492][  0]LogD3D11RHI: D3D11 adapters:
[2017.09.30-15.33.46:244][  0]LogD3D11RHI:    0. 'NVIDIA GeForce GTX 1050' (Feature Level 11_0)
[2017.09.30-15.33.46:244][  0]LogD3D11RHI:       1974/0/4038 MB DedicatedVideo/DedicatedSystem/SharedSystem, Outputs:2, VendorId:0x10de
[2017.09.30-15.33.46:252][  0]LogD3D11RHI:    1. 'Intel(R) HD Graphics 630' (Feature Level 11_0)
[2017.09.30-15.33.46:252][  0]LogD3D11RHI:       128/0/4038 MB DedicatedVideo/DedicatedSystem/SharedSystem, Outputs:0, VendorId:0x8086
[2017.09.30-15.33.46:253][  0]LogD3D11RHI:    2. 'Microsoft Basic Render Driver' (Feature Level 11_0)
[2017.09.30-15.33.46:253][  0]LogD3D11RHI:       0/0/4038 MB DedicatedVideo/DedicatedSystem/SharedSystem, Outputs:0, VendorId:0x1414
[2017.09.30-15.33.46:253][  0]LogD3D11RHI: Chosen D3D11 Adapter: 0
[2017.09.30-15.33.46:260][  0]LogD3D11RHI: Creating new Direct3DDevice
[2017.09.30-15.33.46:260][  0]LogD3D11RHI:     GPU DeviceId: 0x1c8d (for the marketing name, search the web for "GPU Device Id")
[2017.09.30-15.33.46:260][  0]LogWindows: EnumDisplayDevices:
[2017.09.30-15.33.46:261][  0]LogWindows:    0. 'Intel(R) HD Graphics 630' (P:1 D:1)
[2017.09.30-15.33.46:261][  0]LogWindows:    1. 'Intel(R) HD Graphics 630' (P:0 D:1)
[2017.09.30-15.33.46:261][  0]LogWindows:    2. 'Intel(R) HD Graphics 630' (P:0 D:0)
[2017.09.30-15.33.46:261][  0]LogWindows: DebugString: PrimaryIsNotTheChoosenAdapter PrimaryIsNotTheChoosenAdapter PrimaryIsNotTheChoosenAdapter FoundDriverCount:0 
[2017.09.30-15.33.46:261][  0]LogD3D11RHI:     Adapter Name: NVIDIA GeForce GTX 1050
[2017.09.30-15.33.46:261][  0]LogD3D11RHI:   Driver Version: Unknown (internal:Unknown, unified:Unknown)
[2017.09.30-15.33.46:261][  0]LogD3D11RHI:      Driver Date: Unknown
[2017.09.30-15.33.46:261][  0]LogRHI: Texture pool is 1361 MB (70% of 1945 MB)
[2017.09.30-15.33.46:882][  0]LogD3D11RHI: Async texture creation enabled
[2017.09.30-15.33.46:915][  0]LogD3D11RHI: GPU Timing Frequency: 1000.000000 (Debug: 2 1)
[2017.09.30-15.33.46:916][  0]LogShaderCompilers: Guid format shader working directory is 10 characters bigger than the processId version (D:/Workspace/Unreal/GameDevTutorial2/Intermediate/Shaders/WorkingDirectory/8072/).
[2017.09.30-15.33.46:917][  0]LogShaderCompilers: Cleaned the shader compiler working directory 'C:/Users/Admin/AppData/Local/Temp/UnrealShaderWorkingDir/18760F0249E1B22D0B569CB9893A1F0B/'.
[2017.09.30-15.33.46:917][  0]LogShaderCompilers: Display: Using Local Shader Compiler.
[2017.09.30-15.33.47:853][  0]LogTemp: Display: Loaded TP AllDesktopTargetPlatform
[2017.09.30-15.33.47:914][  0]LogTemp: Display: Loaded TP MacClientTargetPlatform
[2017.09.30-15.33.47:972][  0]LogTemp: Display: Loaded TP MacNoEditorTargetPlatform
[2017.09.30-15.33.48:028][  0]LogTemp: Display: Loaded TP MacServerTargetPlatform
[2017.09.30-15.33.48:087][  0]LogTemp: Display: Loaded TP MacTargetPlatform
[2017.09.30-15.33.48:148][  0]LogTemp: Display: Loaded TP WindowsClientTargetPlatform
[2017.09.30-15.33.48:214][  0]LogTemp: Display: Loaded TP WindowsNoEditorTargetPlatform
[2017.09.30-15.33.48:277][  0]LogTemp: Display: Loaded TP WindowsServerTargetPlatform
[2017.09.30-15.33.48:330][  0]LogTemp: Display: Loaded TP WindowsTargetPlatform
[2017.09.30-15.33.48:387][  0]LogTemp: Display: Loaded TP AndroidTargetPlatform
[2017.09.30-15.33.48:443][  0]LogTemp: Display: Loaded TP Android_ASTCTargetPlatform
[2017.09.30-15.33.48:497][  0]LogTemp: Display: Loaded TP Android_ATCTargetPlatform
[2017.09.30-15.33.48:555][  0]LogTemp: Display: Loaded TP Android_DXTTargetPlatform
[2017.09.30-15.33.48:613][  0]LogTemp: Display: Loaded TP Android_ETC1TargetPlatform
[2017.09.30-15.33.48:671][  0]LogTemp: Display: Loaded TP Android_ETC2TargetPlatform
[2017.09.30-15.33.48:786][  0]LogTemp: Display: Loaded TP Android_MultiTargetPlatform
[2017.09.30-15.33.48:786][  0]LogTemp: Display: Loaded TP Android_PVRTCTargetPlatform
[2017.09.30-15.33.48:836][  0]LogTemp: Display: Loaded TP HTML5TargetPlatform
[2017.09.30-15.33.48:941][  0]LogTemp: Display: Loaded TP IOSTargetPlatform
[2017.09.30-15.33.48:973][  0]LogTemp: Display: Loaded TP TVOSTargetPlatform
[2017.09.30-15.33.49:029][  0]LogTemp: Display: Loaded TP LinuxClientTargetPlatform
[2017.09.30-15.33.49:086][  0]LogTemp: Display: Loaded TP LinuxNoEditorTargetPlatform
[2017.09.30-15.33.49:143][  0]LogTemp: Display: Loaded TP LinuxServerTargetPlatform
[2017.09.30-15.33.49:198][  0]LogTemp: Display: Loaded TP LinuxTargetPlatform
[2017.09.30-15.33.49:198][  0]LogTargetPlatformManager: Display: Building Assets For Windows
[2017.09.30-15.33.49:787][  0]LogDerivedDataCache: Display: Max Cache Size: 512 MB
[2017.09.30-15.33.49:906][  0]LogDerivedDataCache: Loaded boot cache 0.12s 93MB C:/Users/Admin/AppData/Local/UnrealEngine/4.17/DerivedDataCache/Boot.ddc.
[2017.09.30-15.33.49:906][  0]LogDerivedDataCache: Display: Loaded Boot cache: C:/Users/Admin/AppData/Local/UnrealEngine/4.17/DerivedDataCache/Boot.ddc
[2017.09.30-15.33.49:906][  0]LogDerivedDataCache: FDerivedDataBackendGraph:  Pak pak cache file D:/Workspace/Unreal/GameDevTutorial2/DerivedDataCache/DDC.ddp not found, will not use a pak cache.
[2017.09.30-15.33.49:906][  0]LogDerivedDataCache: Unable to find inner node Pak for hierarchical cache Hierarchy.
[2017.09.30-15.33.49:906][  0]LogDerivedDataCache: FDerivedDataBackendGraph:  CompressedPak pak cache file D:/Workspace/Unreal/GameDevTutorial2/DerivedDataCache/Compressed.ddp not found, will not use a pak cache.
[2017.09.30-15.33.49:906][  0]LogDerivedDataCache: Unable to find inner node CompressedPak for hierarchical cache Hierarchy.
[2017.09.30-15.33.49:922][  0]LogDerivedDataCache: Display: Pak cache opened for reading ../../../Engine/DerivedDataCache/Compressed.ddp.
[2017.09.30-15.33.49:934][  0]LogDerivedDataCache: Using Local data cache path C:/Users/Admin/AppData/Local/UnrealEngine/Common/DerivedDataCache: Writable
[2017.09.30-15.33.49:943][  0]LogMaterial: Verifying Global Shaders for PCD3D_SM5
[2017.09.30-15.33.49:944][  0]LogSlate: Using Freetype 2.6.0
[2017.09.30-15.33.49:944][  0]LogSlate: SlateFontCache - WITH_FREETYPE: 1, WITH_HARFBUZZ: 1
[2017.09.30-15.33.49:944][  0]LogSlate: SlateFontCache - WITH_FREETYPE: 1, WITH_HARFBUZZ: 1
[2017.09.30-15.33.50:216][  0]LogAssetRegistry: FAssetRegistry took 0.0255 seconds to start up
[2017.09.30-15.33.50:333][  0]LogInit: Selected Device Profile: [Windows]
[2017.09.30-15.33.50:499][  0]LogContentStreaming: Texture pool size is 0.00 MB
[2017.09.30-15.33.50:845][  0]LogSimplygon: Simplygon DLL not present - disabling.
[2017.09.30-15.33.50:896][  0]LogMeshReduction: Using SimplygonSwarm for distributed automatic mesh merging
[2017.09.30-15.33.50:896][  0]LogMeshReduction: Using QuadricMeshReduction for automatic static mesh reduction
[2017.09.30-15.33.50:896][  0]LogMeshReduction: No automatic skeletal mesh reduction module available
[2017.09.30-15.33.50:896][  0]LogMeshReduction: No automatic mesh merging module available
[2017.09.30-15.33.50:896][  0]LogMeshMerging: No automatic mesh merging module available
[2017.09.30-15.33.51:304][  0]LogNetVersion: GameDevTutorial2 , NetCL: 3573198, EngineNetVer: 2, GameNetVer: 0 (Checksum: 3366423124)
[2017.09.30-15.33.51:532][  0]LogPackageLocalizationCache: Processed 5 localized package path(s) for 2 prioritized culture(s) in 0.029481 seconds
[2017.09.30-15.33.51:537][  0]LogUObjectArray: 35825 objects as part of root set at end of initial load.
[2017.09.30-15.33.51:537][  0]LogUObjectAllocator: 7529104 out of 0 bytes used by permanent object pool.
[2017.09.30-15.33.51:537][  0]LogUObjectArray: CloseDisregardForGC: 0/0 objects in disregard for GC pool
[2017.09.30-15.33.51:612][  0]LogInit: WinSock: version 1.1 (2.2), MaxSocks=32767, MaxUdp=65467
[2017.09.30-15.33.54:502][  0]LogTcpMessaging: Initializing TcpMessaging bridge
[2017.09.30-15.33.54:550][  0]LogUdpMessaging: Initializing bridge on interface 0.0.0.0:0 to multicast group 230.0.0.1:6666.
[2017.09.30-15.33.55:307][  0]LogMaterial: Uniform references updated for custom material expression Custom.
[2017.09.30-15.33.55:787][  0]SourceControl: Source control is disabled
[2017.09.30-15.33.55:787][  0]SourceControl: Source control is disabled
[2017.09.30-15.33.55:849][  0]SourceControl: Source control is disabled
[2017.09.30-15.33.55:910][  0]SourceControl: Source control is disabled
[2017.09.30-15.33.56:622][  0]LogAndroidPermission: UAndroidPermissionCallbackProxy::GetInstance
[2017.09.30-15.33.56:921][  0]LogOcInput: OculusInput pre-init called
[2017.09.30-15.33.57:231][  0]LogEngine: Initializing Engine...
[2017.09.30-15.33.57:234][  0]LogHMD: Failed to initialize OpenVR with code 110
[2017.09.30-15.33.57:495][  0]LogStats: UGameplayTagsManager::ConstructGameplayTagTree: Construct from data asset -  0.000 s
[2017.09.30-15.33.57:495][  0]LogStats: UGameplayTagsManager::ConstructGameplayTagTree: GameplayTagTreeChangedEvent.Broadcast -  0.000 s
[2017.09.30-15.33.57:653][  0]LogAIModule: Creating AISystem for world Untitled
[2017.09.30-15.33.57:662][  0]LogInit: XAudio2 using 'Speakers (Realtek High Definition Audio)' : 2 channels at 48 kHz using 32 bits per sample (channel mask 0x3)
[2017.09.30-15.33.57:760][  0]LogInit: FAudioDevice initialized.
[2017.09.30-15.33.58:126][  0]LogDerivedDataCache: Saved boot cache 0.37s 93MB C:/Users/Admin/AppData/Local/UnrealEngine/4.17/DerivedDataCache/Boot.ddc.
[2017.09.30-15.33.58:147][  0]LogInit: Texture streaming: Enabled
[2017.09.30-15.33.58:297][  0]LogEngineSessionManager: EngineSessionManager initialized
[2017.09.30-15.33.58:575][  0]LogInit: Transaction tracking system initialized
[2017.09.30-15.33.58:956][  0]BlueprintLog: New page: Editor Load
[2017.09.30-15.34.00:074][  0]LocalizationService: Localization service is disabled
[2017.09.30-15.34.00:895][  0]LogConsoleResponse: Display: 
[2017.09.30-15.34.01:105][  0]LogCook: Display: Max memory allowance for cook 16384mb min free memory 0mb
[2017.09.30-15.34.01:105][  0]LogCook: Display: Mobile HDR setting 1
[2017.09.30-15.34.01:105][  0]LogGameplayTags: Display: UGameplayTagsManager::DoneAddingNativeTags. DelegateIsBound: 0
[2017.09.30-15.34.02:326][  0]LogFileCache: Scanning file cache for directory 'D:/Workspace/Unreal/GameDevTutorial2/Content/' took 0.02s
[2017.09.30-15.34.02:385][  0]SourceControl: Source control is disabled
[2017.09.30-15.34.02:385][  0]Cmd: MAP LOAD FILE="D:/Workspace/Unreal/GameDevTutorial2/Content/2DSideScrollerBP/Maps/2DSideScrollerExampleMap.umap" TEMPLATE=0 SHOWPROGRESS=1 FEATURELEVEL=3
[2017.09.30-15.34.02:386][  0]LightingResults: New page: Lighting Build
[2017.09.30-15.34.02:435][  0]MapCheck: New page: Map Check
[2017.09.30-15.34.02:435][  0]LightingResults: New page: Lighting Build
[2017.09.30-15.34.02:630][  0]LogAIModule: Creating AISystem for world 2DSideScrollerExampleMap
[2017.09.30-15.34.02:635][  0]LogEditorServer: Finished looking for orphan Actors (0.000 secs)
[2017.09.30-15.34.02:646][  0]Cmd: MAP CHECKDEP NOCLEARLOG
[2017.09.30-15.34.02:704][  0]MapCheck: Map check complete: 0 Error(s), 0 Warning(s), took 58.432ms to complete.
[2017.09.30-15.34.02:704][  0]LogFileHelpers: Loading map '2DSideScrollerExampleMap' took 0.319
[2017.09.30-15.34.02:876][  0]LogCollectionManager: Loaded 0 collections in 0.001547 seconds
[2017.09.30-15.34.02:971][  0]LogFileCache: Scanning file cache for directory 'D:/Workspace/Unreal/GameDevTutorial2/Saved/Collections/' took 0.01s
[2017.09.30-15.34.02:971][  0]LogFileCache: Scanning file cache for directory 'D:/Workspace/Unreal/GameDevTutorial2/Content/Developers/Admin/Collections/' took 0.01s
[2017.09.30-15.34.02:971][  0]LogFileCache: Scanning file cache for directory 'D:/Workspace/Unreal/GameDevTutorial2/Content/Collections/' took 0.01s
[2017.09.30-15.34.02:972][  0]LogCollectionManager: Rebuilt the GUID cache for 0 collections in 0.000001 seconds
[2017.09.30-15.34.02:980][  0]LogContentBrowser: Native class hierarchy populated in 0.0083 seconds. Added 2386 classes and 500 folders.
[2017.09.30-15.34.03:060][  0]LogContentBrowser: Native class hierarchy updated for 'WidgetCarousel' in 0.0006 seconds. Added 0 classes and 0 folders.
[2017.09.30-15.34.03:105][  0]LogContentBrowser: Native class hierarchy updated for 'AddContentDialog' in 0.0007 seconds. Added 0 classes and 0 folders.
[2017.09.30-15.34.03:161][  0]LogContentBrowser: Native class hierarchy updated for 'SceneOutliner' in 0.0015 seconds. Added 1 classes and 2 folders.
[2017.09.30-15.34.03:187][  0]LogSlate: Took 0.000379 seconds to synchronously load lazily loaded font '../../../Engine/Content/Slate/Fonts/Roboto-Regular.ttf' (155K)
[2017.09.30-15.34.03:191][  0]LogSlate: Took 0.000291 seconds to synchronously load lazily loaded font '../../../Engine/Content/Slate/Fonts/Roboto-Bold.ttf' (160K)
[2017.09.30-15.34.03:198][  0]LogSlate: Took 0.000325 seconds to synchronously load lazily loaded font '../../../Engine/Content/Editor/Slate/Fonts/FontAwesome.ttf' (139K)
[2017.09.30-15.34.03:314][  0]LogRenderer: Reallocating scene render targets to support 1208x576 Format 10 NumSamples 1 (Frame:1).
[2017.09.30-15.34.03:575][  0]LogContentBrowser: Native class hierarchy updated for 'HierarchicalLODOutliner' in 0.0006 seconds. Added 1 classes and 2 folders.
[2017.09.30-15.34.03:575][  0]LogLoad: (Engine Initialization) Total time: 20.86 seconds
[2017.09.30-15.34.03:576][  0]LogLoad: (Engine Initialization) Total Blueprint compile time: 0.00 seconds
[2017.09.30-15.34.03:576][  0]LogExternalProfiler: No external profilers were discovered.  External profiling features will not be available.
[2017.09.30-15.34.03:601][  0]LogWindowsTextInputMethodSystem: Display: IME system now deactivated.
[2017.09.30-15.34.03:621][  0]LogContentStreaming: Texture pool size now 1000 MB
[2017.09.30-15.34.03:658][  0]LogSlate: Took 0.000460 seconds to synchronously load lazily loaded font '../../../Engine/Content/Slate/Fonts/Roboto-Light.ttf' (159K)
[2017.09.30-15.34.03:683][  1]LogAssetRegistry: Asset discovery search completed in 13.4893 seconds
[2017.09.30-15.34.03:691][  1]LogCollectionManager: Rebuilt the object cache for 0 collections in 0.000000 seconds (found 0 objects)
[2017.09.30-15.34.03:691][  1]LogCollectionManager: Fixed up redirectors for 0 collections in 0.000063 seconds (updated 0 objects)
[2017.09.30-15.34.13:845][608]LogSlate: Took 0.000230 seconds to synchronously load lazily loaded font '../../../Engine/Content/Slate/Fonts/Roboto-Light.ttf' (159K)
[2017.09.30-15.34.14:238][608]LogContentBrowser: Native class hierarchy updated for 'BlueprintGraph' in 0.0011 seconds. Added 113 classes and 0 folders.
[2017.09.30-15.34.14:842][608]LogSlate: Took 0.000108 seconds to synchronously load lazily loaded font '../../../Engine/Content/Slate/Fonts/Roboto-Regular.ttf' (155K)
[2017.09.30-15.34.14:935][608]LogSlate: Took 0.000196 seconds to synchronously load lazily loaded font '../../../Engine/Content/Editor/Slate/Fonts/Roboto-BoldCondensed.ttf' (158K)
[2017.09.30-15.34.15:090][609]LogSlate: Took 0.000220 seconds to synchronously load lazily loaded font '../../../Engine/Content/Editor/Slate/Fonts/Roboto-Italic.ttf' (157K)
[2017.09.30-15.34.18:500][797]LogSlate: Took 0.000222 seconds to synchronously load lazily loaded font '../../../Engine/Content/Slate/Fonts/Roboto-Light.ttf' (159K)
[2017.09.30-15.35.06:974][265]Cmd: OBJ SAVEPACKAGE PACKAGE="/Game/KenneyTemplate/Flipbooks/IdleAnim" FILE="D:/Workspace/Unreal/GameDevTutorial2/Content/KenneyTemplate/Flipbooks/IdleAnim.uasset" SILENT=true
[2017.09.30-15.35.07:095][265]LogSavePackage: Save=5.20ms
[2017.09.30-15.35.07:095][265]LogSavePackage: Moving 'D:/Workspace/Unreal/GameDevTutorial2/Saved/IdleAnimF064A84C423F0D288B2102A07F7CAD2B.tmp' to 'D:/Workspace/Unreal/GameDevTutorial2/Content/KenneyTemplate/Flipbooks/IdleAnim.uasset'
[2017.09.30-15.35.07:096][265]LogSavePackage: Display: Finished SavePackage D:/Workspace/Unreal/GameDevTutorial2/Content/KenneyTemplate/Flipbooks/IdleAnim.uasset
[2017.09.30-15.37.44:610][ 22]BlueprintLog: New page: Compile 2DSideScrollerCharacter
[2017.09.30-15.37.51:383][384]LogSavePackage: Save=79.80ms
[2017.09.30-15.37.51:384][384]LogSavePackage: Moving 'D:/Workspace/Unreal/GameDevTutorial2/Saved/2DSideScrollerCharacterBC5ADF5F491F2A5C696387BD57D4C69A.tmp' to 'D:/Workspace/Unreal/GameDevTutorial2/Content/2DSideScrollerBP/Blueprints/2DSideScrollerCharacter.uasset'
[2017.09.30-15.37.51:384][384]LogSavePackage: Display: Finished SavePackage D:/Workspace/Unreal/GameDevTutorial2/Content/2DSideScrollerBP/Blueprints/2DSideScrollerCharacter.uasset
[2017.09.30-15.38.34:405][688]LogSlate: Warning: Prevented a slow task dialog from being summoned while a context menu was open
[2017.09.30-15.38.38:203][900]BlueprintLog: New page: Compile MyGameMode
[2017.09.30-15.38.39:113][942]Cmd: OBJ SAVEPACKAGE PACKAGE="/Game/2DSideScrollerBP/Blueprints/MyGameMode" FILE="D:/Workspace/Unreal/GameDevTutorial2/Content/2DSideScrollerBP/Blueprints/MyGameMode.uasset" SILENT=true
[2017.09.30-15.38.39:122][942]LogSavePackage: Save=7.89ms
[2017.09.30-15.38.39:122][942]LogSavePackage: Moving 'D:/Workspace/Unreal/GameDevTutorial2/Saved/MyGameMode9B332BF74ECC8E2EF252D78081AA6146.tmp' to 'D:/Workspace/Unreal/GameDevTutorial2/Content/2DSideScrollerBP/Blueprints/MyGameMode.uasset'
[2017.09.30-15.38.39:123][942]LogSavePackage: Display: Finished SavePackage D:/Workspace/Unreal/GameDevTutorial2/Content/2DSideScrollerBP/Blueprints/MyGameMode.uasset
[2017.09.30-15.38.40:637][ 31]Cmd: OBJ SAVEPACKAGE PACKAGE="/Game/2DSideScrollerBP/Blueprints/MyGameMode" FILE="D:/Workspace/Unreal/GameDevTutorial2/Content/2DSideScrollerBP/Blueprints/MyGameMode.uasset" SILENT=true
[2017.09.30-15.38.40:648][ 31]LogSavePackage: Save=9.82ms
[2017.09.30-15.38.40:649][ 31]LogSavePackage: Moving 'D:/Workspace/Unreal/GameDevTutorial2/Saved/MyGameModeC0F2C1934DC4C104E974DF8641230912.tmp' to 'D:/Workspace/Unreal/GameDevTutorial2/Content/2DSideScrollerBP/Blueprints/MyGameMode.uasset'
[2017.09.30-15.38.40:649][ 31]LogSavePackage: Display: Finished SavePackage D:/Workspace/Unreal/GameDevTutorial2/Content/2DSideScrollerBP/Blueprints/MyGameMode.uasset
[2017.09.30-15.39.06:291][380]LogSavePackage: Save=20.20ms
[2017.09.30-15.39.06:291][380]LogSavePackage: Moving 'D:/Workspace/Unreal/GameDevTutorial2/Saved/Level1825297CD4DA33DC580D79DBC8EEAAC1A.tmp' to 'D:/Workspace/Unreal/GameDevTutorial2/Content/2DSideScrollerBP/Blueprints/Level1.umap'
[2017.09.30-15.39.06:292][380]LogSavePackage: Display: Finished SavePackage D:/Workspace/Unreal/GameDevTutorial2/Content/2DSideScrollerBP/Blueprints/Level1.umap
[2017.09.30-15.39.06:302][380]LogFileHelpers: Saving map 'Level1' took 0.135
[2017.09.30-15.39.06:443][380]LogSavePackage: Save=59.27ms
[2017.09.30-15.39.06:443][380]LogSavePackage: Moving 'D:/Workspace/Unreal/GameDevTutorial2/Saved/2DSideScrollerExampleMapE3DEFC0A48EC0A5BA18A6B8E18B4DCA9.tmp' to 'D:/Workspace/Unreal/GameDevTutorial2/Content/2DSideScrollerBP/Maps/2DSideScrollerExampleMap.umap'
[2017.09.30-15.39.06:444][380]LogSavePackage: Display: Finished SavePackage D:/Workspace/Unreal/GameDevTutorial2/Content/2DSideScrollerBP/Maps/2DSideScrollerExampleMap.umap
[2017.09.30-15.39.06:494][380]LogFileHelpers: Saving map '2DSideScrollerExampleMap' took 0.192
[2017.09.30-15.39.06:503][380]Cmd: MAP LOAD FILE="D:/Workspace/Unreal/GameDevTutorial2/Content/2DSideScrollerBP/Blueprints/Level1.umap" TEMPLATE=0 SHOWPROGRESS=1 FEATURELEVEL=3
[2017.09.30-15.39.06:503][380]LightingResults: New page: Lighting Build
[2017.09.30-15.39.06:503][380]LoadErrors: New page: Loading map: Level1.umap
[2017.09.30-15.39.06:504][380]MapCheck: New page: Map Check
[2017.09.30-15.39.06:504][380]LightingResults: New page: Lighting Build
[2017.09.30-15.39.06:538][380]LogEditorServer: Finished looking for orphan Actors (0.000 secs)
[2017.09.30-15.39.06:538][380]LogAIModule: Creating AISystem for world Level1
[2017.09.30-15.39.06:564][380]Cmd: MAP CHECKDEP NOCLEARLOG
[2017.09.30-15.39.06:624][380]MapCheck: Map check complete: 0 Error(s), 0 Warning(s), took 58.955ms to complete.
[2017.09.30-15.39.06:624][380]LogFileHelpers: Loading map 'Level1' took 0.123
[2017.09.30-15.39.22:997][341]LogSlate: Warning: Prevented a slow task dialog from being summoned while a context menu was open
[2017.09.30-15.40.01:523][573]Cmd: TRANSACTION UNDO
[2017.09.30-15.40.01:523][573]LogEditorTransaction: Undo Create Actors
[2017.09.30-15.40.06:421][859]Cmd: TRANSACTION UNDO
[2017.09.30-15.40.06:421][859]LogEditorTransaction: Undo Create Actors
[2017.09.30-15.40.52:352][605]LogEditorViewport: Clicking Background
[2017.09.30-15.40.55:652][800]LogEditorViewport: Clicking Background
[2017.09.30-15.41.00:661][ 93]LogEditorViewport: Clicking Background
[2017.09.30-15.41.05:151][362]LogEditorViewport: Clicking Background
[2017.09.30-15.41.32:383][958]LogEditorViewport: Clicking Background
[2017.09.30-15.41.36:619][209]LogEditorViewport: Clicking on Actor (LMB): PaperTileMapActor (spritesheet-32x-trans_TileMap)
[2017.09.30-15.42.00:596][644]LogEditorViewport: Clicking Background
[2017.09.30-15.42.08:014][ 88]LogEditorViewport: Clicking Background
[2017.09.30-15.42.23:061][980]LogEditorViewport: Clicking Background
[2017.09.30-15.43.46:924][926]LogEditorViewport: Clicking on Actor (context menu): PaperTileMapActor (spritesheet-32x-trans_TileMap)
[2017.09.30-15.46.23:977][548]LogEditorViewport: Clicking Background
[2017.09.30-15.47.14:265][863]LogEditorViewport: Clicking Background
[2017.09.30-15.47.14:704][889]LogEditorViewport: Clicking on Actor (LMB): KillZVolume (KillZVolume)
[2017.09.30-15.47.20:669][235]LogEditorViewport: Clicking on Actor (LMB): KillZVolume (KillZVolume)
[2017.09.30-15.47.20:714][237]LogEditorViewport: Clicking on Actor (double click): KillZVolume (KillZVolume)
[2017.09.30-15.47.21:984][312]LogEditorViewport: Clicking on Actor (LMB): KillZVolume (KillZVolume)
[2017.09.30-15.47.22:060][315]LogEditorViewport: Clicking on Actor (double click): KillZVolume (KillZVolume)
[2017.09.30-15.47.22:627][349]LogEditorViewport: Clicking Background
[2017.09.30-15.47.22:666][351]LogEditorViewport: Clicking Background
[2017.09.30-15.47.23:266][387]LogEditorViewport: Clicking Background
[2017.09.30-15.47.23:666][411]LogEditorViewport: Clicking Background
[2017.09.30-15.47.24:033][433]LogEditorViewport: Clicking Background
[2017.09.30-15.47.24:419][456]LogEditorViewport: Clicking on Actor (LMB): KillZVolume (KillZVolume)
[2017.09.30-15.47.24:789][477]LogEditorViewport: Clicking Background
[2017.09.30-15.47.25:380][512]LogEditorViewport: Clicking on Actor (LMB): KillZVolume (KillZVolume)
[2017.09.30-15.47.28:165][676]LogEditorViewport: Clicking on Actor (context menu): KillZVolume (KillZVolume)
[2017.09.30-15.47.29:884][777]Cmd: TRANSACTION UNDO
[2017.09.30-15.47.29:884][777]LogEditorTransaction: Undo Marquee Select
[2017.09.30-15.47.30:355][800]Cmd: TRANSACTION UNDO
[2017.09.30-15.47.30:355][800]LogEditorTransaction: Undo Clicking on Actors (context menu)
[2017.09.30-15.47.31:143][847]Cmd: TRANSACTION UNDO
[2017.09.30-15.47.31:143][847]LogEditorTransaction: Undo Clicking on Actors
[2017.09.30-15.47.31:760][884]Cmd: TRANSACTION UNDO
[2017.09.30-15.47.31:760][884]LogEditorTransaction: Undo Clicking Background
[2017.09.30-15.47.32:202][910]Cmd: TRANSACTION UNDO
[2017.09.30-15.47.32:202][910]LogEditorTransaction: Undo Clicking on Actors
[2017.09.30-15.47.32:736][942]Cmd: TRANSACTION UNDO
[2017.09.30-15.47.32:736][942]LogEditorTransaction: Undo Clicking Background
[2017.09.30-15.47.33:252][973]Cmd: TRANSACTION UNDO
[2017.09.30-15.47.33:252][973]LogEditorTransaction: Undo Clicking Background
[2017.09.30-15.47.34:203][ 30]Cmd: TRANSACTION UNDO
[2017.09.30-15.47.34:203][ 30]LogEditorTransaction: Undo Clicking Background
[2017.09.30-15.47.34:825][ 67]LogEditorViewport: Clicking Background
[2017.09.30-15.47.35:177][ 88]Cmd: TRANSACTION UNDO
[2017.09.30-15.47.35:177][ 88]LogEditorTransaction: Undo Clicking Background
[2017.09.30-15.47.35:428][103]Cmd: TRANSACTION UNDO
[2017.09.30-15.47.35:428][103]LogEditorTransaction: Undo Clicking Background
[2017.09.30-15.47.35:611][114]Cmd: TRANSACTION UNDO
[2017.09.30-15.47.35:611][114]LogEditorTransaction: Undo Clicking Background
[2017.09.30-15.47.36:110][143]Cmd: TRANSACTION UNDO
[2017.09.30-15.47.36:110][143]LogEditorTransaction: Undo Clicking on Actors (double-click)
[2017.09.30-15.47.36:313][155]Cmd: TRANSACTION UNDO
[2017.09.30-15.47.36:313][155]LogEditorTransaction: Undo Clicking on Actors
[2017.09.30-15.47.36:480][165]Cmd: TRANSACTION UNDO
[2017.09.30-15.47.36:480][165]LogEditorTransaction: Undo Marquee Select
[2017.09.30-15.47.36:808][184]Cmd: TRANSACTION UNDO
[2017.09.30-15.47.36:808][184]LogEditorTransaction: Undo Clicking on Actors (double-click)
[2017.09.30-15.47.37:008][196]Cmd: TRANSACTION UNDO
[2017.09.30-15.47.37:008][196]LogEditorTransaction: Undo Clicking on Actors
[2017.09.30-15.47.37:176][206]Cmd: TRANSACTION UNDO
[2017.09.30-15.47.37:176][206]LogEditorTransaction: Undo Move Actors
[2017.09.30-15.47.37:360][217]Cmd: TRANSACTION UNDO
[2017.09.30-15.47.37:360][217]LogEditorTransaction: Undo Clicking on Actors
[2017.09.30-15.47.37:812][244]Cmd: TRANSACTION UNDO
[2017.09.30-15.47.37:812][244]LogEditorTransaction: Undo Clicking Background
[2017.09.30-15.47.38:166][264]Cmd: TRANSACTION UNDO
[2017.09.30-15.47.38:167][264]LogEditorTransaction: Undo Marquee Select
[2017.09.30-15.47.38:584][288]Cmd: TRANSACTION UNDO
[2017.09.30-15.47.38:584][288]LogEditorTransaction: Undo Create Actors
[2017.09.30-15.47.59:898][561]LogEditorViewport: Clicking Background
[2017.09.30-15.48.01:205][639]LogEditorViewport: Clicking Background
[2017.09.30-15.48.01:489][656]LogEditorViewport: Clicking Background
[2017.09.30-15.48.01:688][668]LogEditorViewport: Clicking Background
[2017.09.30-15.48.01:988][686]LogEditorViewport: Clicking Background
[2017.09.30-15.48.02:305][705]LogEditorViewport: Clicking Background
[2017.09.30-15.48.02:655][726]LogEditorViewport: Clicking on Actor (LMB): KillZVolume (KillZVolume)
[2017.09.30-15.48.05:253][880]Cmd: TRANSACTION UNDO
[2017.09.30-15.48.05:253][880]LogEditorTransaction: Undo Clicking on Actors
[2017.09.30-15.48.06:392][948]Cmd: TRANSACTION UNDO
[2017.09.30-15.48.06:392][948]LogEditorTransaction: Undo Clicking Background
[2017.09.30-15.48.07:231][998]Cmd: TRANSACTION UNDO
[2017.09.30-15.48.07:231][998]LogEditorTransaction: Undo Clicking Background
[2017.09.30-15.48.07:447][ 11]Cmd: TRANSACTION UNDO
[2017.09.30-15.48.07:447][ 11]LogEditorTransaction: Undo Clicking Background
[2017.09.30-15.48.07:632][ 22]Cmd: TRANSACTION UNDO
[2017.09.30-15.48.07:632][ 22]LogEditorTransaction: Undo Clicking Background
[2017.09.30-15.48.08:082][ 49]Cmd: TRANSACTION UNDO
[2017.09.30-15.48.08:082][ 49]LogEditorTransaction: Undo Clicking Background
[2017.09.30-15.48.08:231][ 58]Cmd: TRANSACTION UNDO
[2017.09.30-15.48.08:231][ 58]LogEditorTransaction: Undo Clicking Background
[2017.09.30-15.48.08:381][ 66]Cmd: TRANSACTION UNDO
[2017.09.30-15.48.08:381][ 66]LogEditorTransaction: Undo Edit Y
[2017.09.30-15.48.38:251][840]Cmd: TRANSACTION UNDO
[2017.09.30-15.48.38:251][840]LogEditorTransaction: Undo Brush Set
[2017.09.30-15.48.38:608][861]Cmd: TRANSACTION UNDO
[2017.09.30-15.48.38:608][861]LogEditorTransaction: Undo Brush Set
[2017.09.30-15.48.39:360][906]Cmd: TRANSACTION UNDO
[2017.09.30-15.48.39:360][906]LogEditorTransaction: Undo Brush Set
[2017.09.30-15.48.52:848][711]Cmd: TRANSACTION UNDO
[2017.09.30-15.48.52:848][711]LogEditorTransaction: Undo Set actor scale
[2017.09.30-15.48.53:188][731]Cmd: TRANSACTION UNDO
[2017.09.30-15.48.53:188][731]LogEditorTransaction: Undo Set actor scale
[2017.09.30-15.49.00:319][158]LogEditorViewport: Clicking Background
[2017.09.30-15.49.03:225][332]LogEditorViewport: Clicking Background
[2017.09.30-15.49.03:525][350]LogEditorViewport: Clicking Background
[2017.09.30-15.49.03:909][373]LogEditorViewport: Clicking on Actor (LMB): KillZVolume (KillZVolume)
[2017.09.30-15.49.10:185][748]LogEditorViewport: Clicking Background
[2017.09.30-15.49.11:024][798]LogEditorViewport: Clicking Background
[2017.09.30-15.49.11:408][821]LogEditorViewport: Clicking on Actor (LMB): KillZVolume (KillZVolume)
[2017.09.30-15.49.19:716][316]LogEditorViewport: Clicking Background
[2017.09.30-15.49.20:083][338]LogEditorViewport: Clicking on Actor (LMB): KillZVolume (KillZVolume)
[2017.09.30-15.49.21:920][446]LogEditorViewport: Clicking Background
[2017.09.30-15.49.22:337][471]LogEditorViewport: Clicking on Actor (LMB): KillZVolume (KillZVolume)
[2017.09.30-15.49.33:324][127]LogEditorViewport: Clicking Background
[2017.09.30-15.49.36:069][291]LogEditorViewport: Clicking Background
[2017.09.30-15.49.36:419][312]LogEditorViewport: Clicking Background
[2017.09.30-15.49.36:669][327]LogEditorViewport: Clicking on Actor (LMB): KillZVolume (KillZVolume)
[2017.09.30-15.49.41:649][623]LogEditorViewport: Clicking Background
[2017.09.30-15.49.42:388][667]LogEditorViewport: Clicking on Actor (LMB): KillZVolume (KillZVolume)
[2017.09.30-15.50.49:178][633]LogNavigationPoint: PostEditMove Clear paths rebuilt
[2017.09.30-15.51.11:368][935]Cmd: TRANSACTION UNDO
[2017.09.30-15.51.11:368][935]LogEditorTransaction: Undo Set actor scale
[2017.09.30-15.51.11:695][954]Cmd: TRANSACTION UNDO
[2017.09.30-15.51.11:695][954]LogEditorTransaction: Undo Set actor scale
[2017.09.30-15.51.12:046][975]Cmd: TRANSACTION UNDO
[2017.09.30-15.51.12:046][975]LogEditorTransaction: Undo Set actor scale
[2017.09.30-15.51.26:706][854]LogEditorViewport: Clicking Background
[2017.09.30-15.51.35:475][369]LogSavePackage: Save=13.19ms
[2017.09.30-15.51.35:475][369]LogSavePackage: Moving 'D:/Workspace/Unreal/GameDevTutorial2/Saved/Level1049BD83D41F46DF19E59838CA7F1486D.tmp' to 'D:/Workspace/Unreal/GameDevTutorial2/Content/2DSideScrollerBP/Blueprints/Level1.umap'
[2017.09.30-15.51.35:476][369]LogSavePackage: Display: Finished SavePackage D:/Workspace/Unreal/GameDevTutorial2/Content/2DSideScrollerBP/Blueprints/Level1.umap
[2017.09.30-15.53.51:724][126]Cmd: TRANSACTION UNDO
[2017.09.30-15.53.51:724][126]LogEditorTransaction: Undo Insert assets as frames
[2017.09.30-15.54.16:682][609]Cmd: OBJ SAVEPACKAGE PACKAGE="/Game/KenneyTemplate/Flipbooks/FallAnim" FILE="D:/Workspace/Unreal/GameDevTutorial2/Content/KenneyTemplate/Flipbooks/FallAnim.uasset" SILENT=true
[2017.09.30-15.54.16:686][609]LogSavePackage: Save=2.92ms
[2017.09.30-15.54.16:686][609]LogSavePackage: Moving 'D:/Workspace/Unreal/GameDevTutorial2/Saved/FallAnimCE42F90846E85D7CD740FCB3EA1B7D68.tmp' to 'D:/Workspace/Unreal/GameDevTutorial2/Content/KenneyTemplate/Flipbooks/FallAnim.uasset'
[2017.09.30-15.54.16:687][609]LogSavePackage: Display: Finished SavePackage D:/Workspace/Unreal/GameDevTutorial2/Content/KenneyTemplate/Flipbooks/FallAnim.uasset
[2017.09.30-15.54.53:551][817]Cmd: OBJ SAVEPACKAGE PACKAGE="/Game/KenneyTemplate/Flipbooks/FallAnim" FILE="D:/Workspace/Unreal/GameDevTutorial2/Content/KenneyTemplate/Flipbooks/FallAnim.uasset" SILENT=true
[2017.09.30-15.54.53:553][817]LogSavePackage: Save=0.84ms
[2017.09.30-15.54.53:553][817]LogSavePackage: Moving 'D:/Workspace/Unreal/GameDevTutorial2/Saved/FallAnim0CC13E8B4E105393A520DAA52077F83E.tmp' to 'D:/Workspace/Unreal/GameDevTutorial2/Content/KenneyTemplate/Flipbooks/FallAnim.uasset'
[2017.09.30-15.54.53:554][817]LogSavePackage: Display: Finished SavePackage D:/Workspace/Unreal/GameDevTutorial2/Content/KenneyTemplate/Flipbooks/FallAnim.uasset
[2017.09.30-15.56.54:136][956]Cmd: OBJ SAVEPACKAGE PACKAGE="/Game/KenneyTemplate/Flipbooks/JumpAnim" FILE="D:/Workspace/Unreal/GameDevTutorial2/Content/KenneyTemplate/Flipbooks/JumpAnim.uasset" SILENT=true
[2017.09.30-15.56.54:139][956]LogSavePackage: Save=2.97ms
[2017.09.30-15.56.54:139][956]LogSavePackage: Moving 'D:/Workspace/Unreal/GameDevTutorial2/Saved/JumpAnimF3AB674E445DA78936FED48F8C4E7A7B.tmp' to 'D:/Workspace/Unreal/GameDevTutorial2/Content/KenneyTemplate/Flipbooks/JumpAnim.uasset'
[2017.09.30-15.56.54:140][956]LogSavePackage: Display: Finished SavePackage D:/Workspace/Unreal/GameDevTutorial2/Content/KenneyTemplate/Flipbooks/JumpAnim.uasset
[2017.09.30-16.02.19:043][359]Cmd: TRANSACTION UNDO
[2017.09.30-16.02.19:043][359]LogEditorTransaction: Undo Create Pin Link
[2017.09.30-16.02.19:775][398]LogEditorTransaction: Undo Create Pin Link
[2017.09.30-16.03.21:416][ 72]LogEditorTransaction: Undo Create Pin Link
[2017.09.30-16.03.21:973][101]LogEditorTransaction: Undo Create Pin Link
[2017.09.30-16.03.22:473][131]LogEditorTransaction: Undo Create Pin Link
[2017.09.30-16.04.23:272][773]LogEditorTransaction: Undo Create Pin Link
[2017.09.30-16.04.23:648][791]LogEditorTransaction: Undo Break Pin Link
[2017.09.30-16.04.23:999][808]LogEditorTransaction: Undo Create Pin Link
[2017.09.30-16.04.24:316][827]LogEditorTransaction: Undo Create Pin Link
[2017.09.30-16.04.24:575][839]LogEditorTransaction: Undo Create Pin Link
[2017.09.30-16.04.24:759][850]LogEditorTransaction: Undo Create Pin Link
[2017.09.30-16.04.24:943][861]LogEditorTransaction: Undo Move Nodes
[2017.09.30-16.04.25:123][868]LogEditorTransaction: Undo Paste clipboard contents
[2017.09.30-16.04.25:311][875]LogEditorTransaction: Undo Create Pin Link
[2017.09.30-16.04.25:662][896]LogEditorTransaction: Undo Create Pin Link
[2017.09.30-16.04.26:068][917]LogEditorTransaction: Undo Move Node
[2017.09.30-16.04.26:542][942]LogEditorTransaction: Undo Paste clipboard contents
[2017.09.30-16.04.29:644][118]LogSavePackage: Save=73.23ms
[2017.09.30-16.04.29:644][118]LogSavePackage: Moving 'D:/Workspace/Unreal/GameDevTutorial2/Saved/2DSideScrollerCharacter1F3870B04A64AEC7A6D8F58BA2B5A0F0.tmp' to 'D:/Workspace/Unreal/GameDevTutorial2/Content/2DSideScrollerBP/Blueprints/2DSideScrollerCharacter.uasset'
[2017.09.30-16.04.29:646][118]LogSavePackage: Display: Finished SavePackage D:/Workspace/Unreal/GameDevTutorial2/Content/2DSideScrollerBP/Blueprints/2DSideScrollerCharacter.uasset
[2017.09.30-16.04.30:155][148]BlueprintLog: New page: Compile 2DSideScrollerCharacter
[2017.09.30-16.04.34:016][353]LogSavePackage: Save=13.63ms
[2017.09.30-16.04.34:016][353]LogSavePackage: Moving 'D:/Workspace/Unreal/GameDevTutorial2/Saved/Level1D86DD17445028C08BC0CB3B0D9E50F81.tmp' to 'D:/Workspace/Unreal/GameDevTutorial2/Content/2DSideScrollerBP/Blueprints/Level1.umap'
[2017.09.30-16.04.34:017][353]LogSavePackage: Display: Finished SavePackage D:/Workspace/Unreal/GameDevTutorial2/Content/2DSideScrollerBP/Blueprints/Level1.umap
[2017.09.30-16.05.56:445][659]LogWindowsTextInputMethodSystem: Display: IME system now deactivated.
[2017.09.30-16.05.56:914][660]Cmd: QUIT_EDITOR
[2017.09.30-16.05.56:965][660]LogExit: Preparing to exit.
[2017.09.30-16.05.57:711][660]LogExit: Editor shut down
[2017.09.30-16.05.57:748][660]LogExit: Transaction tracking system shut down
[2017.09.30-16.05.58:003][660]LogDirectoryWatcher: A directory notification for '../../../Engine/Content/' was aborted.
[2017.09.30-16.05.58:004][660]LogDirectoryWatcher: A directory notification for 'D:/Workspace/Unreal/GameDevTutorial2/Content/' was aborted.
[2017.09.30-16.05.58:004][660]LogDirectoryWatcher: A directory notification for '../../../Engine/Plugins/2D/Paper2D/Content/' was aborted.
[2017.09.30-16.05.58:004][660]LogDirectoryWatcher: A directory notification for '../../../Engine/Plugins/Runtime/Oculus/OculusVR/Content/' was aborted.
[2017.09.30-16.05.58:004][660]LogDirectoryWatcher: A directory notification for '../../../Engine/Plugins/Runtime/Steam/SteamVR/Content/' was aborted.
[2017.09.30-16.05.58:155][660]LogExit: Object subsystem successfully closed.
[2017.09.30-16.05.58:179][660]LogD3D11RHI: Shutdown
[2017.09.30-16.05.58:179][660]LogD3D11RHI: CleanupD3DDevice
[2017.09.30-16.05.58:362][660]LogD3D11RHI: ~FD3D11DynamicRHI
[2017.09.30-16.05.58:399][660]LogModuleManager: Shutting down and abandoning module BlueprintGraph (534)
[2017.09.30-16.05.58:399][660]LogModuleManager: Shutting down and abandoning module BlueprintProfiler (532)
[2017.09.30-16.05.58:399][660]LogModuleManager: Shutting down and abandoning module HierarchicalLODOutliner (530)
[2017.09.30-16.05.58:399][660]LogModuleManager: Shutting down and abandoning module SceneOutliner (528)
[2017.09.30-16.05.58:399][660]LogModuleManager: Shutting down and abandoning module AddContentDialog (526)
[2017.09.30-16.05.58:399][660]LogDirectoryWatcher: A directory notification for 'C:/Program Files/Epic Games/UE_4.17/FeaturePacks/' was aborted.
[2017.09.30-16.05.58:406][660]LogModuleManager: Shutting down and abandoning module WidgetCarousel (525)
[2017.09.30-16.05.58:406][660]LogModuleManager: Shutting down and abandoning module EditorWidgets (522)
[2017.09.30-16.05.58:406][660]LogModuleManager: Shutting down and abandoning module CollectionManager (520)
[2017.09.30-16.05.58:406][660]LogDirectoryWatcher: A directory notification for 'D:/Workspace/Unreal/GameDevTutorial2/Content/Collections/' was aborted.
[2017.09.30-16.05.58:407][660]LogDirectoryWatcher: A directory notification for 'D:/Workspace/Unreal/GameDevTutorial2/Content/Developers/Admin/Collections/' was aborted.
[2017.09.30-16.05.58:407][660]LogDirectoryWatcher: A directory notification for 'D:/Workspace/Unreal/GameDevTutorial2/Saved/Collections/' was aborted.
[2017.09.30-16.05.58:407][660]LogModuleManager: Shutting down and abandoning module StatsViewer (518)
[2017.09.30-16.05.58:407][660]LogModuleManager: Shutting down and abandoning module FoliageEdit (516)
[2017.09.30-16.05.58:407][660]LogModuleManager: Shutting down and abandoning module LandscapeEditor (514)
[2017.09.30-16.05.58:408][660]LogModuleManager: Shutting down and abandoning module MeshPaintMode (512)
[2017.09.30-16.05.58:408][660]LogModuleManager: Shutting down and abandoning module SceneDepthPickerMode (510)
[2017.09.30-16.05.58:408][660]LogModuleManager: Shutting down and abandoning module ActorPickerMode (508)
[2017.09.30-16.05.58:408][660]LogModuleManager: Shutting down and abandoning module GeometryMode (506)
[2017.09.30-16.05.58:408][660]LogModuleManager: Shutting down and abandoning module TextureAlignMode (504)
[2017.09.30-16.05.58:408][660]LogModuleManager: Shutting down and abandoning module BspMode (502)
[2017.09.30-16.05.58:408][660]LogModuleManager: Shutting down and abandoning module PIEPreviewDeviceProfileSelector (500)
[2017.09.30-16.05.58:408][660]LogModuleManager: Shutting down and abandoning module HardwareSurvey (498)
[2017.09.30-16.05.58:408][660]LogModuleManager: Shutting down and abandoning module SequenceRecorderSections (496)
[2017.09.30-16.05.58:408][660]LogModuleManager: Shutting down and abandoning module AutomationWorker (494)
[2017.09.30-16.05.58:408][660]LogModuleManager: Shutting down and abandoning module MatineeToLevelSequence (492)
[2017.09.30-16.05.58:408][660]LogModuleManager: Shutting down and abandoning module LevelSequenceEditor (490)
[2017.09.30-16.05.58:408][660]LogModuleManager: Shutting down and abandoning module PlacementMode (489)
[2017.09.30-16.05.58:409][660]LogModuleManager: Shutting down and abandoning module WmfMediaFactory (486)
[2017.09.30-16.05.58:409][660]LogModuleManager: Shutting down and abandoning module WmfMediaEditor (484)
[2017.09.30-16.05.58:409][660]LogModuleManager: Shutting down and abandoning module AvfMediaFactory (482)
[2017.09.30-16.05.58:409][660]LogModuleManager: Shutting down and abandoning module AvfMediaEditor (480)
[2017.09.30-16.05.58:409][660]LogModuleManager: Shutting down and abandoning module AndroidMediaFactory (478)
[2017.09.30-16.05.58:409][660]LogModuleManager: Shutting down and abandoning module Media (477)
[2017.09.30-16.05.58:409][660]LogModuleManager: Shutting down and abandoning module AndroidMediaEditor (474)
[2017.09.30-16.05.58:409][660]LogModuleManager: Shutting down and abandoning module CharacterAI (472)
[2017.09.30-16.05.58:409][660]LogModuleManager: Shutting down and abandoning module AudioCapture (470)
[2017.09.30-16.05.58:409][660]LogModuleManager: Shutting down and abandoning module SequenceRecorder (469)
[2017.09.30-16.05.58:409][660]LogModuleManager: Shutting down and abandoning module SmartSnapping (466)
[2017.09.30-16.05.58:409][660]LogModuleManager: Shutting down and abandoning module SessionServices (464)
[2017.09.30-16.05.58:409][660]LogModuleManager: Shutting down and abandoning module ViewportSnapping (462)
[2017.09.30-16.05.58:409][660]LogModuleManager: Shutting down and abandoning module ViewportInteraction (460)
[2017.09.30-16.05.58:409][660]LogModuleManager: Shutting down and abandoning module ClothPainter (458)
[2017.09.30-16.05.58:409][660]LogModuleManager: Shutting down and abandoning module LogVisualizer (456)
[2017.09.30-16.05.58:409][660]LogModuleManager: Shutting down and abandoning module IntroTutorials (454)
[2017.09.30-16.05.58:410][660]LogModuleManager: Shutting down and abandoning module GameProjectGeneration (453)
[2017.09.30-16.05.58:410][660]LogModuleManager: Shutting down and abandoning module IOSPlatformEditor (450)
[2017.09.30-16.05.58:410][660]LogModuleManager: Shutting down and abandoning module HTML5PlatformEditor (448)
[2017.09.30-16.05.58:410][660]LogModuleManager: Shutting down and abandoning module AndroidPlatformEditor (446)
[2017.09.30-16.05.58:410][660]LogModuleManager: Shutting down and abandoning module AndroidDeviceDetection (445)
[2017.09.30-16.05.59:230][660]LogModuleManager: Shutting down and abandoning module WindowsPlatformEditor (442)
[2017.09.30-16.05.59:230][660]LogModuleManager: Shutting down and abandoning module IOSRuntimeSettings (440)
[2017.09.30-16.05.59:230][660]LogModuleManager: Shutting down and abandoning module AndroidRuntimeSettings (438)
[2017.09.30-16.05.59:230][660]LogModuleManager: Shutting down and abandoning module InputBindingEditor (436)
[2017.09.30-16.05.59:230][660]LogModuleManager: Shutting down and abandoning module MergeActors (434)
[2017.09.30-16.05.59:230][660]LogModuleManager: Shutting down and abandoning module SizeMap (432)
[2017.09.30-16.05.59:230][660]LogModuleManager: Shutting down and abandoning module TreeMap (430)
[2017.09.30-16.05.59:230][660]LogModuleManager: Shutting down and abandoning module ReferenceViewer (428)
[2017.09.30-16.05.59:230][660]LogModuleManager: Shutting down and abandoning module LocalizationDashboard (426)
[2017.09.30-16.05.59:230][660]LogModuleManager: Shutting down and abandoning module LocalizationService (425)
[2017.09.30-16.05.59:230][660]LogModuleManager: Shutting down and abandoning module HardwareTargeting (422)
[2017.09.30-16.05.59:230][660]LogModuleManager: Shutting down and abandoning module DeviceProfileEditor (420)
[2017.09.30-16.05.59:230][660]LogModuleManager: Shutting down and abandoning module UndoHistory (418)
[2017.09.30-16.05.59:230][660]LogModuleManager: Shutting down and abandoning module XmlParser (416)
[2017.09.30-16.05.59:230][660]LogModuleManager: Shutting down and abandoning module Blutility (414)
[2017.09.30-16.05.59:230][660]LogModuleManager: Shutting down and abandoning module ProjectSettingsViewer (412)
[2017.09.30-16.05.59:230][660]LogModuleManager: Shutting down and abandoning module ProjectTargetPlatformEditor (411)
[2017.09.30-16.05.59:231][660]LogModuleManager: Shutting down and abandoning module EditorSettingsViewer (408)
[2017.09.30-16.05.59:231][660]LogModuleManager: Shutting down and abandoning module SettingsEditor (406)
[2017.09.30-16.05.59:231][660]LogModuleManager: Shutting down and abandoning module ProjectLauncher (404)
[2017.09.30-16.05.59:231][660]LogModuleManager: Shutting down and abandoning module SessionFrontend (402)
[2017.09.30-16.05.59:231][660]LogModuleManager: Shutting down and abandoning module ProfilerClient (400)
[2017.09.30-16.05.59:231][660]LogModuleManager: Shutting down and abandoning module DeviceManager (398)
[2017.09.30-16.05.59:231][660]LogModuleManager: Shutting down and abandoning module TargetDeviceServices (397)
[2017.09.30-16.05.59:285][660]LogModuleManager: Shutting down and abandoning module AutomationController (394)
[2017.09.30-16.05.59:285][660]LogModuleManager: Shutting down and abandoning module AutomationWindow (392)
[2017.09.30-16.05.59:285][660]LogModuleManager: Shutting down and abandoning module Layers (390)
[2017.09.30-16.05.59:285][660]LogModuleManager: Shutting down and abandoning module ComponentVisualizers (388)
[2017.09.30-16.05.59:285][660]LogModuleManager: Shutting down and abandoning module DetailCustomizations (386)
[2017.09.30-16.05.59:285][660]LogModuleManager: Shutting down and abandoning module PackagesDialog (384)
[2017.09.30-16.05.59:285][660]LogModuleManager: Shutting down and abandoning module Persona (382)
[2017.09.30-16.05.59:285][660]LogModuleManager: Shutting down and abandoning module AdvancedPreviewScene (381)
[2017.09.30-16.05.59:285][660]LogModuleManager: Shutting down and abandoning module AnimGraph (379)
[2017.09.30-16.05.59:285][660]LogModuleManager: Shutting down and abandoning module Kismet (376)
[2017.09.30-16.05.59:295][660]LogModuleManager: Shutting down and abandoning module ClassViewer (374)
[2017.09.30-16.05.59:296][660]LogModuleManager: Shutting down and abandoning module Toolbox (372)
[2017.09.30-16.05.59:296][660]LogModuleManager: Shutting down and abandoning module ModuleUI (370)
[2017.09.30-16.05.59:296][660]LogModuleManager: Shutting down and abandoning module MovieSceneTools (368)
[2017.09.30-16.05.59:296][660]LogModuleManager: Shutting down and abandoning module OutputLog (366)
[2017.09.30-16.05.59:296][660]LogModuleManager: Shutting down and abandoning module GammaUI (364)
[2017.09.30-16.05.59:296][660]LogModuleManager: Shutting down and abandoning module Documentation (362)
[2017.09.30-16.05.59:297][660]LogModuleManager: Shutting down and abandoning module MovieSceneTracks (360)
[2017.09.30-16.05.59:297][660]LogModuleManager: Shutting down and abandoning module MovieScene (358)
[2017.09.30-16.05.59:297][660]LogModuleManager: Shutting down and abandoning module Niagara (356)
[2017.09.30-16.05.59:297][660]LogModuleManager: Shutting down and abandoning module NiagaraEditor (355)
[2017.09.30-16.05.59:297][660]LogModuleManager: Shutting down and abandoning module StreamingPauseRendering (352)
[2017.09.30-16.05.59:297][660]LogModuleManager: Shutting down and abandoning module LauncherPlatform (350)
[2017.09.30-16.05.59:297][660]LogModuleManager: Shutting down and abandoning module AnalyticsET (348)
[2017.09.30-16.05.59:297][660]LogModuleManager: Shutting down and abandoning module PortalServices (346)
[2017.09.30-16.05.59:297][660]LogModuleManager: Shutting down and abandoning module PortalRpc (344)
[2017.09.30-16.05.59:297][660]LogModuleManager: Shutting down and abandoning module MessagingRpc (342)
[2017.09.30-16.05.59:297][660]LogModuleManager: Shutting down and abandoning module AIModule (340)
[2017.09.30-16.05.59:297][660]LogModuleManager: Shutting down and abandoning module GameplayDebugger (339)
[2017.09.30-16.05.59:297][660]LogModuleManager: Shutting down and abandoning module AITestSuite (337)
[2017.09.30-16.05.59:297][660]LogModuleManager: Shutting down and abandoning module ProfilerService (334)
[2017.09.30-16.05.59:404][660]LogModuleManager: Shutting down and abandoning module TaskGraph (332)
[2017.09.30-16.05.59:404][660]LogModuleManager: Shutting down and abandoning module SteamVRController (330)
[2017.09.30-16.05.59:404][660]LogModuleManager: Shutting down and abandoning module ProceduralMeshComponentEditor (328)
[2017.09.30-16.05.59:404][660]LogModuleManager: Shutting down and abandoning module ProceduralMeshComponent (326)
[2017.09.30-16.05.59:404][660]LogModuleManager: Shutting down and abandoning module OculusInput (324)
[2017.09.30-16.05.59:404][660]LogModuleManager: Shutting down and abandoning module MobilePatchingUtils (322)
[2017.09.30-16.05.59:404][660]LogModuleManager: Shutting down and abandoning module CustomMeshComponent (320)
[2017.09.30-16.05.59:404][660]LogModuleManager: Shutting down and abandoning module CableComponent (318)
[2017.09.30-16.05.59:404][660]LogModuleManager: Shutting down and abandoning module ArchVisCharacter (316)
[2017.09.30-16.05.59:404][660]LogModuleManager: Shutting down and abandoning module AndroidPermission (314)
[2017.09.30-16.05.59:404][660]LogModuleManager: Shutting down and abandoning module MediaPlayerEditor (310)
[2017.09.30-16.05.59:405][660]LogModuleManager: Shutting down and abandoning module HTML5Networking (308)
[2017.09.30-16.05.59:405][660]LogModuleManager: Shutting down and abandoning module AlembicImporter (306)
[2017.09.30-16.05.59:405][660]LogModuleManager: Shutting down and abandoning module AlembicLibrary (305)
[2017.09.30-16.05.59:405][660]LogModuleManager: Shutting down and abandoning module GeometryCache (304)
[2017.09.30-16.05.59:405][660]LogModuleManager: Shutting down and abandoning module GeometryCacheEd (303)
[2017.09.30-16.05.59:405][660]LogModuleManager: Shutting down and abandoning module SpeedTreeImporter (298)
[2017.09.30-16.05.59:405][660]LogModuleManager: Shutting down and abandoning module PluginBrowser (296)
[2017.09.30-16.05.59:405][660]LogModuleManager: Shutting down and abandoning module MobileLauncherProfileWizard (294)
[2017.09.30-16.05.59:405][660]LogModuleManager: Shutting down and abandoning module VisualStudioSourceCodeAccess (292)
[2017.09.30-16.05.59:405][660]LogModuleManager: Shutting down and abandoning module DesktopPlatform (291)
[2017.09.30-16.05.59:405][660]LogModuleManager: Shutting down and abandoning module UObjectPlugin (288)
[2017.09.30-16.05.59:405][660]LogModuleManager: Shutting down and abandoning module SubversionSourceControl (286)
[2017.09.30-16.05.59:405][660]LogModuleManager: Shutting down and abandoning module PerforceSourceControl (284)
[2017.09.30-16.05.59:405][660]LogModuleManager: Shutting down and abandoning module GitSourceControl (282)
[2017.09.30-16.05.59:405][660]LogModuleManager: Shutting down and abandoning module SourceControl (281)
[2017.09.30-16.05.59:405][660]LogModuleManager: Shutting down and abandoning module LightPropagationVolumeEditor (278)
[2017.09.30-16.05.59:405][660]LogModuleManager: Shutting down and abandoning module PaperTiledImporter (276)
[2017.09.30-16.05.59:405][660]LogModuleManager: Shutting down and abandoning module PaperSpriteSheetImporter (274)
[2017.09.30-16.05.59:405][660]LogModuleManager: Shutting down and abandoning module Paper2DEditor (272)
[2017.09.30-16.05.59:405][660]LogModuleManager: Shutting down and abandoning module MeshPaint (271)
[2017.09.30-16.05.59:405][660]LogModuleManager: Shutting down and abandoning module LevelEditor (269)
[2017.09.30-16.05.59:406][660]LogModuleManager: Shutting down and abandoning module PixelInspectorModule (268)
[2017.09.30-16.05.59:406][660]LogModuleManager: Shutting down and abandoning module MainFrame (266)
[2017.09.30-16.05.59:406][660]LogModuleManager: Shutting down and abandoning module HotReload (265)
[2017.09.30-16.05.59:406][660]LogModuleManager: Shutting down and abandoning module RuntimePhysXCooking (260)
[2017.09.30-16.05.59:406][660]LogModuleManager: Shutting down and abandoning module PhysXVehiclesEditor (258)
[2017.09.30-16.05.59:406][660]LogModuleManager: Shutting down and abandoning module PhysXVehicles (256)
[2017.09.30-16.05.59:406][660]LogModuleManager: Shutting down and abandoning module OculusEditor (254)
[2017.09.30-16.05.59:406][660]LogModuleManager: Shutting down and abandoning module LocationServicesBPLibrary (252)
[2017.09.30-16.05.59:406][660]LogModuleManager: Shutting down and abandoning module ImmediatePhysicsEditor (250)
[2017.09.30-16.05.59:406][660]LogModuleManager: Shutting down and abandoning module ImmediatePhysics (248)
[2017.09.30-16.05.59:406][660]LogModuleManager: Shutting down and abandoning module UdpMessaging (246)
[2017.09.30-16.05.59:508][660]LogModuleManager: Shutting down and abandoning module TcpMessaging (244)
[2017.09.30-16.05.59:609][660]LogModuleManager: Shutting down and abandoning module GameplayTagsEditor (242)
[2017.09.30-16.05.59:609][660]LogModuleManager: Shutting down and abandoning module FacialAnimationEditor (240)
[2017.09.30-16.05.59:609][660]LogModuleManager: Shutting down and abandoning module FacialAnimation (238)
[2017.09.30-16.05.59:609][660]LogModuleManager: Shutting down and abandoning module AssetManagerEditor (236)
[2017.09.30-16.05.59:609][660]LogModuleManager: Shutting down and abandoning module GraphEditor (235)
[2017.09.30-16.05.59:609][660]LogModuleManager: Shutting down and abandoning module ContentBrowser (233)
[2017.09.30-16.05.59:611][660]LogModuleManager: Shutting down and abandoning module LightPropagationVolumeRuntime (230)
[2017.09.30-16.05.59:611][660]LogModuleManager: Shutting down and abandoning module Paper2D (228)
[2017.09.30-16.05.59:611][660]LogModuleManager: Shutting down and abandoning module WindowsMoviePlayer (226)
[2017.09.30-16.05.59:611][660]LogModuleManager: Shutting down and abandoning module WmfMedia (224)
[2017.09.30-16.05.59:611][660]LogModuleManager: Shutting down and abandoning module PacketHandler (222)
[2017.09.30-16.05.59:611][660]LogModuleManager: Shutting down and abandoning module ClothingSystemEditor (220)
[2017.09.30-16.05.59:611][660]LogModuleManager: Shutting down and abandoning module ClothingSystemRuntime (218)
[2017.09.30-16.05.59:611][660]LogModuleManager: Shutting down and abandoning module Overlay (216)
[2017.09.30-16.05.59:611][660]LogModuleManager: Shutting down and abandoning module OverlayEditor (215)
[2017.09.30-16.05.59:611][660]LogModuleManager: Shutting down and abandoning module MediaAssets (212)
[2017.09.30-16.05.59:611][660]LogModuleManager: Shutting down and abandoning module VREditor (210)
[2017.09.30-16.05.59:611][660]LogModuleManager: Shutting down and abandoning module StringTableEditor (208)
[2017.09.30-16.05.59:611][660]LogModuleManager: Shutting down and abandoning module GameplayTasksEditor (206)
[2017.09.30-16.05.59:611][660]LogModuleManager: Shutting down and abandoning module BehaviorTreeEditor (204)
[2017.09.30-16.05.59:611][660]LogModuleManager: Shutting down and abandoning module FunctionalTesting (202)
[2017.09.30-16.05.59:611][660]LogModuleManager: Shutting down and abandoning module CollisionAnalyzer (200)
[2017.09.30-16.05.59:611][660]LogModuleManager: Shutting down and abandoning module WorkspaceMenuStructure (199)
[2017.09.30-16.05.59:611][660]LogModuleManager: Shutting down and abandoning module UMG (196)
[2017.09.30-16.05.59:612][660]LogModuleManager: Shutting down and abandoning module UMGEditor (195)
[2017.09.30-16.05.59:612][660]LogModuleManager: Shutting down and abandoning module Sequencer (194)
[2017.09.30-16.05.59:612][660]LogModuleManager: Shutting down and abandoning module MessageLog (191)
[2017.09.30-16.05.59:612][660]LogModuleManager: Shutting down and abandoning module SlateReflector (186)
[2017.09.30-16.05.59:612][660]LogModuleManager: Shutting down and abandoning module Slate (184)
[2017.09.30-16.05.59:612][660]LogModuleManager: Shutting down and abandoning module EditorStyle (182)
[2017.09.30-16.05.59:615][660]LogModuleManager: Shutting down and abandoning module MRMesh (180)
[2017.09.30-16.05.59:615][660]LogModuleManager: Shutting down and abandoning module SourceCodeAccess (178)
[2017.09.30-16.05.59:615][660]LogModuleManager: Shutting down and abandoning module HeadMountedDisplay (176)
[2017.09.30-16.05.59:615][660]LogModuleManager: Shutting down and abandoning module XAudio2 (174)
[2017.09.30-16.05.59:615][660]LogModuleManager: Shutting down and abandoning module Networking (172)
[2017.09.30-16.05.59:615][660]LogModuleManager: Shutting down and abandoning module Core (168)
[2017.09.30-16.05.59:615][660]LogModuleManager: Shutting down and abandoning module KismetCompiler (164)
[2017.09.30-16.05.59:615][660]LogModuleManager: Shutting down and abandoning module LevelSequence (162)
[2017.09.30-16.05.59:615][660]LogModuleManager: Shutting down and abandoning module MeshUtilities (160)
[2017.09.30-16.05.59:615][660]LogModuleManager: Shutting down and abandoning module MeshMergeUtilities (159)
[2017.09.30-16.05.59:615][660]LogModuleManager: Shutting down and abandoning module MeshReductionInterface (158)
[2017.09.30-16.05.59:615][660]LogModuleManager: Shutting down and abandoning module SimplygonSwarm (157)
[2017.09.30-16.05.59:615][660]LogModuleManager: Shutting down and abandoning module SimplygonMeshReduction (155)
[2017.09.30-16.05.59:615][660]LogModuleManager: Shutting down and abandoning module QuadricMeshReduction (153)
[2017.09.30-16.05.59:615][660]LogModuleManager: Shutting down and abandoning module MaterialBaking (149)
[2017.09.30-16.05.59:615][660]LogModuleManager: Shutting down and abandoning module DirectoryWatcher (146)
[2017.09.30-16.05.59:619][660]LogModuleManager: Shutting down and abandoning module DerivedDataCache (144)
[2017.09.30-16.05.59:644][660]LogDerivedDataCache: Shutdown
[2017.09.30-16.05.59:644][660]LogModuleManager: Shutting down and abandoning module TargetPlatform (142)
[2017.09.30-16.05.59:644][660]LogModuleManager: Shutting down and abandoning module VulkanShaderFormat (141)
[2017.09.30-16.05.59:644][660]LogModuleManager: Shutting down and abandoning module ShaderFormatVectorVM (139)
[2017.09.30-16.05.59:644][660]LogModuleManager: Shutting down and abandoning module ShaderFormatOpenGL (137)
[2017.09.30-16.05.59:644][660]LogModuleManager: Shutting down and abandoning module ShaderFormatD3D (135)
[2017.09.30-16.05.59:644][660]LogModuleManager: Shutting down and abandoning module MetalShaderFormat (133)
[2017.09.30-16.05.59:644][660]LogModuleManager: Shutting down and abandoning module TextureFormatUncompressed (131)
[2017.09.30-16.05.59:644][660]LogModuleManager: Shutting down and abandoning module TextureFormatPVR (129)
[2017.09.30-16.05.59:644][660]LogModuleManager: Shutting down and abandoning module TextureFormatDXT (127)
[2017.09.30-16.05.59:644][660]LogModuleManager: Shutting down and abandoning module TextureFormatIntelISPCTexComp (125)
[2017.09.30-16.05.59:645][660]LogModuleManager: Shutting down and abandoning module TextureFormatASTC (123)
[2017.09.30-16.05.59:645][660]LogModuleManager: Shutting down and abandoning module ImageWrapper (122)
[2017.09.30-16.05.59:645][660]LogModuleManager: Shutting down and abandoning module TextureFormatAndroid (119)
[2017.09.30-16.05.59:645][660]LogModuleManager: Shutting down and abandoning module AudioFormatOpus (117)
[2017.09.30-16.05.59:645][660]LogModuleManager: Shutting down and abandoning module AudioFormatOgg (115)
[2017.09.30-16.05.59:645][660]LogModuleManager: Shutting down and abandoning module AudioFormatADPCM (113)
[2017.09.30-16.05.59:645][660]LogModuleManager: Shutting down and abandoning module LinuxTargetPlatform (111)
[2017.09.30-16.05.59:645][660]LogModuleManager: Shutting down and abandoning module LinuxServerTargetPlatform (109)
[2017.09.30-16.05.59:645][660]LogModuleManager: Shutting down and abandoning module LinuxNoEditorTargetPlatform (107)
[2017.09.30-16.05.59:645][660]LogModuleManager: Shutting down and abandoning module LinuxClientTargetPlatform (105)
[2017.09.30-16.05.59:645][660]LogModuleManager: Shutting down and abandoning module TVOSTargetPlatform (103)
[2017.09.30-16.05.59:645][660]LogModuleManager: Shutting down and abandoning module Messaging (101)
[2017.09.30-16.05.59:645][660]LogModuleManager: Shutting down and abandoning module IOSTargetPlatform (99)
[2017.09.30-16.05.59:645][660]LogModuleManager: Shutting down and abandoning module HTML5TargetPlatform (97)
[2017.09.30-16.05.59:645][660]LogModuleManager: Shutting down and abandoning module Android_PVRTCTargetPlatform (95)
[2017.09.30-16.05.59:645][660]LogModuleManager: Shutting down and abandoning module Android_MultiTargetPlatform (93)
[2017.09.30-16.05.59:645][660]LogModuleManager: Shutting down and abandoning module Android_ETC2TargetPlatform (91)
[2017.09.30-16.05.59:645][660]LogModuleManager: Shutting down and abandoning module Android_ETC1TargetPlatform (89)
[2017.09.30-16.05.59:645][660]LogModuleManager: Shutting down and abandoning module Android_DXTTargetPlatform (87)
[2017.09.30-16.05.59:645][660]LogModuleManager: Shutting down and abandoning module Android_ATCTargetPlatform (85)
[2017.09.30-16.05.59:645][660]LogModuleManager: Shutting down and abandoning module Android_ASTCTargetPlatform (83)
[2017.09.30-16.05.59:645][660]LogModuleManager: Shutting down and abandoning module AndroidTargetPlatform (81)
[2017.09.30-16.05.59:645][660]LogModuleManager: Shutting down and abandoning module WindowsTargetPlatform (79)
[2017.09.30-16.05.59:645][660]LogModuleManager: Shutting down and abandoning module WindowsServerTargetPlatform (77)
[2017.09.30-16.05.59:645][660]LogModuleManager: Shutting down and abandoning module WindowsNoEditorTargetPlatform (75)
[2017.09.30-16.05.59:645][660]LogModuleManager: Shutting down and abandoning module WindowsClientTargetPlatform (73)
[2017.09.30-16.05.59:645][660]LogModuleManager: Shutting down and abandoning module MacTargetPlatform (71)
[2017.09.30-16.05.59:645][660]LogModuleManager: Shutting down and abandoning module MacServerTargetPlatform (69)
[2017.09.30-16.05.59:645][660]LogModuleManager: Shutting down and abandoning module MacNoEditorTargetPlatform (67)
[2017.09.30-16.05.59:645][660]LogModuleManager: Shutting down and abandoning module MacClientTargetPlatform (65)
[2017.09.30-16.05.59:645][660]LogModuleManager: Shutting down and abandoning module AllDesktopTargetPlatform (63)
[2017.09.30-16.05.59:645][660]LogModuleManager: Shutting down and abandoning module InputCore (60)
[2017.09.30-16.05.59:645][660]LogModuleManager: Shutting down and abandoning module Settings (58)
[2017.09.30-16.05.59:645][660]LogModuleManager: Shutting down and abandoning module PhysXCooking (56)
[2017.09.30-16.05.59:645][660]LogModuleManager: Shutting down and abandoning module SteamVR (54)
[2017.09.30-16.05.59:645][660]LogModuleManager: Shutting down and abandoning module OculusHMD (52)
[2017.09.30-16.05.59:645][660]LogModuleManager: Shutting down and abandoning module ExampleDeviceProfileSelector (50)
[2017.09.30-16.05.59:645][660]LogModuleManager: Shutting down and abandoning module OnlineBlueprintSupport (48)
[2017.09.30-16.05.59:645][660]LogModuleManager: Shutting down and abandoning module OnlineSubsystem (44)
[2017.09.30-16.05.59:645][660]LogOnline: Display: Unloading online subsystem: NULL
[2017.09.30-16.05.59:645][660]LogModuleManager: Shutting down and abandoning module XMPP (43)
[2017.09.30-16.05.59:646][660]LogModuleManager: Shutting down and abandoning module HTTP (41)
[2017.09.30-16.05.59:646][660]LogHttp: Display: Http module shutting down, but needs to wait on 1 outstanding Http requests:
[2017.09.30-16.05.59:646][660]LogHttp: Display: 	verb=[POST] url=[https://datarouter.ol.epicgames.com/datarouter/api/v1/public/data?SessionID=%7B3EA30679-4D11-C0D2-0C18-918B4BE3D548%7D&AppID=UEEditor.Rocket.Release&AppVersion=4.17.2-3658906%2B%2B%2BUE4%2BRelease-4.17&UserID=befe8b01461f6b7e699b7b9a4195d0f4%7C65be6e2357b84ad79381b1d7b2492de6%7C453bf187-8ca4-4de6-9f43-d71b1f41d715&AppEnvironment=datacollector-binary&UploadType=eteventstream] status=Processing
[2017.09.30-16.05.59:667][660]LogModuleManager: Shutting down and abandoning module SSL (40)
[2017.09.30-16.05.59:668][660]LogModuleManager: Shutting down and abandoning module AnimationModifiers (36)
[2017.09.30-16.05.59:668][660]LogModuleManager: Shutting down and abandoning module PropertyEditor (35)
[2017.09.30-16.05.59:668][660]LogModuleManager: Shutting down and abandoning module AudioEditor (32)
[2017.09.30-16.05.59:668][660]LogModuleManager: Shutting down and abandoning module TextureCompressor (30)
[2017.09.30-16.05.59:668][660]LogModuleManager: Shutting down and abandoning module ShaderCore (28)
[2017.09.30-16.05.59:668][660]LogModuleManager: Shutting down and abandoning module Landscape (26)
[2017.09.30-16.05.59:668][660]LogModuleManager: Shutting down and abandoning module SlateRHIRenderer (24)
[2017.09.30-16.05.59:673][660]LogModuleManager: Shutting down and abandoning module OpenGLDrv (22)
[2017.09.30-16.05.59:673][660]LogModuleManager: Shutting down and abandoning module D3D11RHI (20)
[2017.09.30-16.05.59:674][660]LogModuleManager: Shutting down and abandoning module AnimGraphRuntime (18)
[2017.09.30-16.05.59:674][660]LogModuleManager: Shutting down and abandoning module Renderer (16)
[2017.09.30-16.05.59:674][660]LogModuleManager: Shutting down and abandoning module Engine (14)
[2017.09.30-16.05.59:674][660]LogModuleManager: Shutting down and abandoning module CoreUObject (12)
[2017.09.30-16.05.59:674][660]LogModuleManager: Shutting down and abandoning module NetworkFile (10)
[2017.09.30-16.05.59:674][660]LogModuleManager: Shutting down and abandoning module CookedIterativeFile (8)
[2017.09.30-16.05.59:674][660]LogModuleManager: Shutting down and abandoning module StreamingFile (6)
[2017.09.30-16.05.59:674][660]LogModuleManager: Shutting down and abandoning module SandboxFile (4)
[2017.09.30-16.05.59:674][660]LogModuleManager: Shutting down and abandoning module PakFile (2)
[2017.09.30-16.05.59:677][660]LogExit: Exiting.
[2017.09.30-16.05.59:685][660]Log file closed, 09/30/17 23:05:59
