Log file open, 10/14/17 12:37:26
LogWindows: Failed to load 'aqProf.dll' (GetLastError=126)
LogWindows: File 'aqProf.dll' does not exist
LogWindows: Failed to load 'VSPerf140.dll' (GetLastError=126)
LogWindows: File 'VSPerf140.dll' does not exist
LogWindows: Failed to load 'VtuneApi.dll' (GetLastError=126)
LogWindows: File 'VtuneApi.dll' does not exist
LogWindows: Failed to load 'VtuneApi32e.dll' (GetLastError=126)
LogWindows: File 'VtuneApi32e.dll' does not exist
LogInit: Display: Running engine for game: GameDevTutorial2
LogPlatformFile: Not using cached read wrapper
LogInit: Display: RandInit(717151743) SRandInit(717151744).
LogTaskGraph: Started task graph with 5 named threads and 14 total threads with 3 sets of task threads.
LogStats: Stats thread started at 0.181397
LogD3D11RHI: Aftermath initialized
LogPluginManager: Mounting plugin Paper2D
LogPluginManager: Mounting plugin LightPropagationVolume
LogPluginManager: Mounting plugin CodeLiteSourceCodeAccess
LogPluginManager: Mounting plugin GitSourceControl
LogPluginManager: Mounting plugin KDevelopSourceCodeAccess
LogPluginManager: Mounting plugin NullSourceCodeAccess
LogPluginManager: Mounting plugin PerforceSourceControl
LogPluginManager: Mounting plugin SubversionSourceControl
LogPluginManager: Mounting plugin UObjectPlugin
LogPluginManager: Mounting plugin VisualStudioSourceCodeAccess
LogPluginManager: Mounting plugin XCodeSourceCodeAccess
LogPluginManager: Mounting plugin AssetManagerEditor
LogPluginManager: Mounting plugin AudioCapture
LogPluginManager: Mounting plugin FacialAnimation
LogPluginManager: Mounting plugin GameplayTagsEditor
LogPluginManager: Mounting plugin MobileLauncherProfileWizard
LogPluginManager: Mounting plugin PluginBrowser
LogPluginManager: Mounting plugin SpeedTreeImporter
LogPluginManager: Mounting plugin AlembicImporter
LogPluginManager: Mounting plugin CharacterAI
LogPluginManager: Mounting plugin HTML5Networking
LogPluginManager: Mounting plugin AndroidMedia
LogPluginManager: Mounting plugin AvfMedia
LogPluginManager: Mounting plugin MediaPlayerEditor
LogPluginManager: Mounting plugin WmfMedia
LogPluginManager: Mounting plugin TcpMessaging
LogPluginManager: Mounting plugin UdpMessaging
LogPluginManager: Mounting plugin LevelSequenceEditor
LogPluginManager: Mounting plugin MatineeToLevelSequence
LogPluginManager: Mounting plugin OnlineSubsystemGooglePlay
LogPluginManager: Mounting plugin OnlineSubsystemIOS
LogPluginManager: Mounting plugin OnlineSubsystem
LogPluginManager: Mounting plugin OnlineSubsystemNull
LogPluginManager: Mounting plugin OnlineSubsystemUtils
LogPluginManager: Mounting plugin AndroidDeviceProfileSelector
LogPluginManager: Mounting plugin AndroidMoviePlayer
LogPluginManager: Mounting plugin AndroidPermission
LogPluginManager: Mounting plugin AppleMoviePlayer
LogPluginManager: Mounting plugin ArchVisCharacter
LogPluginManager: Mounting plugin CableComponent
LogPluginManager: Mounting plugin CustomMeshComponent
LogPluginManager: Mounting plugin ExampleDeviceProfileSelector
LogPluginManager: Mounting plugin GoogleCloudMessaging
LogPluginManager: Mounting plugin ImmediatePhysics
LogPluginManager: Mounting plugin IOSDeviceProfileSelector
LogPluginManager: Mounting plugin LinuxDeviceProfileSelector
LogPluginManager: Mounting plugin LocationServicesBPLibrary
LogPluginManager: Mounting plugin MobilePatchingUtils
LogPluginManager: Mounting plugin OculusVR
LogPluginManager: Mounting plugin PhysXVehicles
LogPluginManager: Mounting plugin ProceduralMeshComponent
LogPluginManager: Mounting plugin RuntimePhysXCooking
LogPluginManager: Mounting plugin SteamVR
LogPluginManager: Mounting plugin WindowsMoviePlayer
LogInit: Using libcurl 7.47.1
LogInit:  - built for x86_64-pc-win32
LogInit:  - supports SSL with OpenSSL/1.0.2g
LogInit:  - supports HTTP deflate (compression) using libz 1.2.8
LogInit:  - other features:
LogInit:      CURL_VERSION_SSL
LogInit:      CURL_VERSION_LIBZ
LogInit:      CURL_VERSION_IPV6
LogInit:      CURL_VERSION_ASYNCHDNS
LogInit:      CURL_VERSION_LARGEFILE
LogInit:      CURL_VERSION_IDN
LogInit:  CurlRequestOptions (configurable via config and command line):
LogInit:  - bVerifyPeer = false  - Libcurl will NOT verify peer certificate
LogInit:  - bUseHttpProxy = false  - Libcurl will NOT use HTTP proxy
LogInit:  - bDontReuseConnections = false  - Libcurl will reuse connections
LogInit:  - CertBundlePath = nullptr  - Libcurl will use whatever was configured at build time.
LogInit: Build: ++UE4+Release-4.17-CL-3658906
LogInit: Engine Version: 4.17.2-3658906+++UE4+Release-4.17
LogInit: Compatible Engine Version: 4.17.0-3573198+++UE4+Release-4.17
LogInit: Net CL: 3573198
LogDevObjectVersion: Number of dev versions registered: 16
LogDevObjectVersion:   Dev-Blueprints (B0D832E4-1F89-4F0D-ACCF-7EB736FD4AA2): 10
LogDevObjectVersion:   Dev-Build (E1C64328-A22C-4D53-A36C-8E866417BD8C): 0
LogDevObjectVersion:   Dev-Core (375EC13C-06E4-48FB-B500-84F0262A717E): 2
LogDevObjectVersion:   Dev-Editor (E4B068ED-F494-42E9-A231-DA0B2E46BB41): 20
LogDevObjectVersion:   Dev-Framework (CFFC743F-43B0-4480-9391-14DF171D2073): 28
LogDevObjectVersion:   Dev-Mobile (B02B49B5-BB20-44E9-A304-32B752E40360): 0
LogDevObjectVersion:   Dev-Networking (A4E4105C-59A1-49B5-A7C5-40C4547EDFEE): 0
LogDevObjectVersion:   Dev-Online (39C831C9-5AE6-47DC-9A44-9C173E1C8E7C): 0
LogDevObjectVersion:   Dev-Physics (78F01B33-EBEA-4F98-B9B4-84EACCB95AA2): 0
LogDevObjectVersion:   Dev-Platform (6631380F-2D4D-43E0-8009-CF276956A95A): 0
LogDevObjectVersion:   Dev-Rendering (12F88B9F-8875-4AFC-A67C-D90C383ABD29): 19
LogDevObjectVersion:   Dev-Sequencer (7B5AE74C-D270-4C10-A958-57980B212A5A): 4
LogDevObjectVersion:   Dev-VR (D7296918-1DD6-4BDD-9DE2-64A83CC13884): 0
LogDevObjectVersion:   Dev-LoadTimes (C2A15278-BFE7-4AFE-6C17-90FF531DF755): 1
LogDevObjectVersion:   Private-Geometry (6EACA3D4-40EC-4CC1-B786-8BED09428FC5): 1
LogDevObjectVersion:   Dev-AnimPhys (29E575DD-E0A3-4627-9D10-D276232CDCEA): 7
LogInit: Compiled (64-bit): Sep 22 2017 13:47:16
LogInit: Compiled with Visual C++: 19.00.24215.01
LogInit: Build Configuration: Development
LogInit: Branch Name: ++UE4+Release-4.17
LogInit: Command line: -EpicPortal 
LogInit: Base directory: C:/Program Files/Epic Games/UE_4.17/Engine/Binaries/Win64/
LogInit: Installed Engine Build: 1
LogInit: Presizing for max 8388607 objects, including 0 objects not considered by GC, pre-allocating 0 bytes for permanent pool.
LogInit: Object subsystem initialized
[2017.10.14-05.37.26:949][  0]LogInit: Selected Device Profile: [Windows]
[2017.10.14-05.37.26:949][  0]LogInit: Applying CVar settings loaded from the selected device profile: [Windows]
[2017.10.14-05.37.26:982][  0]LogInit: Computer: SARAS117
[2017.10.14-05.37.26:982][  0]LogInit: User: Admin
[2017.10.14-05.37.26:982][  0]LogInit: CPU Page size=4096, Cores=4
[2017.10.14-05.37.26:982][  0]LogInit: High frequency timer resolution =2.742188 MHz
[2017.10.14-05.37.26:982][  0]LogMemory: Memory total: Physical=7.9GB (8GB approx)
[2017.10.14-05.37.26:982][  0]LogMemory: Platform Memory Stats for Windows
[2017.10.14-05.37.26:982][  0]LogMemory: Process Physical Memory: 278.97 MB used, 278.97 MB peak
[2017.10.14-05.37.26:982][  0]LogMemory: Process Virtual Memory: 282.20 MB used, 282.20 MB peak
[2017.10.14-05.37.26:982][  0]LogMemory: Physical Memory: 5381.84 MB used,  2694.98 MB free, 8076.82 MB total
[2017.10.14-05.37.26:982][  0]LogMemory: Virtual Memory: 676.77 MB used,  2694.98 MB free, 134217728.00 MB total
[2017.10.14-05.37.27:187][  0]LogInit: Using OS detected language (en-US).
[2017.10.14-05.37.27:187][  0]LogInit: Using OS detected locale (en-US).
[2017.10.14-05.37.27:189][  0]LogTextLocalizationManager: No specific localization for 'en-US' exists, so the 'en' localization will be used.
[2017.10.14-05.37.27:970][  0]LogD3D11RHI: D3D11 adapters:
[2017.10.14-05.37.28:049][  0]LogD3D11RHI:    0. 'NVIDIA GeForce GTX 1050' (Feature Level 11_0)
[2017.10.14-05.37.28:049][  0]LogD3D11RHI:       1989/0/4038 MB DedicatedVideo/DedicatedSystem/SharedSystem, Outputs:2, VendorId:0x10de
[2017.10.14-05.37.28:055][  0]LogD3D11RHI:    1. 'Intel(R) HD Graphics 630' (Feature Level 11_0)
[2017.10.14-05.37.28:055][  0]LogD3D11RHI:       128/0/4038 MB DedicatedVideo/DedicatedSystem/SharedSystem, Outputs:0, VendorId:0x8086
[2017.10.14-05.37.28:056][  0]LogD3D11RHI:    2. 'Microsoft Basic Render Driver' (Feature Level 11_0)
[2017.10.14-05.37.28:056][  0]LogD3D11RHI:       0/0/4038 MB DedicatedVideo/DedicatedSystem/SharedSystem, Outputs:0, VendorId:0x1414
[2017.10.14-05.37.28:056][  0]LogD3D11RHI: Chosen D3D11 Adapter: 0
[2017.10.14-05.37.28:069][  0]LogD3D11RHI: Creating new Direct3DDevice
[2017.10.14-05.37.28:069][  0]LogD3D11RHI:     GPU DeviceId: 0x1c8d (for the marketing name, search the web for "GPU Device Id")
[2017.10.14-05.37.28:069][  0]LogWindows: EnumDisplayDevices:
[2017.10.14-05.37.28:070][  0]LogWindows:    0. 'Intel(R) HD Graphics 630' (P:1 D:1)
[2017.10.14-05.37.28:070][  0]LogWindows:    1. 'Intel(R) HD Graphics 630' (P:0 D:1)
[2017.10.14-05.37.28:070][  0]LogWindows:    2. 'Intel(R) HD Graphics 630' (P:0 D:0)
[2017.10.14-05.37.28:070][  0]LogWindows: DebugString: PrimaryIsNotTheChoosenAdapter PrimaryIsNotTheChoosenAdapter PrimaryIsNotTheChoosenAdapter FoundDriverCount:0 
[2017.10.14-05.37.28:070][  0]LogD3D11RHI:     Adapter Name: NVIDIA GeForce GTX 1050
[2017.10.14-05.37.28:070][  0]LogD3D11RHI:   Driver Version: Unknown (internal:Unknown, unified:Unknown)
[2017.10.14-05.37.28:070][  0]LogD3D11RHI:      Driver Date: Unknown
[2017.10.14-05.37.28:070][  0]LogRHI: Texture pool is 1361 MB (70% of 1945 MB)
[2017.10.14-05.37.28:101][  0]LogD3D11RHI: Async texture creation enabled
[2017.10.14-05.37.28:131][  0]LogD3D11RHI: GPU Timing Frequency: 1000.000000 (Debug: 2 1)
[2017.10.14-05.37.28:132][  0]LogShaderCompilers: Guid format shader working directory is 9 characters bigger than the processId version (D:/Workspace/Unreal/GameDevTutorial2/Intermediate/Shaders/WorkingDirectory/10016/).
[2017.10.14-05.37.28:132][  0]LogShaderCompilers: Cleaned the shader compiler working directory 'C:/Users/Admin/AppData/Local/Temp/UnrealShaderWorkingDir/22E0243141D168A6FEA3B89F59A3E0DE/'.
[2017.10.14-05.37.28:132][  0]LogShaderCompilers: Display: Using Local Shader Compiler.
[2017.10.14-05.37.29:188][  0]LogTemp: Display: Loaded TP AllDesktopTargetPlatform
[2017.10.14-05.37.29:249][  0]LogTemp: Display: Loaded TP MacClientTargetPlatform
[2017.10.14-05.37.29:308][  0]LogTemp: Display: Loaded TP MacNoEditorTargetPlatform
[2017.10.14-05.37.29:373][  0]LogTemp: Display: Loaded TP MacServerTargetPlatform
[2017.10.14-05.37.29:437][  0]LogTemp: Display: Loaded TP MacTargetPlatform
[2017.10.14-05.37.29:500][  0]LogTemp: Display: Loaded TP WindowsClientTargetPlatform
[2017.10.14-05.37.29:563][  0]LogTemp: Display: Loaded TP WindowsNoEditorTargetPlatform
[2017.10.14-05.37.29:624][  0]LogTemp: Display: Loaded TP WindowsServerTargetPlatform
[2017.10.14-05.37.29:681][  0]LogTemp: Display: Loaded TP WindowsTargetPlatform
[2017.10.14-05.37.29:740][  0]LogTemp: Display: Loaded TP AndroidTargetPlatform
[2017.10.14-05.37.29:800][  0]LogTemp: Display: Loaded TP Android_ASTCTargetPlatform
[2017.10.14-05.37.29:860][  0]LogTemp: Display: Loaded TP Android_ATCTargetPlatform
[2017.10.14-05.37.29:923][  0]LogTemp: Display: Loaded TP Android_DXTTargetPlatform
[2017.10.14-05.37.29:982][  0]LogTemp: Display: Loaded TP Android_ETC1TargetPlatform
[2017.10.14-05.37.30:045][  0]LogTemp: Display: Loaded TP Android_ETC2TargetPlatform
[2017.10.14-05.37.30:168][  0]LogTemp: Display: Loaded TP Android_MultiTargetPlatform
[2017.10.14-05.37.30:168][  0]LogTemp: Display: Loaded TP Android_PVRTCTargetPlatform
[2017.10.14-05.37.30:216][  0]LogTemp: Display: Loaded TP HTML5TargetPlatform
[2017.10.14-05.37.30:325][  0]LogTemp: Display: Loaded TP IOSTargetPlatform
[2017.10.14-05.37.30:362][  0]LogTemp: Display: Loaded TP TVOSTargetPlatform
[2017.10.14-05.37.30:421][  0]LogTemp: Display: Loaded TP LinuxClientTargetPlatform
[2017.10.14-05.37.30:482][  0]LogTemp: Display: Loaded TP LinuxNoEditorTargetPlatform
[2017.10.14-05.37.30:544][  0]LogTemp: Display: Loaded TP LinuxServerTargetPlatform
[2017.10.14-05.37.30:602][  0]LogTemp: Display: Loaded TP LinuxTargetPlatform
[2017.10.14-05.37.30:602][  0]LogTargetPlatformManager: Display: Building Assets For Windows
[2017.10.14-05.37.31:289][  0]LogDerivedDataCache: Display: Max Cache Size: 512 MB
[2017.10.14-05.37.31:424][  0]LogDerivedDataCache: Loaded boot cache 0.13s 93MB C:/Users/Admin/AppData/Local/UnrealEngine/4.17/DerivedDataCache/Boot.ddc.
[2017.10.14-05.37.31:424][  0]LogDerivedDataCache: Display: Loaded Boot cache: C:/Users/Admin/AppData/Local/UnrealEngine/4.17/DerivedDataCache/Boot.ddc
[2017.10.14-05.37.31:424][  0]LogDerivedDataCache: FDerivedDataBackendGraph:  Pak pak cache file D:/Workspace/Unreal/GameDevTutorial2/DerivedDataCache/DDC.ddp not found, will not use a pak cache.
[2017.10.14-05.37.31:424][  0]LogDerivedDataCache: Unable to find inner node Pak for hierarchical cache Hierarchy.
[2017.10.14-05.37.31:424][  0]LogDerivedDataCache: FDerivedDataBackendGraph:  CompressedPak pak cache file D:/Workspace/Unreal/GameDevTutorial2/DerivedDataCache/Compressed.ddp not found, will not use a pak cache.
[2017.10.14-05.37.31:424][  0]LogDerivedDataCache: Unable to find inner node CompressedPak for hierarchical cache Hierarchy.
[2017.10.14-05.37.31:443][  0]LogDerivedDataCache: Display: Pak cache opened for reading ../../../Engine/DerivedDataCache/Compressed.ddp.
[2017.10.14-05.37.31:456][  0]LogDerivedDataCache: Using Local data cache path C:/Users/Admin/AppData/Local/UnrealEngine/Common/DerivedDataCache: Writable
[2017.10.14-05.37.31:472][  0]LogMaterial: Verifying Global Shaders for PCD3D_SM5
[2017.10.14-05.37.31:472][  0]LogSlate: Using Freetype 2.6.0
[2017.10.14-05.37.31:473][  0]LogSlate: SlateFontCache - WITH_FREETYPE: 1, WITH_HARFBUZZ: 1
[2017.10.14-05.37.31:473][  0]LogSlate: SlateFontCache - WITH_FREETYPE: 1, WITH_HARFBUZZ: 1
[2017.10.14-05.37.31:777][  0]LogAssetRegistry: FAssetRegistry took 0.0258 seconds to start up
[2017.10.14-05.37.31:905][  0]LogInit: Selected Device Profile: [Windows]
[2017.10.14-05.37.32:113][  0]LogContentStreaming: Texture pool size is 0.00 MB
[2017.10.14-05.37.32:501][  0]LogSimplygon: Simplygon DLL not present - disabling.
[2017.10.14-05.37.32:560][  0]LogMeshReduction: Using SimplygonSwarm for distributed automatic mesh merging
[2017.10.14-05.37.32:561][  0]LogMeshReduction: Using QuadricMeshReduction for automatic static mesh reduction
[2017.10.14-05.37.32:561][  0]LogMeshReduction: No automatic skeletal mesh reduction module available
[2017.10.14-05.37.32:561][  0]LogMeshReduction: No automatic mesh merging module available
[2017.10.14-05.37.32:561][  0]LogMeshMerging: No automatic mesh merging module available
[2017.10.14-05.37.33:023][  0]LogNetVersion: GameDevTutorial2 , NetCL: 3573198, EngineNetVer: 2, GameNetVer: 0 (Checksum: 3366423124)
[2017.10.14-05.37.33:403][  0]LogPackageLocalizationCache: Processed 5 localized package path(s) for 2 prioritized culture(s) in 0.148123 seconds
[2017.10.14-05.37.33:412][  0]LogUObjectArray: 35825 objects as part of root set at end of initial load.
[2017.10.14-05.37.33:412][  0]LogUObjectAllocator: 7529112 out of 0 bytes used by permanent object pool.
[2017.10.14-05.37.33:412][  0]LogUObjectArray: CloseDisregardForGC: 0/0 objects in disregard for GC pool
[2017.10.14-05.37.33:502][  0]LogInit: WinSock: version 1.1 (2.2), MaxSocks=32767, MaxUdp=65467
[2017.10.14-05.37.36:882][  0]LogTcpMessaging: Initializing TcpMessaging bridge
[2017.10.14-05.37.36:935][  0]LogUdpMessaging: Initializing bridge on interface 0.0.0.0:0 to multicast group 230.0.0.1:6666.
[2017.10.14-05.37.37:722][  0]LogMaterial: Uniform references updated for custom material expression Custom.
[2017.10.14-05.37.38:235][  0]SourceControl: Source control is disabled
[2017.10.14-05.37.38:235][  0]SourceControl: Source control is disabled
[2017.10.14-05.37.38:297][  0]SourceControl: Source control is disabled
[2017.10.14-05.37.38:361][  0]SourceControl: Source control is disabled
[2017.10.14-05.37.39:129][  0]LogAndroidPermission: UAndroidPermissionCallbackProxy::GetInstance
[2017.10.14-05.37.39:445][  0]LogOcInput: OculusInput pre-init called
[2017.10.14-05.37.39:764][  0]LogEngine: Initializing Engine...
[2017.10.14-05.37.39:766][  0]LogHMD: Failed to initialize OpenVR with code 110
[2017.10.14-05.37.40:052][  0]LogStats: UGameplayTagsManager::ConstructGameplayTagTree: Construct from data asset -  0.000 s
[2017.10.14-05.37.40:052][  0]LogStats: UGameplayTagsManager::ConstructGameplayTagTree: GameplayTagTreeChangedEvent.Broadcast -  0.000 s
[2017.10.14-05.37.40:240][  0]LogAIModule: Creating AISystem for world Untitled
[2017.10.14-05.37.40:249][  0]LogInit: XAudio2 using 'Speakers (Realtek High Definition Audio)' : 2 channels at 48 kHz using 32 bits per sample (channel mask 0x3)
[2017.10.14-05.37.40:361][  0]LogInit: FAudioDevice initialized.
[2017.10.14-05.37.40:667][  0]LogDerivedDataCache: Saved boot cache 0.31s 93MB C:/Users/Admin/AppData/Local/UnrealEngine/4.17/DerivedDataCache/Boot.ddc.
[2017.10.14-05.37.40:677][  0]LogInit: Texture streaming: Enabled
[2017.10.14-05.37.40:817][  0]LogEngineSessionManager: EngineSessionManager initialized
[2017.10.14-05.37.42:518][  0]LogInit: Transaction tracking system initialized
[2017.10.14-05.37.43:021][  0]BlueprintLog: New page: Editor Load
[2017.10.14-05.37.44:143][  0]LocalizationService: Localization service is disabled
[2017.10.14-05.37.44:998][  0]LogConsoleResponse: Display: 
[2017.10.14-05.37.45:457][  0]LogCook: Display: Max memory allowance for cook 16384mb min free memory 0mb
[2017.10.14-05.37.45:458][  0]LogCook: Display: Mobile HDR setting 1
[2017.10.14-05.37.45:458][  0]LogGameplayTags: Display: UGameplayTagsManager::DoneAddingNativeTags. DelegateIsBound: 0
[2017.10.14-05.37.45:900][  0]LogFileCache: Scanning file cache for directory 'D:/Workspace/Unreal/GameDevTutorial2/Content/' took 0.02s
[2017.10.14-05.37.46:789][  0]SourceControl: Source control is disabled
[2017.10.14-05.37.46:790][  0]Cmd: MAP LOAD FILE="D:/Workspace/Unreal/GameDevTutorial2/Content/2DSideScrollerBP/Maps/2DSideScrollerExampleMap.umap" TEMPLATE=0 SHOWPROGRESS=1 FEATURELEVEL=3
[2017.10.14-05.37.46:987][  0]LightingResults: New page: Lighting Build
[2017.10.14-05.37.47:039][  0]MapCheck: New page: Map Check
[2017.10.14-05.37.47:039][  0]LightingResults: New page: Lighting Build
[2017.10.14-05.37.48:702][  0]LogAIModule: Creating AISystem for world 2DSideScrollerExampleMap
[2017.10.14-05.37.48:726][  0]LogEditorServer: Finished looking for orphan Actors (0.000 secs)
[2017.10.14-05.37.48:775][  0]Cmd: MAP CHECKDEP NOCLEARLOG
[2017.10.14-05.37.48:832][  0]MapCheck: Map check complete: 0 Error(s), 0 Warning(s), took 56.41ms to complete.
[2017.10.14-05.37.48:832][  0]LogFileHelpers: Loading map '2DSideScrollerExampleMap' took 2.042
[2017.10.14-05.37.48:915][  0]LogWindowsTextInputMethodSystem: Display: IME system now deactivated.
[2017.10.14-05.37.48:915][  0]LogWindowsTextInputMethodSystem: Display: IME system now deactivated.
[2017.10.14-05.37.49:369][  0]LogCollectionManager: Loaded 0 collections in 0.001730 seconds
[2017.10.14-05.37.49:463][  0]LogFileCache: Scanning file cache for directory 'D:/Workspace/Unreal/GameDevTutorial2/Saved/Collections/' took 0.01s
[2017.10.14-05.37.49:463][  0]LogFileCache: Scanning file cache for directory 'D:/Workspace/Unreal/GameDevTutorial2/Content/Developers/Admin/Collections/' took 0.01s
[2017.10.14-05.37.49:463][  0]LogFileCache: Scanning file cache for directory 'D:/Workspace/Unreal/GameDevTutorial2/Content/Collections/' took 0.01s
[2017.10.14-05.37.49:463][  0]LogCollectionManager: Rebuilt the GUID cache for 0 collections in 0.000001 seconds
[2017.10.14-05.37.49:472][  0]LogContentBrowser: Native class hierarchy populated in 0.0084 seconds. Added 2386 classes and 500 folders.
[2017.10.14-05.37.49:556][  0]LogContentBrowser: Native class hierarchy updated for 'WidgetCarousel' in 0.0011 seconds. Added 0 classes and 0 folders.
[2017.10.14-05.37.51:393][  0]LogContentBrowser: Native class hierarchy updated for 'AddContentDialog' in 0.0005 seconds. Added 0 classes and 0 folders.
[2017.10.14-05.37.51:458][  0]LogContentBrowser: Native class hierarchy updated for 'SceneOutliner' in 0.0009 seconds. Added 1 classes and 2 folders.
[2017.10.14-05.37.51:680][  0]LogSlate: Took 0.000254 seconds to synchronously load lazily loaded font '../../../Engine/Content/Slate/Fonts/Roboto-Regular.ttf' (155K)
[2017.10.14-05.37.51:682][  0]LogSlate: Took 0.000342 seconds to synchronously load lazily loaded font '../../../Engine/Content/Slate/Fonts/Roboto-Bold.ttf' (160K)
[2017.10.14-05.37.51:741][  0]LogSlate: Took 0.021525 seconds to synchronously load lazily loaded font '../../../Engine/Content/Editor/Slate/Fonts/FontAwesome.ttf' (139K)
[2017.10.14-05.37.52:049][  0]LogRenderer: Reallocating scene render targets to support 1208x576 Format 10 NumSamples 1 (Frame:1).
[2017.10.14-05.37.52:792][  0]LogContentBrowser: Native class hierarchy updated for 'HierarchicalLODOutliner' in 0.0006 seconds. Added 1 classes and 2 folders.
[2017.10.14-05.37.52:792][  0]LogLoad: (Engine Initialization) Total time: 28.19 seconds
[2017.10.14-05.37.52:792][  0]LogLoad: (Engine Initialization) Total Blueprint compile time: 0.00 seconds
[2017.10.14-05.37.52:792][  0]LogExternalProfiler: No external profilers were discovered.  External profiling features will not be available.
[2017.10.14-05.37.52:875][  0]LogContentStreaming: Texture pool size now 1000 MB
[2017.10.14-05.37.52:969][  0]LogSlate: Took 0.017195 seconds to synchronously load lazily loaded font '../../../Engine/Content/Slate/Fonts/Roboto-Light.ttf' (159K)
[2017.10.14-05.37.53:038][  1]LogAssetRegistry: Asset discovery search completed in 21.2833 seconds
[2017.10.14-05.37.53:045][  1]LogCollectionManager: Rebuilt the object cache for 0 collections in 0.000001 seconds (found 0 objects)
[2017.10.14-05.37.53:045][  1]LogCollectionManager: Fixed up redirectors for 0 collections in 0.000127 seconds (updated 0 objects)
[2017.10.14-05.37.53:827][ 45]LogSlate: Took 0.000344 seconds to synchronously load lazily loaded font '../../../Engine/Content/Slate/Fonts/Roboto-Light.ttf' (159K)
[2017.10.14-05.38.56:528][767]LogSlate: Took 0.000189 seconds to synchronously load lazily loaded font '../../../Engine/Content/Slate/Fonts/Roboto-Light.ttf' (159K)
[2017.10.14-05.38.56:663][767]LogAIModule: Creating AISystem for world Level1
[2017.10.14-05.38.56:736][767]Cmd: MAP LOAD FILE="D:/Workspace/Unreal/GameDevTutorial2/Content/2DSideScrollerBP/Blueprints/Level1.umap" TEMPLATE=0 SHOWPROGRESS=1 FEATURELEVEL=3
[2017.10.14-05.38.56:737][767]LightingResults: New page: Lighting Build
[2017.10.14-05.38.56:738][767]LoadErrors: New page: Loading map: Level1.umap
[2017.10.14-05.38.56:745][767]MapCheck: New page: Map Check
[2017.10.14-05.38.56:745][767]LightingResults: New page: Lighting Build
[2017.10.14-05.38.56:835][767]LogEditorServer: Finished looking for orphan Actors (0.000 secs)
[2017.10.14-05.38.56:881][767]Cmd: MAP CHECKDEP NOCLEARLOG
[2017.10.14-05.38.56:938][767]MapCheck: Map check complete: 0 Error(s), 0 Warning(s), took 56.317ms to complete.
[2017.10.14-05.38.56:939][767]LogFileHelpers: Loading map 'Level1' took 0.228
[2017.10.14-05.38.58:196][841]LogTemp: Repeating last play command: Selected Viewport
[2017.10.14-05.38.58:493][841]LogPlayLevel: PlayLevel: No blueprints needed recompiling
[2017.10.14-05.38.58:507][841]PIE: New page: PIE session: Level1 (Oct 14, 2017, 7:38:58 PM)
[2017.10.14-05.38.58:523][841]LogPlayLevel: Creating play world package: /Game/2DSideScrollerBP/Blueprints/UEDPIE_0_Level1
[2017.10.14-05.38.58:533][841]LogPlayLevel: PIE: StaticDuplicateObject took: (0.009422s)
[2017.10.14-05.38.58:533][841]LogAIModule: Creating AISystem for world Level1
[2017.10.14-05.38.58:534][841]LogPlayLevel: PIE: World Init took: (0.000609s)
[2017.10.14-05.38.58:535][841]LogPlayLevel: PIE: Created PIE world by copying editor world from /Game/2DSideScrollerBP/Blueprints/Level1.Level1 to /Game/2DSideScrollerBP/Blueprints/UEDPIE_0_Level1.Level1 (0.020188s)
[2017.10.14-05.38.58:556][841]LogInit: XAudio2 using 'Speakers (Realtek High Definition Audio)' : 2 channels at 48 kHz using 32 bits per sample (channel mask 0x3)
[2017.10.14-05.38.58:588][841]LogInit: FAudioDevice initialized.
[2017.10.14-05.38.58:655][841]LogLoad: Game class is 'MyGameMode_C'
[2017.10.14-05.38.58:698][841]LogWorld: Bringing World /Game/2DSideScrollerBP/Blueprints/UEDPIE_0_Level1.Level1 up for play (max tick rate 60) at 2017.10.14-12.38.58
[2017.10.14-05.38.58:788][841]LogWorld: Bringing up level for play took: 0.092579
[2017.10.14-05.38.58:884][841]LogContentBrowser: Native class hierarchy updated for 'MovieSceneCapture' in 0.0006 seconds. Added 11 classes and 0 folders.
[2017.10.14-05.38.58:906][841]PIE: Play in editor start time for /Game/2DSideScrollerBP/Blueprints/UEDPIE_0_Level1 -0.182
[2017.10.14-05.42.06:690][719]LogEditorViewport: Clicking on Actor (context menu): Actor (Actor)
[2017.10.14-05.42.10:820][937]LogEditorViewport: Clicking on Actor (LMB): Actor (Actor)
[2017.10.14-05.42.12:012][  8]Cmd: DELETE
[2017.10.14-05.42.12:012][  8]Cmd: ACTOR DELETE
[2017.10.14-05.42.12:118][  8]LogEditorActor: Deleted Actor: Actor
[2017.10.14-05.42.12:129][  8]LogEditorActor: Deleted 1 Actors (0.077 secs)
[2017.10.14-05.49.09:127][998]LogSavePackage: Save=74.15ms
[2017.10.14-05.49.09:127][998]LogSavePackage: Moving 'D:/Workspace/Unreal/GameDevTutorial2/Saved/Level1_Auto1F97E56CF43BCD0E7F7E8E586815D08BE.tmp' to 'D:/Workspace/Unreal/GameDevTutorial2/Saved/Autosaves/Game/2DSideScrollerBP/Blueprints/Level1_Auto1.umap'
[2017.10.14-05.49.09:128][998]LogSavePackage: Display: Finished SavePackage D:/Workspace/Unreal/GameDevTutorial2/Saved/Autosaves/Game/2DSideScrollerBP/Blueprints/Level1_Auto1.umap
[2017.10.14-05.49.09:143][998]LogFileHelpers: Editor autosave (incl. sublevels) for '/Game/2DSideScrollerBP/Blueprints/Level1' took 0.233
[2017.10.14-05.49.09:143][998]LogFileHelpers: Editor autosave (incl. sublevels) for all levels took 0.233
[2017.10.14-05.50.08:297][174]LogSlate: Took 0.015103 seconds to synchronously load lazily loaded font '../../../Engine/Content/Slate/Fonts/Roboto-Regular.ttf' (155K)
[2017.10.14-05.50.08:455][174]LogContentBrowser: Native class hierarchy updated for 'BlueprintGraph' in 0.0010 seconds. Added 113 classes and 0 folders.
[2017.10.14-05.50.23:953][953]LogSlate: Took 0.019037 seconds to synchronously load lazily loaded font '../../../Engine/Content/Editor/Slate/Fonts/Roboto-BoldCondensed.ttf' (158K)
[2017.10.14-05.50.25:498][ 31]LogSlate: Took 0.121822 seconds to synchronously load lazily loaded font '../../../Engine/Content/Editor/Slate/Fonts/Roboto-Italic.ttf' (157K)
[2017.10.14-05.58.27:653][453]LogSlate: Took 0.025627 seconds to synchronously load lazily loaded font '../../../Engine/Content/Editor/Slate/Fonts/Roboto-BoldCondensedItalic.ttf' (160K)
[2017.10.14-05.58.44:587][469]BlueprintLog: New page: Compile MovingPlatformBP
[2017.10.14-06.00.07:430][671]LogFileHelpers: Editor autosave (incl. sublevels) for '/Game/2DSideScrollerBP/Blueprints/Level1' took 0.018
[2017.10.14-06.00.07:431][671]OBJ SavePackage: Generating thumbnails for [0] asset(s) in package [/Game/2DSideScrollerBP/Blueprints/MovingPlatformBP] ([1] browsable assets)...
[2017.10.14-06.00.07:431][671]OBJ SavePackage: Finished generating thumbnails for package [/Game/2DSideScrollerBP/Blueprints/MovingPlatformBP]
[2017.10.14-06.00.07:443][671]LogSavePackage: Save=10.42ms
[2017.10.14-06.00.07:443][671]LogSavePackage: Moving 'D:/Workspace/Unreal/GameDevTutorial2/Saved/MovingPlatformBP_Auto2A07D3BB34D65A84ABA63ACAB4ACD0A7B.tmp' to 'D:/Workspace/Unreal/GameDevTutorial2/Saved/Autosaves/Game/2DSideScrollerBP/Blueprints/MovingPlatformBP_Auto2.uasset'
[2017.10.14-06.00.07:444][671]LogSavePackage: Display: Finished SavePackage D:/Workspace/Unreal/GameDevTutorial2/Saved/Autosaves/Game/2DSideScrollerBP/Blueprints/MovingPlatformBP_Auto2.uasset
[2017.10.14-06.00.07:444][671]LogFileHelpers: Auto-saving content packages took 0.014
[2017.10.14-06.16.32:531][874]LogFileHelpers: Editor autosave (incl. sublevels) for '/Game/2DSideScrollerBP/Blueprints/Level1' took 0.018
[2017.10.14-06.16.32:533][874]OBJ SavePackage: Generating thumbnails for [0] asset(s) in package [/Game/2DSideScrollerBP/Blueprints/MovingPlatformBP] ([1] browsable assets)...
[2017.10.14-06.16.32:533][874]OBJ SavePackage: Finished generating thumbnails for package [/Game/2DSideScrollerBP/Blueprints/MovingPlatformBP]
[2017.10.14-06.16.32:585][874]LogSavePackage: Save=50.68ms
[2017.10.14-06.16.32:585][874]LogSavePackage: Moving 'D:/Workspace/Unreal/GameDevTutorial2/Saved/MovingPlatformBP_Auto3205D629545E15FEA72B5E8B7F6419833.tmp' to 'D:/Workspace/Unreal/GameDevTutorial2/Saved/Autosaves/Game/2DSideScrollerBP/Blueprints/MovingPlatformBP_Auto3.uasset'
[2017.10.14-06.16.32:586][874]LogSavePackage: Display: Finished SavePackage D:/Workspace/Unreal/GameDevTutorial2/Saved/Autosaves/Game/2DSideScrollerBP/Blueprints/MovingPlatformBP_Auto3.uasset
[2017.10.14-06.16.32:586][874]LogFileHelpers: Auto-saving content packages took 0.054
[2017.10.14-06.17.31:009][360]Cmd: OBJ SAVEPACKAGE PACKAGE="/Game/2DSideScrollerBP/Blueprints/MovingPlatformBP" FILE="D:/Workspace/Unreal/GameDevTutorial2/Content/2DSideScrollerBP/Blueprints/MovingPlatformBP.uasset" SILENT=true
[2017.10.14-06.17.31:043][360]LogSavePackage: Save=17.73ms
[2017.10.14-06.17.31:043][360]LogSavePackage: Moving 'D:/Workspace/Unreal/GameDevTutorial2/Saved/MovingPlatformBP0A88646549C321E28E057385EE761E1C.tmp' to 'D:/Workspace/Unreal/GameDevTutorial2/Content/2DSideScrollerBP/Blueprints/MovingPlatformBP.uasset'
[2017.10.14-06.17.31:049][360]LogSavePackage: Display: Finished SavePackage D:/Workspace/Unreal/GameDevTutorial2/Content/2DSideScrollerBP/Blueprints/MovingPlatformBP.uasset
[2017.10.14-06.18.44:868][697]LogEditorTransaction: Undo Move Nodes
[2017.10.14-06.18.57:272][425]LogHttp: Warning: 0000022122430B80: request failed, libcurl error: 0 (No error)
[2017.10.14-06.18.57:272][425]LogHttp: Warning: 0000022122430B80: libcurl info message cache 0 (Found bundle for host datarouter.ol.epicgames.com: 0x2217eea3fe8 [can pipeline])
[2017.10.14-06.18.57:272][425]LogHttp: Warning: 0000022122430B80: libcurl info message cache 1 (Re-using existing connection! (#12) with host datarouter.ol.epicgames.com)
[2017.10.14-06.18.57:272][425]LogHttp: Warning: 0000022122430B80: libcurl info message cache 2 (Connected to datarouter.ol.epicgames.com (52.204.12.192) port 443 (#12))
[2017.10.14-06.18.57:272][425]LogHttp: Warning: 0000022122430B80: libcurl info message cache 3 (upload completely sent off: 1114 out of 1114 bytes)
[2017.10.14-06.18.57:272][425]LogHttp: Warning: 0000022122430B80: libcurl info message cache 4 (Closing connection 12)
[2017.10.14-06.18.57:272][425]LogHttp: Warning: 0000022122430B80: libcurl info message cache 5 (TLSv1.2 (OUT), TLS alert, Client hello (1):)
[2017.10.14-06.26.34:293][  7]LogFileHelpers: Editor autosave (incl. sublevels) for '/Game/2DSideScrollerBP/Blueprints/Level1' took 0.022
[2017.10.14-06.26.34:481][  7]OBJ SavePackage: Generating thumbnails for [0] asset(s) in package [/Game/2DSideScrollerBP/Blueprints/MovingPlatformBP] ([1] browsable assets)...
[2017.10.14-06.26.34:481][  7]OBJ SavePackage: Finished generating thumbnails for package [/Game/2DSideScrollerBP/Blueprints/MovingPlatformBP]
[2017.10.14-06.26.34:659][  7]LogSavePackage: Save=134.75ms
[2017.10.14-06.26.34:659][  7]LogSavePackage: Moving 'D:/Workspace/Unreal/GameDevTutorial2/Saved/MovingPlatformBP_Auto4B10188754A35B4810607DDA8A63ADBAC.tmp' to 'D:/Workspace/Unreal/GameDevTutorial2/Saved/Autosaves/Game/2DSideScrollerBP/Blueprints/MovingPlatformBP_Auto4.uasset'
[2017.10.14-06.26.34:660][  7]LogSavePackage: Display: Finished SavePackage D:/Workspace/Unreal/GameDevTutorial2/Saved/Autosaves/Game/2DSideScrollerBP/Blueprints/MovingPlatformBP_Auto4.uasset
[2017.10.14-06.26.34:660][  7]LogFileHelpers: Auto-saving content packages took 0.180
[2017.10.14-06.31.03:745][ 17]Cmd: TRANSACTION UNDO
[2017.10.14-06.31.03:745][ 17]LogEditorTransaction: Undo Create Pin Link
[2017.10.14-06.31.04:222][ 42]LogEditorTransaction: Undo Move Node
[2017.10.14-06.31.04:548][ 60]LogEditorTransaction: Undo Move Node
[2017.10.14-06.31.05:039][ 88]LogEditorTransaction: Undo Create Pin Link
[2017.10.14-06.31.06:171][154]LogEditorTransaction: Redo Create Pin Link
[2017.10.14-06.31.06:364][164]LogEditorTransaction: Redo Move Node
[2017.10.14-06.31.06:473][169]LogEditorTransaction: Redo Move Node
[2017.10.14-06.31.06:646][178]LogEditorTransaction: Redo Create Pin Link
[2017.10.14-06.33.16:015][914]Cmd: TRANSACTION UNDO
[2017.10.14-06.33.16:015][914]LogEditorTransaction: Undo Add Node
[2017.10.14-06.33.17:248][986]LogEditorTransaction: Redo Add Node
[2017.10.14-06.36.35:107][809]LogFileHelpers: Editor autosave (incl. sublevels) for '/Game/2DSideScrollerBP/Blueprints/Level1' took 0.024
[2017.10.14-06.36.35:108][809]OBJ SavePackage: Generating thumbnails for [0] asset(s) in package [/Game/2DSideScrollerBP/Blueprints/MovingPlatformBP] ([1] browsable assets)...
[2017.10.14-06.36.35:108][809]OBJ SavePackage: Finished generating thumbnails for package [/Game/2DSideScrollerBP/Blueprints/MovingPlatformBP]
[2017.10.14-06.36.35:226][809]LogSavePackage: Save=20.85ms
[2017.10.14-06.36.35:226][809]LogSavePackage: Moving 'D:/Workspace/Unreal/GameDevTutorial2/Saved/MovingPlatformBP_Auto5B38A34584F8EC1F9D94B398E66FA2DDB.tmp' to 'D:/Workspace/Unreal/GameDevTutorial2/Saved/Autosaves/Game/2DSideScrollerBP/Blueprints/MovingPlatformBP_Auto5.uasset'
[2017.10.14-06.36.35:228][809]LogSavePackage: Display: Finished SavePackage D:/Workspace/Unreal/GameDevTutorial2/Saved/Autosaves/Game/2DSideScrollerBP/Blueprints/MovingPlatformBP_Auto5.uasset
[2017.10.14-06.36.35:228][809]LogFileHelpers: Auto-saving content packages took 0.120
[2017.10.14-06.43.16:349][213]Cmd: TRANSACTION UNDO
[2017.10.14-06.43.16:349][213]LogEditorTransaction: Undo Add Node
[2017.10.14-06.43.17:404][274]LogEditorTransaction: Redo Add Node
[2017.10.14-06.46.23:680][379]BlueprintLog: New page: Collapse to Macro
[2017.10.14-06.47.33:465][ 49]LogFileHelpers: Editor autosave (incl. sublevels) for '/Game/2DSideScrollerBP/Blueprints/Level1' took 0.021
[2017.10.14-06.47.33:467][ 49]OBJ SavePackage: Generating thumbnails for [0] asset(s) in package [/Game/2DSideScrollerBP/Blueprints/MovingPlatformBP] ([1] browsable assets)...
[2017.10.14-06.47.33:467][ 49]OBJ SavePackage: Finished generating thumbnails for package [/Game/2DSideScrollerBP/Blueprints/MovingPlatformBP]
[2017.10.14-06.47.33:521][ 49]LogSavePackage: Save=37.66ms
[2017.10.14-06.47.33:521][ 49]LogSavePackage: Moving 'D:/Workspace/Unreal/GameDevTutorial2/Saved/MovingPlatformBP_Auto6BE0FE0C74B5C37C5B1D8EFB7FE6ADAE0.tmp' to 'D:/Workspace/Unreal/GameDevTutorial2/Saved/Autosaves/Game/2DSideScrollerBP/Blueprints/MovingPlatformBP_Auto6.uasset'
[2017.10.14-06.47.33:522][ 49]LogSavePackage: Display: Finished SavePackage D:/Workspace/Unreal/GameDevTutorial2/Saved/Autosaves/Game/2DSideScrollerBP/Blueprints/MovingPlatformBP_Auto6.uasset
[2017.10.14-06.47.33:522][ 49]LogFileHelpers: Auto-saving content packages took 0.056
[2017.10.14-06.57.51:961][487]BlueprintLog: New page: Collapse to Macro
[2017.10.14-06.58.38:257][248]BlueprintLog: New page: Compile MovingPlatformBP
[2017.10.14-06.59.12:893][300]LogFileHelpers: Editor autosave (incl. sublevels) for '/Game/2DSideScrollerBP/Blueprints/Level1' took 0.020
[2017.10.14-06.59.12:895][300]OBJ SavePackage: Generating thumbnails for [0] asset(s) in package [/Game/2DSideScrollerBP/Blueprints/MovingPlatformBP] ([1] browsable assets)...
[2017.10.14-06.59.12:895][300]OBJ SavePackage: Finished generating thumbnails for package [/Game/2DSideScrollerBP/Blueprints/MovingPlatformBP]
[2017.10.14-06.59.12:928][300]LogSavePackage: Save=31.33ms
[2017.10.14-06.59.12:928][300]LogSavePackage: Moving 'D:/Workspace/Unreal/GameDevTutorial2/Saved/MovingPlatformBP_Auto7C60E52784126B3F9FAA590904C5546FB.tmp' to 'D:/Workspace/Unreal/GameDevTutorial2/Saved/Autosaves/Game/2DSideScrollerBP/Blueprints/MovingPlatformBP_Auto7.uasset'
[2017.10.14-06.59.12:929][300]LogSavePackage: Display: Finished SavePackage D:/Workspace/Unreal/GameDevTutorial2/Saved/Autosaves/Game/2DSideScrollerBP/Blueprints/MovingPlatformBP_Auto7.uasset
[2017.10.14-06.59.12:929][300]LogFileHelpers: Auto-saving content packages took 0.035
[2017.10.14-07.09.13:546][444]LogFileHelpers: Editor autosave (incl. sublevels) for '/Game/2DSideScrollerBP/Blueprints/Level1' took 0.023
[2017.10.14-07.09.13:548][444]OBJ SavePackage: Generating thumbnails for [0] asset(s) in package [/Game/2DSideScrollerBP/Blueprints/MovingPlatformBP] ([1] browsable assets)...
[2017.10.14-07.09.13:548][444]OBJ SavePackage: Finished generating thumbnails for package [/Game/2DSideScrollerBP/Blueprints/MovingPlatformBP]
[2017.10.14-07.09.13:693][444]LogSavePackage: Save=45.92ms
[2017.10.14-07.09.13:693][444]LogSavePackage: Moving 'D:/Workspace/Unreal/GameDevTutorial2/Saved/MovingPlatformBP_Auto862016A174757135C7995CA85282BD05A.tmp' to 'D:/Workspace/Unreal/GameDevTutorial2/Saved/Autosaves/Game/2DSideScrollerBP/Blueprints/MovingPlatformBP_Auto8.uasset'
[2017.10.14-07.09.13:693][444]LogSavePackage: Display: Finished SavePackage D:/Workspace/Unreal/GameDevTutorial2/Saved/Autosaves/Game/2DSideScrollerBP/Blueprints/MovingPlatformBP_Auto8.uasset
[2017.10.14-07.09.13:693][444]LogFileHelpers: Auto-saving content packages took 0.146
[2017.10.14-07.18.28:402][ 75]LogRenderer: Reallocating scene render targets to support 1208x900 Format 10 NumSamples 1 (Frame:29075).
[2017.10.14-07.18.32:197][155]LogSavePackage: Save=13.60ms
[2017.10.14-07.18.32:197][155]LogSavePackage: Moving 'D:/Workspace/Unreal/GameDevTutorial2/Saved/Level1D6AC58D24E0D7CDD16C124AE5E9C1912.tmp' to 'D:/Workspace/Unreal/GameDevTutorial2/Content/2DSideScrollerBP/Blueprints/Level1.umap'
[2017.10.14-07.18.32:216][155]LogSavePackage: Display: Finished SavePackage D:/Workspace/Unreal/GameDevTutorial2/Content/2DSideScrollerBP/Blueprints/Level1.umap
[2017.10.14-07.18.32:234][155]LogFileHelpers: Saving map 'Level1' took 0.572
[2017.10.14-07.18.32:238][155]Cmd: OBJ SAVEPACKAGE PACKAGE="/Game/2DSideScrollerBP/Blueprints/MovingPlatformBP" FILE="D:/Workspace/Unreal/GameDevTutorial2/Content/2DSideScrollerBP/Blueprints/MovingPlatformBP.uasset" SILENT=true
[2017.10.14-07.18.32:296][155]LogSavePackage: Save=56.70ms
[2017.10.14-07.18.32:296][155]LogSavePackage: Moving 'D:/Workspace/Unreal/GameDevTutorial2/Saved/MovingPlatformBP64CC887A4BF1B6E5B9FB13BC9CCFBEC9.tmp' to 'D:/Workspace/Unreal/GameDevTutorial2/Content/2DSideScrollerBP/Blueprints/MovingPlatformBP.uasset'
[2017.10.14-07.18.32:297][155]LogSavePackage: Display: Finished SavePackage D:/Workspace/Unreal/GameDevTutorial2/Content/2DSideScrollerBP/Blueprints/MovingPlatformBP.uasset
[2017.10.14-07.18.32:479][155]LogWindowsTextInputMethodSystem: Display: IME system now deactivated.
[2017.10.14-07.18.32:481][155]LogWindowsTextInputMethodSystem: Display: IME system now deactivated.
[2017.10.14-07.18.32:824][156]Cmd: QUIT_EDITOR
[2017.10.14-07.18.36:004][156]LogExit: Preparing to exit.
[2017.10.14-07.18.37:130][156]LogExit: Editor shut down
[2017.10.14-07.18.37:157][156]LogExit: Transaction tracking system shut down
[2017.10.14-07.18.37:304][156]LogDirectoryWatcher: A directory notification for '../../../Engine/Content/' was aborted.
[2017.10.14-07.18.37:304][156]LogDirectoryWatcher: A directory notification for 'D:/Workspace/Unreal/GameDevTutorial2/Content/' was aborted.
[2017.10.14-07.18.37:304][156]LogDirectoryWatcher: A directory notification for '../../../Engine/Plugins/2D/Paper2D/Content/' was aborted.
[2017.10.14-07.18.37:304][156]LogDirectoryWatcher: A directory notification for '../../../Engine/Plugins/Runtime/Oculus/OculusVR/Content/' was aborted.
[2017.10.14-07.18.37:304][156]LogDirectoryWatcher: A directory notification for '../../../Engine/Plugins/Runtime/Steam/SteamVR/Content/' was aborted.
[2017.10.14-07.18.37:442][156]LogExit: Object subsystem successfully closed.
[2017.10.14-07.18.37:466][156]LogD3D11RHI: Shutdown
[2017.10.14-07.18.37:466][156]LogD3D11RHI: CleanupD3DDevice
[2017.10.14-07.18.37:604][156]LogD3D11RHI: ~FD3D11DynamicRHI
[2017.10.14-07.18.37:646][156]LogModuleManager: Shutting down and abandoning module BlueprintGraph (536)
[2017.10.14-07.18.37:646][156]LogModuleManager: Shutting down and abandoning module BlueprintProfiler (534)
[2017.10.14-07.18.37:646][156]LogModuleManager: Shutting down and abandoning module MovieSceneCapture (532)
[2017.10.14-07.18.37:646][156]LogModuleManager: Shutting down and abandoning module HierarchicalLODOutliner (530)
[2017.10.14-07.18.37:646][156]LogModuleManager: Shutting down and abandoning module SceneOutliner (528)
[2017.10.14-07.18.37:646][156]LogModuleManager: Shutting down and abandoning module AddContentDialog (526)
[2017.10.14-07.18.37:647][156]LogDirectoryWatcher: A directory notification for 'C:/Program Files/Epic Games/UE_4.17/FeaturePacks/' was aborted.
[2017.10.14-07.18.37:653][156]LogModuleManager: Shutting down and abandoning module WidgetCarousel (525)
[2017.10.14-07.18.37:653][156]LogModuleManager: Shutting down and abandoning module EditorWidgets (522)
[2017.10.14-07.18.37:653][156]LogModuleManager: Shutting down and abandoning module CollectionManager (520)
[2017.10.14-07.18.37:653][156]LogDirectoryWatcher: A directory notification for 'D:/Workspace/Unreal/GameDevTutorial2/Content/Collections/' was aborted.
[2017.10.14-07.18.37:653][156]LogDirectoryWatcher: A directory notification for 'D:/Workspace/Unreal/GameDevTutorial2/Content/Developers/Admin/Collections/' was aborted.
[2017.10.14-07.18.37:653][156]LogDirectoryWatcher: A directory notification for 'D:/Workspace/Unreal/GameDevTutorial2/Saved/Collections/' was aborted.
[2017.10.14-07.18.37:653][156]LogModuleManager: Shutting down and abandoning module StatsViewer (518)
[2017.10.14-07.18.37:653][156]LogModuleManager: Shutting down and abandoning module FoliageEdit (516)
[2017.10.14-07.18.37:653][156]LogModuleManager: Shutting down and abandoning module LandscapeEditor (514)
[2017.10.14-07.18.37:653][156]LogModuleManager: Shutting down and abandoning module MeshPaintMode (512)
[2017.10.14-07.18.37:653][156]LogModuleManager: Shutting down and abandoning module SceneDepthPickerMode (510)
[2017.10.14-07.18.37:653][156]LogModuleManager: Shutting down and abandoning module ActorPickerMode (508)
[2017.10.14-07.18.37:653][156]LogModuleManager: Shutting down and abandoning module GeometryMode (506)
[2017.10.14-07.18.37:653][156]LogModuleManager: Shutting down and abandoning module TextureAlignMode (504)
[2017.10.14-07.18.37:653][156]LogModuleManager: Shutting down and abandoning module BspMode (502)
[2017.10.14-07.18.37:653][156]LogModuleManager: Shutting down and abandoning module PIEPreviewDeviceProfileSelector (500)
[2017.10.14-07.18.37:653][156]LogModuleManager: Shutting down and abandoning module HardwareSurvey (498)
[2017.10.14-07.18.37:654][156]LogModuleManager: Shutting down and abandoning module SequenceRecorderSections (496)
[2017.10.14-07.18.37:654][156]LogModuleManager: Shutting down and abandoning module AutomationWorker (494)
[2017.10.14-07.18.37:654][156]LogModuleManager: Shutting down and abandoning module MatineeToLevelSequence (492)
[2017.10.14-07.18.37:654][156]LogModuleManager: Shutting down and abandoning module LevelSequenceEditor (490)
[2017.10.14-07.18.37:654][156]LogModuleManager: Shutting down and abandoning module PlacementMode (489)
[2017.10.14-07.18.37:654][156]LogModuleManager: Shutting down and abandoning module WmfMediaFactory (486)
[2017.10.14-07.18.37:654][156]LogModuleManager: Shutting down and abandoning module WmfMediaEditor (484)
[2017.10.14-07.18.37:654][156]LogModuleManager: Shutting down and abandoning module AvfMediaFactory (482)
[2017.10.14-07.18.37:654][156]LogModuleManager: Shutting down and abandoning module AvfMediaEditor (480)
[2017.10.14-07.18.37:654][156]LogModuleManager: Shutting down and abandoning module AndroidMediaFactory (478)
[2017.10.14-07.18.37:654][156]LogModuleManager: Shutting down and abandoning module Media (477)
[2017.10.14-07.18.37:654][156]LogModuleManager: Shutting down and abandoning module AndroidMediaEditor (474)
[2017.10.14-07.18.37:654][156]LogModuleManager: Shutting down and abandoning module CharacterAI (472)
[2017.10.14-07.18.37:654][156]LogModuleManager: Shutting down and abandoning module AudioCapture (470)
[2017.10.14-07.18.37:654][156]LogModuleManager: Shutting down and abandoning module SequenceRecorder (469)
[2017.10.14-07.18.37:654][156]LogModuleManager: Shutting down and abandoning module SmartSnapping (466)
[2017.10.14-07.18.37:654][156]LogModuleManager: Shutting down and abandoning module SessionServices (464)
[2017.10.14-07.18.37:654][156]LogModuleManager: Shutting down and abandoning module ViewportSnapping (462)
[2017.10.14-07.18.37:654][156]LogModuleManager: Shutting down and abandoning module ViewportInteraction (460)
[2017.10.14-07.18.37:654][156]LogModuleManager: Shutting down and abandoning module ClothPainter (458)
[2017.10.14-07.18.37:654][156]LogModuleManager: Shutting down and abandoning module LogVisualizer (456)
[2017.10.14-07.18.37:654][156]LogModuleManager: Shutting down and abandoning module IntroTutorials (454)
[2017.10.14-07.18.37:654][156]LogModuleManager: Shutting down and abandoning module GameProjectGeneration (453)
[2017.10.14-07.18.37:654][156]LogModuleManager: Shutting down and abandoning module IOSPlatformEditor (450)
[2017.10.14-07.18.37:654][156]LogModuleManager: Shutting down and abandoning module HTML5PlatformEditor (448)
[2017.10.14-07.18.37:654][156]LogModuleManager: Shutting down and abandoning module AndroidPlatformEditor (446)
[2017.10.14-07.18.37:654][156]LogModuleManager: Shutting down and abandoning module AndroidDeviceDetection (445)
[2017.10.14-07.18.38:011][156]LogModuleManager: Shutting down and abandoning module WindowsPlatformEditor (442)
[2017.10.14-07.18.38:011][156]LogModuleManager: Shutting down and abandoning module IOSRuntimeSettings (440)
[2017.10.14-07.18.38:011][156]LogModuleManager: Shutting down and abandoning module AndroidRuntimeSettings (438)
[2017.10.14-07.18.38:012][156]LogModuleManager: Shutting down and abandoning module InputBindingEditor (436)
[2017.10.14-07.18.38:012][156]LogModuleManager: Shutting down and abandoning module MergeActors (434)
[2017.10.14-07.18.38:012][156]LogModuleManager: Shutting down and abandoning module SizeMap (432)
[2017.10.14-07.18.38:012][156]LogModuleManager: Shutting down and abandoning module TreeMap (430)
[2017.10.14-07.18.38:012][156]LogModuleManager: Shutting down and abandoning module ReferenceViewer (428)
[2017.10.14-07.18.38:012][156]LogModuleManager: Shutting down and abandoning module LocalizationDashboard (426)
[2017.10.14-07.18.38:012][156]LogModuleManager: Shutting down and abandoning module LocalizationService (425)
[2017.10.14-07.18.38:012][156]LogModuleManager: Shutting down and abandoning module HardwareTargeting (422)
[2017.10.14-07.18.38:012][156]LogModuleManager: Shutting down and abandoning module DeviceProfileEditor (420)
[2017.10.14-07.18.38:012][156]LogModuleManager: Shutting down and abandoning module UndoHistory (418)
[2017.10.14-07.18.38:012][156]LogModuleManager: Shutting down and abandoning module XmlParser (416)
[2017.10.14-07.18.38:012][156]LogModuleManager: Shutting down and abandoning module Blutility (414)
[2017.10.14-07.18.38:012][156]LogModuleManager: Shutting down and abandoning module ProjectSettingsViewer (412)
[2017.10.14-07.18.38:012][156]LogModuleManager: Shutting down and abandoning module ProjectTargetPlatformEditor (411)
[2017.10.14-07.18.38:013][156]LogModuleManager: Shutting down and abandoning module EditorSettingsViewer (408)
[2017.10.14-07.18.38:013][156]LogModuleManager: Shutting down and abandoning module SettingsEditor (406)
[2017.10.14-07.18.38:013][156]LogModuleManager: Shutting down and abandoning module ProjectLauncher (404)
[2017.10.14-07.18.38:013][156]LogModuleManager: Shutting down and abandoning module SessionFrontend (402)
[2017.10.14-07.18.38:013][156]LogModuleManager: Shutting down and abandoning module ProfilerClient (400)
[2017.10.14-07.18.38:013][156]LogModuleManager: Shutting down and abandoning module DeviceManager (398)
[2017.10.14-07.18.38:013][156]LogModuleManager: Shutting down and abandoning module TargetDeviceServices (397)
[2017.10.14-07.18.38:068][156]LogModuleManager: Shutting down and abandoning module AutomationController (394)
[2017.10.14-07.18.38:068][156]LogModuleManager: Shutting down and abandoning module AutomationWindow (392)
[2017.10.14-07.18.38:068][156]LogModuleManager: Shutting down and abandoning module Layers (390)
[2017.10.14-07.18.38:068][156]LogModuleManager: Shutting down and abandoning module ComponentVisualizers (388)
[2017.10.14-07.18.38:068][156]LogModuleManager: Shutting down and abandoning module DetailCustomizations (386)
[2017.10.14-07.18.38:068][156]LogModuleManager: Shutting down and abandoning module PackagesDialog (384)
[2017.10.14-07.18.38:068][156]LogModuleManager: Shutting down and abandoning module Persona (382)
[2017.10.14-07.18.38:068][156]LogModuleManager: Shutting down and abandoning module AdvancedPreviewScene (381)
[2017.10.14-07.18.38:068][156]LogModuleManager: Shutting down and abandoning module AnimGraph (379)
[2017.10.14-07.18.38:068][156]LogModuleManager: Shutting down and abandoning module Kismet (376)
[2017.10.14-07.18.38:081][156]LogModuleManager: Shutting down and abandoning module ClassViewer (374)
[2017.10.14-07.18.38:081][156]LogModuleManager: Shutting down and abandoning module Toolbox (372)
[2017.10.14-07.18.38:081][156]LogModuleManager: Shutting down and abandoning module ModuleUI (370)
[2017.10.14-07.18.38:081][156]LogModuleManager: Shutting down and abandoning module MovieSceneTools (368)
[2017.10.14-07.18.38:081][156]LogModuleManager: Shutting down and abandoning module OutputLog (366)
[2017.10.14-07.18.38:081][156]LogModuleManager: Shutting down and abandoning module GammaUI (364)
[2017.10.14-07.18.38:081][156]LogModuleManager: Shutting down and abandoning module Documentation (362)
[2017.10.14-07.18.38:082][156]LogModuleManager: Shutting down and abandoning module MovieSceneTracks (360)
[2017.10.14-07.18.38:082][156]LogModuleManager: Shutting down and abandoning module MovieScene (358)
[2017.10.14-07.18.38:082][156]LogModuleManager: Shutting down and abandoning module Niagara (356)
[2017.10.14-07.18.38:082][156]LogModuleManager: Shutting down and abandoning module NiagaraEditor (355)
[2017.10.14-07.18.38:082][156]LogModuleManager: Shutting down and abandoning module StreamingPauseRendering (352)
[2017.10.14-07.18.38:082][156]LogModuleManager: Shutting down and abandoning module LauncherPlatform (350)
[2017.10.14-07.18.38:082][156]LogModuleManager: Shutting down and abandoning module AnalyticsET (348)
[2017.10.14-07.18.38:082][156]LogModuleManager: Shutting down and abandoning module PortalServices (346)
[2017.10.14-07.18.38:082][156]LogModuleManager: Shutting down and abandoning module PortalRpc (344)
[2017.10.14-07.18.38:082][156]LogModuleManager: Shutting down and abandoning module MessagingRpc (342)
[2017.10.14-07.18.38:082][156]LogModuleManager: Shutting down and abandoning module AIModule (340)
[2017.10.14-07.18.38:082][156]LogModuleManager: Shutting down and abandoning module GameplayDebugger (339)
[2017.10.14-07.18.38:082][156]LogModuleManager: Shutting down and abandoning module AITestSuite (337)
[2017.10.14-07.18.38:082][156]LogModuleManager: Shutting down and abandoning module ProfilerService (334)
[2017.10.14-07.18.38:265][156]LogModuleManager: Shutting down and abandoning module TaskGraph (332)
[2017.10.14-07.18.38:265][156]LogModuleManager: Shutting down and abandoning module SteamVRController (330)
[2017.10.14-07.18.38:265][156]LogModuleManager: Shutting down and abandoning module ProceduralMeshComponentEditor (328)
[2017.10.14-07.18.38:265][156]LogModuleManager: Shutting down and abandoning module ProceduralMeshComponent (326)
[2017.10.14-07.18.38:265][156]LogModuleManager: Shutting down and abandoning module OculusInput (324)
[2017.10.14-07.18.38:265][156]LogModuleManager: Shutting down and abandoning module MobilePatchingUtils (322)
[2017.10.14-07.18.38:265][156]LogModuleManager: Shutting down and abandoning module CustomMeshComponent (320)
[2017.10.14-07.18.38:265][156]LogModuleManager: Shutting down and abandoning module CableComponent (318)
[2017.10.14-07.18.38:265][156]LogModuleManager: Shutting down and abandoning module ArchVisCharacter (316)
[2017.10.14-07.18.38:265][156]LogModuleManager: Shutting down and abandoning module AndroidPermission (314)
[2017.10.14-07.18.38:265][156]LogModuleManager: Shutting down and abandoning module MediaPlayerEditor (310)
[2017.10.14-07.18.38:265][156]LogModuleManager: Shutting down and abandoning module HTML5Networking (308)
[2017.10.14-07.18.38:265][156]LogModuleManager: Shutting down and abandoning module AlembicImporter (306)
[2017.10.14-07.18.38:265][156]LogModuleManager: Shutting down and abandoning module AlembicLibrary (305)
[2017.10.14-07.18.38:265][156]LogModuleManager: Shutting down and abandoning module GeometryCache (304)
[2017.10.14-07.18.38:265][156]LogModuleManager: Shutting down and abandoning module GeometryCacheEd (303)
[2017.10.14-07.18.38:265][156]LogModuleManager: Shutting down and abandoning module SpeedTreeImporter (298)
[2017.10.14-07.18.38:265][156]LogModuleManager: Shutting down and abandoning module PluginBrowser (296)
[2017.10.14-07.18.38:266][156]LogModuleManager: Shutting down and abandoning module MobileLauncherProfileWizard (294)
[2017.10.14-07.18.38:266][156]LogModuleManager: Shutting down and abandoning module VisualStudioSourceCodeAccess (292)
[2017.10.14-07.18.38:266][156]LogModuleManager: Shutting down and abandoning module DesktopPlatform (291)
[2017.10.14-07.18.38:266][156]LogModuleManager: Shutting down and abandoning module UObjectPlugin (288)
[2017.10.14-07.18.38:266][156]LogModuleManager: Shutting down and abandoning module SubversionSourceControl (286)
[2017.10.14-07.18.38:266][156]LogModuleManager: Shutting down and abandoning module PerforceSourceControl (284)
[2017.10.14-07.18.38:266][156]LogModuleManager: Shutting down and abandoning module GitSourceControl (282)
[2017.10.14-07.18.38:266][156]LogModuleManager: Shutting down and abandoning module SourceControl (281)
[2017.10.14-07.18.38:267][156]LogModuleManager: Shutting down and abandoning module LightPropagationVolumeEditor (278)
[2017.10.14-07.18.38:267][156]LogModuleManager: Shutting down and abandoning module PaperTiledImporter (276)
[2017.10.14-07.18.38:267][156]LogModuleManager: Shutting down and abandoning module PaperSpriteSheetImporter (274)
[2017.10.14-07.18.38:267][156]LogModuleManager: Shutting down and abandoning module Paper2DEditor (272)
[2017.10.14-07.18.38:267][156]LogModuleManager: Shutting down and abandoning module MeshPaint (271)
[2017.10.14-07.18.38:267][156]LogModuleManager: Shutting down and abandoning module LevelEditor (269)
[2017.10.14-07.18.38:270][156]LogModuleManager: Shutting down and abandoning module PixelInspectorModule (268)
[2017.10.14-07.18.38:270][156]LogModuleManager: Shutting down and abandoning module MainFrame (266)
[2017.10.14-07.18.38:270][156]LogModuleManager: Shutting down and abandoning module HotReload (265)
[2017.10.14-07.18.38:270][156]LogModuleManager: Shutting down and abandoning module RuntimePhysXCooking (260)
[2017.10.14-07.18.38:270][156]LogModuleManager: Shutting down and abandoning module PhysXVehiclesEditor (258)
[2017.10.14-07.18.38:270][156]LogModuleManager: Shutting down and abandoning module PhysXVehicles (256)
[2017.10.14-07.18.38:270][156]LogModuleManager: Shutting down and abandoning module OculusEditor (254)
[2017.10.14-07.18.38:270][156]LogModuleManager: Shutting down and abandoning module LocationServicesBPLibrary (252)
[2017.10.14-07.18.38:270][156]LogModuleManager: Shutting down and abandoning module ImmediatePhysicsEditor (250)
[2017.10.14-07.18.38:270][156]LogModuleManager: Shutting down and abandoning module ImmediatePhysics (248)
[2017.10.14-07.18.38:270][156]LogModuleManager: Shutting down and abandoning module UdpMessaging (246)
[2017.10.14-07.18.38:371][156]LogModuleManager: Shutting down and abandoning module TcpMessaging (244)
[2017.10.14-07.18.38:471][156]LogModuleManager: Shutting down and abandoning module GameplayTagsEditor (242)
[2017.10.14-07.18.38:471][156]LogModuleManager: Shutting down and abandoning module FacialAnimationEditor (240)
[2017.10.14-07.18.38:471][156]LogModuleManager: Shutting down and abandoning module FacialAnimation (238)
[2017.10.14-07.18.38:471][156]LogModuleManager: Shutting down and abandoning module AssetManagerEditor (236)
[2017.10.14-07.18.38:471][156]LogModuleManager: Shutting down and abandoning module GraphEditor (235)
[2017.10.14-07.18.38:471][156]LogModuleManager: Shutting down and abandoning module ContentBrowser (233)
[2017.10.14-07.18.38:476][156]LogModuleManager: Shutting down and abandoning module LightPropagationVolumeRuntime (230)
[2017.10.14-07.18.38:476][156]LogModuleManager: Shutting down and abandoning module Paper2D (228)
[2017.10.14-07.18.38:476][156]LogModuleManager: Shutting down and abandoning module WindowsMoviePlayer (226)
[2017.10.14-07.18.38:477][156]LogModuleManager: Shutting down and abandoning module WmfMedia (224)
[2017.10.14-07.18.38:477][156]LogModuleManager: Shutting down and abandoning module PacketHandler (222)
[2017.10.14-07.18.38:477][156]LogModuleManager: Shutting down and abandoning module ClothingSystemEditor (220)
[2017.10.14-07.18.38:477][156]LogModuleManager: Shutting down and abandoning module ClothingSystemRuntime (218)
[2017.10.14-07.18.38:477][156]LogModuleManager: Shutting down and abandoning module Overlay (216)
[2017.10.14-07.18.38:477][156]LogModuleManager: Shutting down and abandoning module OverlayEditor (215)
[2017.10.14-07.18.38:477][156]LogModuleManager: Shutting down and abandoning module MediaAssets (212)
[2017.10.14-07.18.38:477][156]LogModuleManager: Shutting down and abandoning module VREditor (210)
[2017.10.14-07.18.38:477][156]LogModuleManager: Shutting down and abandoning module StringTableEditor (208)
[2017.10.14-07.18.38:477][156]LogModuleManager: Shutting down and abandoning module GameplayTasksEditor (206)
[2017.10.14-07.18.38:477][156]LogModuleManager: Shutting down and abandoning module BehaviorTreeEditor (204)
[2017.10.14-07.18.38:477][156]LogModuleManager: Shutting down and abandoning module FunctionalTesting (202)
[2017.10.14-07.18.38:477][156]LogModuleManager: Shutting down and abandoning module CollisionAnalyzer (200)
[2017.10.14-07.18.38:477][156]LogModuleManager: Shutting down and abandoning module WorkspaceMenuStructure (199)
[2017.10.14-07.18.38:477][156]LogModuleManager: Shutting down and abandoning module UMG (196)
[2017.10.14-07.18.38:477][156]LogModuleManager: Shutting down and abandoning module UMGEditor (195)
[2017.10.14-07.18.38:477][156]LogModuleManager: Shutting down and abandoning module Sequencer (194)
[2017.10.14-07.18.38:477][156]LogModuleManager: Shutting down and abandoning module MessageLog (191)
[2017.10.14-07.18.38:477][156]LogModuleManager: Shutting down and abandoning module SlateReflector (186)
[2017.10.14-07.18.38:478][156]LogModuleManager: Shutting down and abandoning module Slate (184)
[2017.10.14-07.18.38:478][156]LogModuleManager: Shutting down and abandoning module EditorStyle (182)
[2017.10.14-07.18.38:483][156]LogModuleManager: Shutting down and abandoning module MRMesh (180)
[2017.10.14-07.18.38:483][156]LogModuleManager: Shutting down and abandoning module SourceCodeAccess (178)
[2017.10.14-07.18.38:483][156]LogModuleManager: Shutting down and abandoning module HeadMountedDisplay (176)
[2017.10.14-07.18.38:483][156]LogModuleManager: Shutting down and abandoning module XAudio2 (174)
[2017.10.14-07.18.38:483][156]LogModuleManager: Shutting down and abandoning module Networking (172)
[2017.10.14-07.18.38:483][156]LogModuleManager: Shutting down and abandoning module Core (168)
[2017.10.14-07.18.38:483][156]LogModuleManager: Shutting down and abandoning module KismetCompiler (164)
[2017.10.14-07.18.38:483][156]LogModuleManager: Shutting down and abandoning module LevelSequence (162)
[2017.10.14-07.18.38:483][156]LogModuleManager: Shutting down and abandoning module MeshUtilities (160)
[2017.10.14-07.18.38:483][156]LogModuleManager: Shutting down and abandoning module MeshMergeUtilities (159)
[2017.10.14-07.18.38:483][156]LogModuleManager: Shutting down and abandoning module MeshReductionInterface (158)
[2017.10.14-07.18.38:483][156]LogModuleManager: Shutting down and abandoning module SimplygonSwarm (157)
[2017.10.14-07.18.38:483][156]LogModuleManager: Shutting down and abandoning module SimplygonMeshReduction (155)
[2017.10.14-07.18.38:483][156]LogModuleManager: Shutting down and abandoning module QuadricMeshReduction (153)
[2017.10.14-07.18.38:483][156]LogModuleManager: Shutting down and abandoning module MaterialBaking (149)
[2017.10.14-07.18.38:483][156]LogModuleManager: Shutting down and abandoning module DirectoryWatcher (146)
[2017.10.14-07.18.38:488][156]LogModuleManager: Shutting down and abandoning module DerivedDataCache (144)
[2017.10.14-07.18.38:532][156]LogDerivedDataCache: Shutdown
[2017.10.14-07.18.38:532][156]LogModuleManager: Shutting down and abandoning module TargetPlatform (142)
[2017.10.14-07.18.38:532][156]LogModuleManager: Shutting down and abandoning module VulkanShaderFormat (141)
[2017.10.14-07.18.38:532][156]LogModuleManager: Shutting down and abandoning module ShaderFormatVectorVM (139)
[2017.10.14-07.18.38:532][156]LogModuleManager: Shutting down and abandoning module ShaderFormatOpenGL (137)
[2017.10.14-07.18.38:533][156]LogModuleManager: Shutting down and abandoning module ShaderFormatD3D (135)
[2017.10.14-07.18.38:533][156]LogModuleManager: Shutting down and abandoning module MetalShaderFormat (133)
[2017.10.14-07.18.38:533][156]LogModuleManager: Shutting down and abandoning module TextureFormatUncompressed (131)
[2017.10.14-07.18.38:533][156]LogModuleManager: Shutting down and abandoning module TextureFormatPVR (129)
[2017.10.14-07.18.38:533][156]LogModuleManager: Shutting down and abandoning module TextureFormatDXT (127)
[2017.10.14-07.18.38:533][156]LogModuleManager: Shutting down and abandoning module TextureFormatIntelISPCTexComp (125)
[2017.10.14-07.18.38:533][156]LogModuleManager: Shutting down and abandoning module TextureFormatASTC (123)
[2017.10.14-07.18.38:533][156]LogModuleManager: Shutting down and abandoning module ImageWrapper (122)
[2017.10.14-07.18.38:533][156]LogModuleManager: Shutting down and abandoning module TextureFormatAndroid (119)
[2017.10.14-07.18.38:533][156]LogModuleManager: Shutting down and abandoning module AudioFormatOpus (117)
[2017.10.14-07.18.38:533][156]LogModuleManager: Shutting down and abandoning module AudioFormatOgg (115)
[2017.10.14-07.18.38:533][156]LogModuleManager: Shutting down and abandoning module AudioFormatADPCM (113)
[2017.10.14-07.18.38:533][156]LogModuleManager: Shutting down and abandoning module LinuxTargetPlatform (111)
[2017.10.14-07.18.38:533][156]LogModuleManager: Shutting down and abandoning module LinuxServerTargetPlatform (109)
[2017.10.14-07.18.38:533][156]LogModuleManager: Shutting down and abandoning module LinuxNoEditorTargetPlatform (107)
[2017.10.14-07.18.38:533][156]LogModuleManager: Shutting down and abandoning module LinuxClientTargetPlatform (105)
[2017.10.14-07.18.38:533][156]LogModuleManager: Shutting down and abandoning module TVOSTargetPlatform (103)
[2017.10.14-07.18.38:533][156]LogModuleManager: Shutting down and abandoning module Messaging (101)
[2017.10.14-07.18.38:533][156]LogModuleManager: Shutting down and abandoning module IOSTargetPlatform (99)
[2017.10.14-07.18.38:533][156]LogModuleManager: Shutting down and abandoning module HTML5TargetPlatform (97)
[2017.10.14-07.18.38:533][156]LogModuleManager: Shutting down and abandoning module Android_PVRTCTargetPlatform (95)
[2017.10.14-07.18.38:533][156]LogModuleManager: Shutting down and abandoning module Android_MultiTargetPlatform (93)
[2017.10.14-07.18.38:533][156]LogModuleManager: Shutting down and abandoning module Android_ETC2TargetPlatform (91)
[2017.10.14-07.18.38:533][156]LogModuleManager: Shutting down and abandoning module Android_ETC1TargetPlatform (89)
[2017.10.14-07.18.38:533][156]LogModuleManager: Shutting down and abandoning module Android_DXTTargetPlatform (87)
[2017.10.14-07.18.38:533][156]LogModuleManager: Shutting down and abandoning module Android_ATCTargetPlatform (85)
[2017.10.14-07.18.38:533][156]LogModuleManager: Shutting down and abandoning module Android_ASTCTargetPlatform (83)
[2017.10.14-07.18.38:533][156]LogModuleManager: Shutting down and abandoning module AndroidTargetPlatform (81)
[2017.10.14-07.18.38:534][156]LogModuleManager: Shutting down and abandoning module WindowsTargetPlatform (79)
[2017.10.14-07.18.38:534][156]LogModuleManager: Shutting down and abandoning module WindowsServerTargetPlatform (77)
[2017.10.14-07.18.38:534][156]LogModuleManager: Shutting down and abandoning module WindowsNoEditorTargetPlatform (75)
[2017.10.14-07.18.38:534][156]LogModuleManager: Shutting down and abandoning module WindowsClientTargetPlatform (73)
[2017.10.14-07.18.38:534][156]LogModuleManager: Shutting down and abandoning module MacTargetPlatform (71)
[2017.10.14-07.18.38:534][156]LogModuleManager: Shutting down and abandoning module MacServerTargetPlatform (69)
[2017.10.14-07.18.38:534][156]LogModuleManager: Shutting down and abandoning module MacNoEditorTargetPlatform (67)
[2017.10.14-07.18.38:534][156]LogModuleManager: Shutting down and abandoning module MacClientTargetPlatform (65)
[2017.10.14-07.18.38:534][156]LogModuleManager: Shutting down and abandoning module AllDesktopTargetPlatform (63)
[2017.10.14-07.18.38:534][156]LogModuleManager: Shutting down and abandoning module InputCore (60)
[2017.10.14-07.18.38:534][156]LogModuleManager: Shutting down and abandoning module Settings (58)
[2017.10.14-07.18.38:534][156]LogModuleManager: Shutting down and abandoning module PhysXCooking (56)
[2017.10.14-07.18.38:534][156]LogModuleManager: Shutting down and abandoning module SteamVR (54)
[2017.10.14-07.18.38:534][156]LogModuleManager: Shutting down and abandoning module OculusHMD (52)
[2017.10.14-07.18.38:534][156]LogModuleManager: Shutting down and abandoning module ExampleDeviceProfileSelector (50)
[2017.10.14-07.18.38:534][156]LogModuleManager: Shutting down and abandoning module OnlineBlueprintSupport (48)
[2017.10.14-07.18.38:534][156]LogModuleManager: Shutting down and abandoning module OnlineSubsystem (44)
[2017.10.14-07.18.38:534][156]LogOnline: Display: Unloading online subsystem: NULL
[2017.10.14-07.18.38:534][156]LogModuleManager: Shutting down and abandoning module XMPP (43)
[2017.10.14-07.18.38:534][156]LogModuleManager: Shutting down and abandoning module HTTP (41)
[2017.10.14-07.18.38:534][156]LogHttp: Display: Http module shutting down, but needs to wait on 1 outstanding Http requests:
[2017.10.14-07.18.38:534][156]LogHttp: Display: 	verb=[POST] url=[https://datarouter.ol.epicgames.com/datarouter/api/v1/public/data?SessionID=%7BEAFA4AD8-47FF-6746-0F25-E98F99A0C9F8%7D&AppID=UEEditor.Rocket.Release&AppVersion=4.17.2-3658906%2B%2B%2BUE4%2BRelease-4.17&UserID=befe8b01461f6b7e699b7b9a4195d0f4%7C65be6e2357b84ad79381b1d7b2492de6%7C453bf187-8ca4-4de6-9f43-d71b1f41d715&AppEnvironment=datacollector-binary&UploadType=eteventstream] status=Processing
[2017.10.14-07.18.38:568][156]LogModuleManager: Shutting down and abandoning module SSL (40)
[2017.10.14-07.18.38:569][156]LogModuleManager: Shutting down and abandoning module AnimationModifiers (36)
[2017.10.14-07.18.38:569][156]LogModuleManager: Shutting down and abandoning module PropertyEditor (35)
[2017.10.14-07.18.38:569][156]LogModuleManager: Shutting down and abandoning module AudioEditor (32)
[2017.10.14-07.18.38:569][156]LogModuleManager: Shutting down and abandoning module TextureCompressor (30)
[2017.10.14-07.18.38:569][156]LogModuleManager: Shutting down and abandoning module ShaderCore (28)
[2017.10.14-07.18.38:569][156]LogModuleManager: Shutting down and abandoning module Landscape (26)
[2017.10.14-07.18.38:569][156]LogModuleManager: Shutting down and abandoning module SlateRHIRenderer (24)
[2017.10.14-07.18.38:575][156]LogModuleManager: Shutting down and abandoning module OpenGLDrv (22)
[2017.10.14-07.18.38:575][156]LogModuleManager: Shutting down and abandoning module D3D11RHI (20)
[2017.10.14-07.18.38:575][156]LogModuleManager: Shutting down and abandoning module AnimGraphRuntime (18)
[2017.10.14-07.18.38:575][156]LogModuleManager: Shutting down and abandoning module Renderer (16)
[2017.10.14-07.18.38:575][156]LogModuleManager: Shutting down and abandoning module Engine (14)
[2017.10.14-07.18.38:575][156]LogModuleManager: Shutting down and abandoning module CoreUObject (12)
[2017.10.14-07.18.38:575][156]LogModuleManager: Shutting down and abandoning module NetworkFile (10)
[2017.10.14-07.18.38:575][156]LogModuleManager: Shutting down and abandoning module CookedIterativeFile (8)
[2017.10.14-07.18.38:575][156]LogModuleManager: Shutting down and abandoning module StreamingFile (6)
[2017.10.14-07.18.38:575][156]LogModuleManager: Shutting down and abandoning module SandboxFile (4)
[2017.10.14-07.18.38:575][156]LogModuleManager: Shutting down and abandoning module PakFile (2)
[2017.10.14-07.18.38:581][156]LogExit: Exiting.
[2017.10.14-07.18.38:592][156]Log file closed, 10/14/17 14:18:38
